#
# A fatal error has been detected by the Java Runtime Environment:
#
#  SIGSEGV (0xb) at pc=0x0000000120017230, pid=72692, tid=4099
#
# JRE version: Java(TM) SE Runtime Environment (8.0_45-b14) (build 1.8.0_45-b14)
# Java VM: Java HotSpot(TM) 64-Bit Server VM (25.45-b02 mixed mode bsd-amd64 compressed oops)
# Problematic frame:
# C  [libR.dylib+0x24230]  getAttrib0+0x40
#
# Failed to write core dump. Core dumps have been disabled. To enable core dumping, try "ulimit -c unlimited" before starting Java again
#
# If you would like to submit a bug report, please visit:
#   http://bugreport.java.com/bugreport/crash.jsp
# The crash happened outside the Java Virtual Machine in native code.
# See problematic frame for where to report the bug.
#

---------------  T H R E A D  ---------------

Current thread (0x00007fb122005800):  JavaThread "main" [_thread_in_native, id=4099, stack(0x0000700000084000,0x0000700000184000)]

siginfo: si_signo: 11 (SIGSEGV), si_code: 0 (unknown), si_addr: 0x0000000000000000

Registers:
RAX=0x00007fb12116e178, RBX=0x00007fb12116ddf8, RCX=0x800007fb120e75e8, RDX=0x00007fb12116e178
RSP=0x0000700000181b90, RBP=0x0000700000181bc0, RSI=0x00007fb12116ddf8, RDI=0x00007fb120e5cf20
R8 =0x0000000000000001, R9 =0x00007fb120ea1660, R10=0x000000000bb4996f, R11=0x00007fb120e00000
R12=0x0000000120391fb8, R13=0x00007fb1219d87f0, R14=0x00007fb12116ddf8, R15=0x00007fb120e5cf20
RIP=0x0000000120017230, EFLAGS=0x0000000000010a02, ERR=0x0000000000000000
  TRAPNO=0x000000000000000d

Top of Stack: (sp=0x0000700000181b90)
0x0000700000181b90:   0000000120392028 00007fb12116ddf8
0x0000700000181ba0:   0000000120391fb8 00007fb1219d87f0
0x0000700000181bb0:   00007fb120e5cf20 800007fb120e75e8
0x0000700000181bc0:   0000700000181c00 00000001200175fb
0x0000700000181bd0:   0000000000000000 00007fb120e5cf20
0x0000700000181be0:   0000000000000000 0000700000181c60
0x0000700000181bf0:   0000000120391fb8 00007fb122005800
0x0000700000181c00:   0000700000181c20 000000011ffe8e04
0x0000700000181c10:   0000000795f2ae10 0000700000181c30
0x0000700000181c20:   0000700000181c70 0000000108bf204c
0x0000700000181c30:   0000000795f2ae10 0000000108bf1c26
0x0000700000181c40:   0000000796010aa0 0000000795f2ae10
0x0000700000181c50:   00007fb120e6e5c0 0000000100000001
0x0000700000181c60:   0000000000000001 00007fb120e6e5c0
0x0000700000181c70:   0000700000181ce8 0000000108a07760
0x0000700000181c80:   0000000108a07760 0000000796010aa0
0x0000700000181c90:   00007fb120e5cf20 00007fb122005800
0x0000700000181ca0:   0000000795f2ae10 0000700000181ca8
0x0000700000181cb0:   000000011ccef819 0000700000181d10
0x0000700000181cc0:   000000011ccf0b98 000000011ccf63d0
0x0000700000181cd0:   000000011ccef848 0000700000181c88
0x0000700000181ce0:   0000700000181d20 0000700000181dd0
0x0000700000181cf0:   0000000108c04854 0000000000000000
0x0000700000181d00:   0000000000000000 0000000796010aa0
0x0000700000181d10:   00000007970299c8 0000000108c04854
0x0000700000181d20:   0000000000000000 0000000797026130
0x0000700000181d30:   0000001900000004 000000079701e010
0x0000700000181d40:   000000079600ebd0 00000007970299c8
0x0000700000181d50:   0000000797029a20 0000000100000001
0x0000700000181d60:   0000000000000000 0000000797029db0
0x0000700000181d70:   0000700000181dd0 0000000108a079d0
0x0000700000181d80:   0000000108a079d0 00000007970299c8 

Instructions: (pc=0x0000000120017230)
0x0000000120017210:   48 8d 05 a1 ad 37 00 48 8b 00 49 8b 4f 08 48 39
0x0000000120017220:   c1 0f 84 b8 00 00 00 66 0f 1f 84 00 00 00 00 00
0x0000000120017230:   4c 39 71 30 0f 84 ad 00 00 00 48 8b 49 28 48 39
0x0000000120017240:   c1 75 ed 49 89 c7 e9 28 02 00 00 41 8b 07 83 e0 

Register to memory mapping:

RAX=0x00007fb12116e178 is an unknown value
RBX=0x00007fb12116ddf8 is an unknown value
RCX=0x800007fb120e75e8 is an unknown value
RDX=0x00007fb12116e178 is an unknown value
RSP=0x0000700000181b90 is pointing into the stack for thread: 0x00007fb122005800
RBP=0x0000700000181bc0 is pointing into the stack for thread: 0x00007fb122005800
RSI=0x00007fb12116ddf8 is an unknown value
RDI=0x00007fb120e5cf20 is an unknown value
R8 =0x0000000000000001 is an unknown value
R9 =0x00007fb120ea1660 is an unknown value
R10=0x000000000bb4996f is an unknown value
R11=0x00007fb120e00000 is an unknown value
R12=0x0000000120391fb8: R_NilValue+0 in /Library/Frameworks/R.framework/Versions/3.2/Resources/lib/libR.dylib at 0x000000011fff3000
R13=0x00007fb1219d87f0 is an unknown value
R14=0x00007fb12116ddf8 is an unknown value
R15=0x00007fb120e5cf20 is an unknown value


Stack: [0x0000700000084000,0x0000700000184000],  sp=0x0000700000181b90,  free space=1014k
Native frames: (J=compiled Java code, j=interpreted, Vv=VM code, C=native code)
C  [libR.dylib+0x24230]  getAttrib0+0x40
C  [libR.dylib+0x245fb]  Rf_getAttrib+0x6b
C  [libjri.jnilib+0x1e04]  Java_org_rosuda_JRI_Rengine_rniGetAttr+0x44
J 361  org.rosuda.JRI.Rengine.rniGetAttr(JLjava/lang/String;)J (0 bytes) @ 0x0000000108bf204c [0x0000000108bf1ec0+0x18c]
j  org.rosuda.JRI.REXP.getAttribute(Ljava/lang/String;)Lorg/rosuda/JRI/REXP;+9
J 390 C1 org.rosuda.JRI.REXP.asDoubleMatrix()[[D (141 bytes) @ 0x0000000108c04854 [0x0000000108c04740+0x114]
j  org.rosuda.JRI.REXP.asMatrix()[[D+1
j  de.fosd.jdime.dependencyGraph.RCommunityDetection.calculateEachGraph(Lorg/rosuda/JRI/Rengine;)V+17
j  de.fosd.jdime.dependencyGraph.RCommunityDetection.<init>(Ljava/lang/String;)V+303
j  de.fosd.jdime.testJDimeCpp.testRComDetect.test10()V+8
v  ~StubRoutines::call_stub
V  [libjvm.dylib+0x2e032a]
V  [libjvm.dylib+0x4b4146]
V  [libjvm.dylib+0x4b4660]
V  [libjvm.dylib+0x330500]
j  sun.reflect.NativeMethodAccessorImpl.invoke0(Ljava/lang/reflect/Method;Ljava/lang/Object;[Ljava/lang/Object;)Ljava/lang/Object;+0
j  sun.reflect.NativeMethodAccessorImpl.invoke(Ljava/lang/Object;[Ljava/lang/Object;)Ljava/lang/Object;+100
j  sun.reflect.DelegatingMethodAccessorImpl.invoke(Ljava/lang/Object;[Ljava/lang/Object;)Ljava/lang/Object;+6
j  java.lang.reflect.Method.invoke(Ljava/lang/Object;[Ljava/lang/Object;)Ljava/lang/Object;+56
j  org.junit.runners.model.FrameworkMethod$1.runReflectiveCall()Ljava/lang/Object;+15
j  org.junit.internal.runners.model.ReflectiveCallable.run()Ljava/lang/Object;+1
j  org.junit.runners.model.FrameworkMethod.invokeExplosively(Ljava/lang/Object;[Ljava/lang/Object;)Ljava/lang/Object;+10
j  org.junit.internal.runners.statements.InvokeMethod.evaluate()V+12
j  org.junit.runners.ParentRunner.runLeaf(Lorg/junit/runners/model/Statement;Lorg/junit/runner/Description;Lorg/junit/runner/notification/RunNotifier;)V+17
j  org.junit.runners.BlockJUnit4ClassRunner.runChild(Lorg/junit/runners/model/FrameworkMethod;Lorg/junit/runner/notification/RunNotifier;)V+30
j  org.junit.runners.BlockJUnit4ClassRunner.runChild(Ljava/lang/Object;Lorg/junit/runner/notification/RunNotifier;)V+6
j  org.junit.runners.ParentRunner$3.run()V+12
j  org.junit.runners.ParentRunner$1.schedule(Ljava/lang/Runnable;)V+1
j  org.junit.runners.ParentRunner.runChildren(Lorg/junit/runner/notification/RunNotifier;)V+44
j  org.junit.runners.ParentRunner.access$000(Lorg/junit/runners/ParentRunner;Lorg/junit/runner/notification/RunNotifier;)V+2
j  org.junit.runners.ParentRunner$2.evaluate()V+8
j  org.junit.runners.ParentRunner.run(Lorg/junit/runner/notification/RunNotifier;)V+20
j  org.junit.runner.JUnitCore.run(Lorg/junit/runner/Runner;)Lorg/junit/runner/Result;+37
j  com.intellij.junit4.JUnit4IdeaTestRunner.startRunnerWithArgs([Ljava/lang/String;Ljava/util/ArrayList;Ljava/lang/String;IZ)I+124
j  com.intellij.rt.execution.junit.JUnitStarter.prepareStreamsAndStart([Ljava/lang/String;ZLjava/util/ArrayList;Ljava/lang/String;)I+288
j  com.intellij.rt.execution.junit.JUnitStarter.main([Ljava/lang/String;)V+106
v  ~StubRoutines::call_stub
V  [libjvm.dylib+0x2e032a]
V  [libjvm.dylib+0x4b4146]
V  [libjvm.dylib+0x4b4660]
V  [libjvm.dylib+0x330500]
j  sun.reflect.NativeMethodAccessorImpl.invoke0(Ljava/lang/reflect/Method;Ljava/lang/Object;[Ljava/lang/Object;)Ljava/lang/Object;+0
j  sun.reflect.NativeMethodAccessorImpl.invoke(Ljava/lang/Object;[Ljava/lang/Object;)Ljava/lang/Object;+100
j  sun.reflect.DelegatingMethodAccessorImpl.invoke(Ljava/lang/Object;[Ljava/lang/Object;)Ljava/lang/Object;+6
j  java.lang.reflect.Method.invoke(Ljava/lang/Object;[Ljava/lang/Object;)Ljava/lang/Object;+56
j  com.intellij.rt.execution.application.AppMain.main([Ljava/lang/String;)V+180
v  ~StubRoutines::call_stub
V  [libjvm.dylib+0x2e032a]
V  [libjvm.dylib+0x316a36]
V  [libjvm.dylib+0x30f7b0]
C  [java+0x39ae]  JavaMain+0x9b1
C  [libsystem_pthread.dylib+0x3c13]  _pthread_body+0x83
C  [libsystem_pthread.dylib+0x3b90]  _pthread_body+0x0
C  [libsystem_pthread.dylib+0x1375]  thread_start+0xd
C  0x0000000000000000

Java frames: (J=compiled Java code, j=interpreted, Vv=VM code)
J 361  org.rosuda.JRI.Rengine.rniGetAttr(JLjava/lang/String;)J (0 bytes) @ 0x0000000108bf1f0c [0x0000000108bf1ec0+0x4c]
j  org.rosuda.JRI.REXP.getAttribute(Ljava/lang/String;)Lorg/rosuda/JRI/REXP;+9
J 390 C1 org.rosuda.JRI.REXP.asDoubleMatrix()[[D (141 bytes) @ 0x0000000108c04854 [0x0000000108c04740+0x114]
j  org.rosuda.JRI.REXP.asMatrix()[[D+1
j  de.fosd.jdime.dependencyGraph.RCommunityDetection.calculateEachGraph(Lorg/rosuda/JRI/Rengine;)V+17
j  de.fosd.jdime.dependencyGraph.RCommunityDetection.<init>(Ljava/lang/String;)V+303
j  de.fosd.jdime.testJDimeCpp.testRComDetect.test10()V+8
v  ~StubRoutines::call_stub
j  sun.reflect.NativeMethodAccessorImpl.invoke0(Ljava/lang/reflect/Method;Ljava/lang/Object;[Ljava/lang/Object;)Ljava/lang/Object;+0
j  sun.reflect.NativeMethodAccessorImpl.invoke(Ljava/lang/Object;[Ljava/lang/Object;)Ljava/lang/Object;+100
j  sun.reflect.DelegatingMethodAccessorImpl.invoke(Ljava/lang/Object;[Ljava/lang/Object;)Ljava/lang/Object;+6
j  java.lang.reflect.Method.invoke(Ljava/lang/Object;[Ljava/lang/Object;)Ljava/lang/Object;+56
j  org.junit.runners.model.FrameworkMethod$1.runReflectiveCall()Ljava/lang/Object;+15
j  org.junit.internal.runners.model.ReflectiveCallable.run()Ljava/lang/Object;+1
j  org.junit.runners.model.FrameworkMethod.invokeExplosively(Ljava/lang/Object;[Ljava/lang/Object;)Ljava/lang/Object;+10
j  org.junit.internal.runners.statements.InvokeMethod.evaluate()V+12
j  org.junit.runners.ParentRunner.runLeaf(Lorg/junit/runners/model/Statement;Lorg/junit/runner/Description;Lorg/junit/runner/notification/RunNotifier;)V+17
j  org.junit.runners.BlockJUnit4ClassRunner.runChild(Lorg/junit/runners/model/FrameworkMethod;Lorg/junit/runner/notification/RunNotifier;)V+30
j  org.junit.runners.BlockJUnit4ClassRunner.runChild(Ljava/lang/Object;Lorg/junit/runner/notification/RunNotifier;)V+6
j  org.junit.runners.ParentRunner$3.run()V+12
j  org.junit.runners.ParentRunner$1.schedule(Ljava/lang/Runnable;)V+1
j  org.junit.runners.ParentRunner.runChildren(Lorg/junit/runner/notification/RunNotifier;)V+44
j  org.junit.runners.ParentRunner.access$000(Lorg/junit/runners/ParentRunner;Lorg/junit/runner/notification/RunNotifier;)V+2
j  org.junit.runners.ParentRunner$2.evaluate()V+8
j  org.junit.runners.ParentRunner.run(Lorg/junit/runner/notification/RunNotifier;)V+20
j  org.junit.runner.JUnitCore.run(Lorg/junit/runner/Runner;)Lorg/junit/runner/Result;+37
j  com.intellij.junit4.JUnit4IdeaTestRunner.startRunnerWithArgs([Ljava/lang/String;Ljava/util/ArrayList;Ljava/lang/String;IZ)I+124
j  com.intellij.rt.execution.junit.JUnitStarter.prepareStreamsAndStart([Ljava/lang/String;ZLjava/util/ArrayList;Ljava/lang/String;)I+288
j  com.intellij.rt.execution.junit.JUnitStarter.main([Ljava/lang/String;)V+106
v  ~StubRoutines::call_stub
j  sun.reflect.NativeMethodAccessorImpl.invoke0(Ljava/lang/reflect/Method;Ljava/lang/Object;[Ljava/lang/Object;)Ljava/lang/Object;+0
j  sun.reflect.NativeMethodAccessorImpl.invoke(Ljava/lang/Object;[Ljava/lang/Object;)Ljava/lang/Object;+100
j  sun.reflect.DelegatingMethodAccessorImpl.invoke(Ljava/lang/Object;[Ljava/lang/Object;)Ljava/lang/Object;+6
j  java.lang.reflect.Method.invoke(Ljava/lang/Object;[Ljava/lang/Object;)Ljava/lang/Object;+56
j  com.intellij.rt.execution.application.AppMain.main([Ljava/lang/String;)V+180
v  ~StubRoutines::call_stub

---------------  P R O C E S S  ---------------

Java Threads: ( => current thread )
  0x00007fb121178000 JavaThread "Thread-0" [_thread_blocked, id=20227, stack(0x000070000114d000,0x000070000124d000)]
  0x00007fb1210b0800 JavaThread "Monitor Ctrl-Break" daemon [_thread_in_native, id=19715, stack(0x000070000104a000,0x000070000114a000)]
  0x00007fb122817800 JavaThread "Service Thread" daemon [_thread_blocked, id=18691, stack(0x0000700000e44000,0x0000700000f44000)]
  0x00007fb12180b800 JavaThread "C1 CompilerThread2" daemon [_thread_blocked, id=18179, stack(0x0000700000d41000,0x0000700000e41000)]
  0x00007fb121062000 JavaThread "C2 CompilerThread1" daemon [_thread_blocked, id=17667, stack(0x0000700000c3e000,0x0000700000d3e000)]
  0x00007fb12103b800 JavaThread "C2 CompilerThread0" daemon [_thread_blocked, id=17155, stack(0x0000700000b3b000,0x0000700000c3b000)]
  0x00007fb12105b000 JavaThread "Signal Dispatcher" daemon [_thread_blocked, id=13839, stack(0x0000700000a38000,0x0000700000b38000)]
  0x00007fb12180a800 JavaThread "Finalizer" daemon [_thread_blocked, id=12291, stack(0x000070000082f000,0x000070000092f000)]
  0x00007fb121056000 JavaThread "Reference Handler" daemon [_thread_blocked, id=11779, stack(0x000070000072c000,0x000070000082c000)]
=>0x00007fb122005800 JavaThread "main" [_thread_in_native, id=4099, stack(0x0000700000084000,0x0000700000184000)]

Other Threads:
  0x00007fb12180a000 VMThread [stack: 0x0000700000629000,0x0000700000729000] [id=11267]
  0x00007fb12280d000 WatcherThread [stack: 0x0000700000f47000,0x0000700001047000] [id=19203]

VM state:not at safepoint (normal execution)

VM Mutex/Monitor currently owned by a thread: None

Heap:
 PSYoungGen      total 38400K, used 27964K [0x0000000795580000, 0x0000000798000000, 0x00000007c0000000)
  eden space 33280K, 84% used [0x0000000795580000,0x00000007970cf198,0x0000000797600000)
  from space 5120K, 0% used [0x0000000797b00000,0x0000000797b00000,0x0000000798000000)
  to   space 5120K, 0% used [0x0000000797600000,0x0000000797600000,0x0000000797b00000)
 ParOldGen       total 87552K, used 0K [0x0000000740000000, 0x0000000745580000, 0x0000000795580000)
  object space 87552K, 0% used [0x0000000740000000,0x0000000740000000,0x0000000745580000)
 Metaspace       used 4938K, capacity 5286K, committed 5504K, reserved 1056768K
  class space    used 566K, capacity 593K, committed 640K, reserved 1048576K

Card table byte_map: [0x0000000117dc0000,0x00000001181c1000] byte_map_base: 0x00000001143c0000

Marking Bits: (ParMarkBitMap*) 0x0000000107a367a0
 Begin Bits: [0x000000011846c000, 0x000000011a46c000)
 End Bits:   [0x000000011a46c000, 0x000000011c46c000)

Polling page: 0x0000000108124000

CodeCache: size=245760Kb used=2187Kb max_used=2187Kb free=243572Kb
 bounds [0x0000000108a00000, 0x0000000108c70000, 0x0000000117a00000]
 total_blobs=686 nmethods=411 adapters=189
 compilation: enabled

Compilation events (10 events):
Event: 1.179 Thread 0x00007fb12180b800  400       3       de.fosd.jdime.dependencyGraph.RCommunityDetection::findRemovableEdge (30 bytes)
Event: 1.179 Thread 0x00007fb12180b800 nmethod 400 0x0000000108c19010 code [0x0000000108c191e0, 0x0000000108c19608]
Event: 1.179 Thread 0x00007fb12180b800  401       3       de.fosd.jdime.dependencyGraph.RCommunityDetection::checkRemovable (167 bytes)
Event: 1.182 Thread 0x00007fb12180b800 nmethod 401 0x0000000108c197d0 code [0x0000000108c19cc0, 0x0000000108c1cfd8]
Event: 1.195 Thread 0x00007fb12180b800  409       1       java.lang.Boolean::booleanValue (5 bytes)
Event: 1.195 Thread 0x00007fb12180b800 nmethod 409 0x0000000108c1f1d0 code [0x0000000108c1f320, 0x0000000108c1f430]
Event: 1.251 Thread 0x00007fb12180b800  410       3       de.fosd.jdime.dependencyGraph.RCommunityDetection::findCorrespondingEdgeInOriginGraph (131 bytes)
Event: 1.252 Thread 0x00007fb12180b800 nmethod 410 0x0000000108c1f490 code [0x0000000108c1f8a0, 0x0000000108c21e68]
Event: 1.267 Thread 0x00007fb12180b800  411       3       java.lang.Boolean::equals (29 bytes)
Event: 1.267 Thread 0x00007fb12180b800 nmethod 411 0x0000000108c239d0 code [0x0000000108c23b40, 0x0000000108c23fb0]

GC Heap History (0 events):
No events

Deoptimization events (1 events):
Event: 0.651 Thread 0x00007fb122005800 Uncommon trap: reason=unstable_if action=reinterpret pc=0x0000000108bd2a84 method=org.rosuda.JRI.Rengine.<init>([Ljava/lang/String;ZLorg/rosuda/JRI/RMainLoopCallbacks;)V @ 78

Internal exceptions (10 events):
Event: 0.185 Thread 0x00007fb122005800 Exception <a 'java/security/PrivilegedActionException'> (0x00000007957c1f50) thrown at [/Users/java_re/workspace/8-2-build-macosx-x86_64/jdk8u45/3457/hotspot/src/share/vm/prims/jvm.cpp, line 1382]
Event: 0.185 Thread 0x00007fb122005800 Exception <a 'java/security/PrivilegedActionException'> (0x00000007957c2108) thrown at [/Users/java_re/workspace/8-2-build-macosx-x86_64/jdk8u45/3457/hotspot/src/share/vm/prims/jvm.cpp, line 1382]
Event: 0.189 Thread 0x00007fb122005800 Exception <a 'java/util/zip/ZipException'> (0x00000007957d3e68) thrown at [/Users/java_re/workspace/8-2-build-macosx-x86_64/jdk8u45/3457/hotspot/src/share/vm/prims/jni.cpp, line 709]
Event: 0.189 Thread 0x00007fb122005800 Exception <a 'java/security/PrivilegedActionException'> (0x00000007957d4018) thrown at [/Users/java_re/workspace/8-2-build-macosx-x86_64/jdk8u45/3457/hotspot/src/share/vm/prims/jvm.cpp, line 1382]
Event: 0.189 Thread 0x00007fb122005800 Exception <a 'java/security/PrivilegedActionException'> (0x00000007957d41d0) thrown at [/Users/java_re/workspace/8-2-build-macosx-x86_64/jdk8u45/3457/hotspot/src/share/vm/prims/jvm.cpp, line 1382]
Event: 0.237 Thread 0x00007fb122005800 Exception <a 'java/io/FileNotFoundException'> (0x0000000795995ad0) thrown at [/Users/java_re/workspace/8-2-build-macosx-x86_64/jdk8u45/3457/hotspot/src/share/vm/prims/jni.cpp, line 709]
Event: 0.258 Thread 0x00007fb122005800 Exception <a 'java/security/PrivilegedActionException'> (0x00000007959f8210) thrown at [/Users/java_re/workspace/8-2-build-macosx-x86_64/jdk8u45/3457/hotspot/src/share/vm/prims/jvm.cpp, line 1382]
Event: 0.258 Thread 0x00007fb122005800 Exception <a 'java/security/PrivilegedActionException'> (0x00000007959f83c8) thrown at [/Users/java_re/workspace/8-2-build-macosx-x86_64/jdk8u45/3457/hotspot/src/share/vm/prims/jvm.cpp, line 1382]
Event: 0.258 Thread 0x00007fb122005800 Exception <a 'java/security/PrivilegedActionException'> (0x00000007959fb5b8) thrown at [/Users/java_re/workspace/8-2-build-macosx-x86_64/jdk8u45/3457/hotspot/src/share/vm/prims/jvm.cpp, line 1382]
Event: 0.258 Thread 0x00007fb122005800 Exception <a 'java/security/PrivilegedActionException'> (0x00000007959fb770) thrown at [/Users/java_re/workspace/8-2-build-macosx-x86_64/jdk8u45/3457/hotspot/src/share/vm/prims/jvm.cpp, line 1382]

Events (10 events):
Event: 0.718 loading class org/rosuda/JRI/RVector
Event: 0.718 loading class org/rosuda/JRI/RVector done
Event: 0.724 loading class de/fosd/jdime/dependencyGraph/Graph
Event: 0.724 loading class de/fosd/jdime/dependencyGraph/Graph done
Event: 0.738 loading class java/util/ArrayList$SubList
Event: 0.738 loading class java/util/ArrayList$SubList done
Event: 0.738 loading class java/util/ArrayList$SubList$1
Event: 0.738 loading class java/util/ArrayList$SubList$1 done
Event: 0.927 Thread 0x00007fb122005800 DEOPT PACKING pc=0x0000000108be5dbc sp=0x0000700000181c30
Event: 0.927 Thread 0x00007fb122005800 DEOPT UNPACKING pc=0x0000000108a47633 sp=0x0000700000181940 mode 0


Dynamic libraries:
0x0000000001225000 	/System/Library/Frameworks/Cocoa.framework/Versions/A/Cocoa
0x0000000001225000 	/System/Library/Frameworks/Security.framework/Versions/A/Security
0x0000000001225000 	/System/Library/Frameworks/ApplicationServices.framework/Versions/A/ApplicationServices
0x0000000001225000 	/usr/lib/libz.1.dylib
0x0000000001225000 	/usr/lib/libSystem.B.dylib
0x0000000001225000 	/usr/lib/libobjc.A.dylib
0x0000000001225000 	/System/Library/Frameworks/CoreFoundation.framework/Versions/A/CoreFoundation
0x0000000001225000 	/System/Library/Frameworks/Foundation.framework/Versions/C/Foundation
0x0000000001225000 	/System/Library/Frameworks/AppKit.framework/Versions/C/AppKit
0x0000000001225000 	/System/Library/Frameworks/CoreData.framework/Versions/A/CoreData
0x0000000001225000 	/System/Library/PrivateFrameworks/RemoteViewServices.framework/Versions/A/RemoteViewServices
0x0000000001225000 	/System/Library/PrivateFrameworks/UIFoundation.framework/Versions/A/UIFoundation
0x0000000001225000 	/usr/lib/libScreenReader.dylib
0x0000000001225000 	/System/Library/Frameworks/Accelerate.framework/Versions/A/Accelerate
0x0000000001225000 	/System/Library/Frameworks/IOSurface.framework/Versions/A/IOSurface
0x0000000001225000 	/System/Library/Frameworks/AudioToolbox.framework/Versions/A/AudioToolbox
0x0000000001225000 	/System/Library/Frameworks/AudioUnit.framework/Versions/A/AudioUnit
0x0000000001225000 	/System/Library/PrivateFrameworks/DataDetectorsCore.framework/Versions/A/DataDetectorsCore
0x0000000001225000 	/System/Library/PrivateFrameworks/DesktopServicesPriv.framework/Versions/A/DesktopServicesPriv
0x0000000001225000 	/System/Library/Frameworks/Carbon.framework/Versions/A/Frameworks/HIToolbox.framework/Versions/A/HIToolbox
0x0000000001225000 	/System/Library/Frameworks/QuartzCore.framework/Versions/A/QuartzCore
0x0000000001225000 	/System/Library/Frameworks/Carbon.framework/Versions/A/Frameworks/SpeechRecognition.framework/Versions/A/SpeechRecognition
0x0000000001225000 	/usr/lib/libauto.dylib
0x0000000001225000 	/usr/lib/libicucore.A.dylib
0x0000000001225000 	/usr/lib/libxml2.2.dylib
0x0000000001225000 	/System/Library/PrivateFrameworks/CoreUI.framework/Versions/A/CoreUI
0x0000000001225000 	/System/Library/Frameworks/CoreAudio.framework/Versions/A/CoreAudio
0x0000000001225000 	/System/Library/Frameworks/DiskArbitration.framework/Versions/A/DiskArbitration
0x0000000001225000 	/usr/lib/liblangid.dylib
0x0000000001225000 	/System/Library/PrivateFrameworks/MultitouchSupport.framework/Versions/A/MultitouchSupport
0x0000000001225000 	/System/Library/Frameworks/IOKit.framework/Versions/A/IOKit
0x0000000001225000 	/usr/lib/libDiagnosticMessagesClient.dylib
0x0000000001225000 	/System/Library/Frameworks/CoreServices.framework/Versions/A/CoreServices
0x0000000001225000 	/System/Library/PrivateFrameworks/PerformanceAnalysis.framework/Versions/A/PerformanceAnalysis
0x0000000001225000 	/System/Library/PrivateFrameworks/GenerationalStorage.framework/Versions/A/GenerationalStorage
0x0000000001225000 	/System/Library/Frameworks/OpenGL.framework/Versions/A/OpenGL
0x0000000001225000 	/System/Library/PrivateFrameworks/Sharing.framework/Versions/A/Sharing
0x0000000001225000 	/System/Library/Frameworks/CoreGraphics.framework/Versions/A/CoreGraphics
0x0000000001225000 	/System/Library/Frameworks/CoreImage.framework/Versions/A/CoreImage
0x0000000001225000 	/System/Library/Frameworks/CoreText.framework/Versions/A/CoreText
0x0000000001225000 	/System/Library/Frameworks/ImageIO.framework/Versions/A/ImageIO
0x0000000001225000 	/System/Library/PrivateFrameworks/Backup.framework/Versions/A/Backup
0x0000000001225000 	/usr/lib/libextension.dylib
0x0000000001225000 	/usr/lib/libarchive.2.dylib
0x0000000001225000 	/System/Library/Frameworks/CFNetwork.framework/Versions/A/CFNetwork
0x0000000001225000 	/System/Library/Frameworks/SystemConfiguration.framework/Versions/A/SystemConfiguration
0x0000000001225000 	/usr/lib/libCRFSuite.dylib
0x0000000001225000 	/usr/lib/libc++.1.dylib
0x0000000001225000 	/usr/lib/libc++abi.dylib
0x0000000001225000 	/usr/lib/system/libcache.dylib
0x0000000001225000 	/usr/lib/system/libcommonCrypto.dylib
0x0000000001225000 	/usr/lib/system/libcompiler_rt.dylib
0x0000000001225000 	/usr/lib/system/libcopyfile.dylib
0x0000000001225000 	/usr/lib/system/libcorecrypto.dylib
0x0000000001225000 	/usr/lib/system/libdispatch.dylib
0x0000000001225000 	/usr/lib/system/libdyld.dylib
0x0000000001225000 	/usr/lib/system/libkeymgr.dylib
0x0000000001225000 	/usr/lib/system/liblaunch.dylib
0x0000000001225000 	/usr/lib/system/libmacho.dylib
0x0000000001225000 	/usr/lib/system/libquarantine.dylib
0x0000000001225000 	/usr/lib/system/libremovefile.dylib
0x0000000001225000 	/usr/lib/system/libsystem_asl.dylib
0x0000000001225000 	/usr/lib/system/libsystem_blocks.dylib
0x0000000001225000 	/usr/lib/system/libsystem_c.dylib
0x0000000001225000 	/usr/lib/system/libsystem_configuration.dylib
0x0000000001225000 	/usr/lib/system/libsystem_coreservices.dylib
0x0000000001225000 	/usr/lib/system/libsystem_coretls.dylib
0x0000000001225000 	/usr/lib/system/libsystem_dnssd.dylib
0x0000000001225000 	/usr/lib/system/libsystem_info.dylib
0x0000000001225000 	/usr/lib/system/libsystem_kernel.dylib
0x0000000001225000 	/usr/lib/system/libsystem_m.dylib
0x0000000001225000 	/usr/lib/system/libsystem_malloc.dylib
0x0000000001225000 	/usr/lib/system/libsystem_network.dylib
0x0000000001225000 	/usr/lib/system/libsystem_networkextension.dylib
0x0000000001225000 	/usr/lib/system/libsystem_notify.dylib
0x0000000001225000 	/usr/lib/system/libsystem_platform.dylib
0x0000000001225000 	/usr/lib/system/libsystem_pthread.dylib
0x0000000001225000 	/usr/lib/system/libsystem_sandbox.dylib
0x0000000001225000 	/usr/lib/system/libsystem_secinit.dylib
0x0000000001225000 	/usr/lib/system/libsystem_trace.dylib
0x0000000001225000 	/usr/lib/system/libunc.dylib
0x0000000001225000 	/usr/lib/system/libunwind.dylib
0x0000000001225000 	/usr/lib/system/libxpc.dylib
0x0000000001225000 	/usr/lib/libenergytrace.dylib
0x0000000001225000 	/usr/lib/libbsm.0.dylib
0x0000000001225000 	/usr/lib/system/libkxld.dylib
0x0000000001225000 	/usr/lib/libxar.1.dylib
0x0000000001225000 	/usr/lib/libsqlite3.dylib
0x0000000001225000 	/usr/lib/libpam.2.dylib
0x0000000001225000 	/usr/lib/libOpenScriptingUtil.dylib
0x0000000001225000 	/usr/lib/libbz2.1.0.dylib
0x0000000001225000 	/usr/lib/liblzma.5.dylib
0x0000000001225000 	/System/Library/Frameworks/CoreServices.framework/Versions/A/Frameworks/FSEvents.framework/Versions/A/FSEvents
0x0000000001225000 	/System/Library/Frameworks/CoreServices.framework/Versions/A/Frameworks/CarbonCore.framework/Versions/A/CarbonCore
0x0000000001225000 	/System/Library/Frameworks/CoreServices.framework/Versions/A/Frameworks/Metadata.framework/Versions/A/Metadata
0x0000000001225000 	/System/Library/Frameworks/CoreServices.framework/Versions/A/Frameworks/OSServices.framework/Versions/A/OSServices
0x0000000001225000 	/System/Library/Frameworks/CoreServices.framework/Versions/A/Frameworks/SearchKit.framework/Versions/A/SearchKit
0x0000000001225000 	/System/Library/Frameworks/CoreServices.framework/Versions/A/Frameworks/AE.framework/Versions/A/AE
0x0000000001225000 	/System/Library/Frameworks/CoreServices.framework/Versions/A/Frameworks/LaunchServices.framework/Versions/A/LaunchServices
0x0000000001225000 	/System/Library/Frameworks/CoreServices.framework/Versions/A/Frameworks/DictionaryServices.framework/Versions/A/DictionaryServices
0x0000000001225000 	/System/Library/Frameworks/CoreServices.framework/Versions/A/Frameworks/SharedFileList.framework/Versions/A/SharedFileList
0x0000000001225000 	/System/Library/Frameworks/NetFS.framework/Versions/A/NetFS
0x0000000001225000 	/System/Library/PrivateFrameworks/NetAuth.framework/Versions/A/NetAuth
0x0000000001225000 	/System/Library/PrivateFrameworks/login.framework/Versions/A/Frameworks/loginsupport.framework/Versions/A/loginsupport
0x0000000001225000 	/System/Library/PrivateFrameworks/TCC.framework/Versions/A/TCC
0x0000000001225000 	/usr/lib/libmecabra.dylib
0x0000000001225000 	/System/Library/Frameworks/ApplicationServices.framework/Versions/A/Frameworks/ATS.framework/Versions/A/ATS
0x0000000001225000 	/System/Library/Frameworks/ApplicationServices.framework/Versions/A/Frameworks/ColorSync.framework/Versions/A/ColorSync
0x0000000001225000 	/System/Library/Frameworks/ApplicationServices.framework/Versions/A/Frameworks/HIServices.framework/Versions/A/HIServices
0x0000000001225000 	/System/Library/Frameworks/ApplicationServices.framework/Versions/A/Frameworks/LangAnalysis.framework/Versions/A/LangAnalysis
0x0000000001225000 	/System/Library/Frameworks/ApplicationServices.framework/Versions/A/Frameworks/PrintCore.framework/Versions/A/PrintCore
0x0000000001225000 	/System/Library/Frameworks/ApplicationServices.framework/Versions/A/Frameworks/QD.framework/Versions/A/QD
0x0000000001225000 	/System/Library/Frameworks/ApplicationServices.framework/Versions/A/Frameworks/SpeechSynthesis.framework/Versions/A/SpeechSynthesis
0x0000000001225000 	/System/Library/Frameworks/Metal.framework/Versions/A/Metal
0x0000000001225000 	/System/Library/Frameworks/Accelerate.framework/Versions/A/Frameworks/vImage.framework/Versions/A/vImage
0x0000000001225000 	/System/Library/Frameworks/Accelerate.framework/Versions/A/Frameworks/vecLib.framework/Versions/A/vecLib
0x0000000001225000 	/System/Library/Frameworks/Accelerate.framework/Versions/A/Frameworks/vecLib.framework/Versions/A/libvDSP.dylib
0x0000000001225000 	/System/Library/Frameworks/Accelerate.framework/Versions/A/Frameworks/vecLib.framework/Versions/A/libvMisc.dylib
0x0000000001225000 	/System/Library/Frameworks/Accelerate.framework/Versions/A/Frameworks/vecLib.framework/Versions/A/libLAPACK.dylib
0x0000000001225000 	/System/Library/Frameworks/Accelerate.framework/Versions/A/Frameworks/vecLib.framework/Versions/A/libBLAS.dylib
0x0000000001225000 	/System/Library/Frameworks/Accelerate.framework/Versions/A/Frameworks/vecLib.framework/Versions/A/libLinearAlgebra.dylib
0x0000000001225000 	/System/Library/Frameworks/Accelerate.framework/Versions/A/Frameworks/vecLib.framework/Versions/A/libSparseBLAS.dylib
0x0000000001225000 	/System/Library/PrivateFrameworks/GPUCompiler.framework/libmetal_timestamp.dylib
0x0000000001225000 	/System/Library/Frameworks/OpenGL.framework/Versions/A/Libraries/libCoreFSCache.dylib
0x0000000001225000 	/System/Library/PrivateFrameworks/IOAccelerator.framework/Versions/A/IOAccelerator
0x0000000001225000 	/System/Library/Frameworks/ApplicationServices.framework/Versions/A/Frameworks/ATS.framework/Versions/A/Resources/libFontParser.dylib
0x0000000001225000 	/System/Library/Frameworks/ApplicationServices.framework/Versions/A/Frameworks/ATS.framework/Versions/A/Resources/libFontRegistry.dylib
0x0000000001225000 	/System/Library/PrivateFrameworks/AppleVPA.framework/Versions/A/AppleVPA
0x0000000001225000 	/System/Library/PrivateFrameworks/AppleJPEG.framework/Versions/A/AppleJPEG
0x0000000001225000 	/System/Library/Frameworks/ImageIO.framework/Versions/A/Resources/libJPEG.dylib
0x0000000001225000 	/System/Library/Frameworks/ImageIO.framework/Versions/A/Resources/libTIFF.dylib
0x0000000001225000 	/System/Library/Frameworks/ImageIO.framework/Versions/A/Resources/libPng.dylib
0x0000000001225000 	/System/Library/Frameworks/ImageIO.framework/Versions/A/Resources/libGIF.dylib
0x0000000001225000 	/System/Library/Frameworks/ImageIO.framework/Versions/A/Resources/libJP2.dylib
0x0000000001225000 	/System/Library/Frameworks/ImageIO.framework/Versions/A/Resources/libRadiance.dylib
0x0000000001225000 	/System/Library/Frameworks/CoreVideo.framework/Versions/A/CoreVideo
0x0000000001225000 	/System/Library/Frameworks/OpenGL.framework/Versions/A/Libraries/libGLU.dylib
0x0000000001225000 	/System/Library/Frameworks/OpenGL.framework/Versions/A/Libraries/libGFXShared.dylib
0x0000000001225000 	/System/Library/Frameworks/OpenGL.framework/Versions/A/Libraries/libGL.dylib
0x0000000001225000 	/System/Library/Frameworks/OpenGL.framework/Versions/A/Libraries/libGLImage.dylib
0x0000000001225000 	/System/Library/Frameworks/OpenGL.framework/Versions/A/Libraries/libCVMSPluginSupport.dylib
0x0000000001225000 	/System/Library/Frameworks/OpenGL.framework/Versions/A/Libraries/libCoreVMClient.dylib
0x0000000001225000 	/usr/lib/libcups.2.dylib
0x0000000001225000 	/System/Library/Frameworks/Kerberos.framework/Versions/A/Kerberos
0x0000000001225000 	/System/Library/Frameworks/GSS.framework/Versions/A/GSS
0x0000000001225000 	/usr/lib/libresolv.9.dylib
0x0000000001225000 	/usr/lib/libiconv.2.dylib
0x0000000001225000 	/System/Library/PrivateFrameworks/Heimdal.framework/Versions/A/Heimdal
0x0000000001225000 	/usr/lib/libheimdal-asn1.dylib
0x0000000001225000 	/System/Library/Frameworks/OpenDirectory.framework/Versions/A/OpenDirectory
0x0000000001225000 	/System/Library/PrivateFrameworks/CommonAuth.framework/Versions/A/CommonAuth
0x0000000001225000 	/System/Library/Frameworks/OpenDirectory.framework/Versions/A/Frameworks/CFOpenDirectory.framework/Versions/A/CFOpenDirectory
0x0000000001225000 	/System/Library/Frameworks/SecurityFoundation.framework/Versions/A/SecurityFoundation
0x0000000001225000 	/System/Library/PrivateFrameworks/LanguageModeling.framework/Versions/A/LanguageModeling
0x0000000001225000 	/usr/lib/libmarisa.dylib
0x0000000001225000 	/usr/lib/libChineseTokenizer.dylib
0x0000000001225000 	/usr/lib/libcmph.dylib
0x0000000001225000 	/usr/lib/libcompression.dylib
0x0000000001225000 	/System/Library/Frameworks/ServiceManagement.framework/Versions/A/ServiceManagement
0x0000000001225000 	/usr/lib/libxslt.1.dylib
0x0000000001225000 	/System/Library/Frameworks/Carbon.framework/Versions/A/Frameworks/Ink.framework/Versions/A/Ink
0x0000000001225000 	/usr/lib/libFosl_dynamic.dylib
0x0000000001225000 	/System/Library/PrivateFrameworks/FaceCore.framework/Versions/A/FaceCore
0x0000000001225000 	/System/Library/Frameworks/OpenCL.framework/Versions/A/OpenCL
0x0000000001225000 	/System/Library/PrivateFrameworks/CrashReporterSupport.framework/Versions/A/CrashReporterSupport
0x0000000001225000 	/System/Library/PrivateFrameworks/IconServices.framework/Versions/A/IconServices
0x0000000001225000 	/System/Library/PrivateFrameworks/Apple80211.framework/Versions/A/Apple80211
0x0000000001225000 	/System/Library/Frameworks/CoreWLAN.framework/Versions/A/CoreWLAN
0x0000000001225000 	/System/Library/Frameworks/IOBluetooth.framework/Versions/A/IOBluetooth
0x0000000001225000 	/System/Library/PrivateFrameworks/CoreWiFi.framework/Versions/A/CoreWiFi
0x0000000001225000 	/System/Library/Frameworks/CoreBluetooth.framework/Versions/A/CoreBluetooth
0x0000000001225000 	/System/Library/PrivateFrameworks/ChunkingLibrary.framework/Versions/A/ChunkingLibrary
0x0000000001225000 	/System/Library/PrivateFrameworks/DebugSymbols.framework/Versions/A/DebugSymbols
0x0000000001225000 	/System/Library/PrivateFrameworks/CoreSymbolication.framework/Versions/A/CoreSymbolication
0x0000000001225000 	/System/Library/PrivateFrameworks/Symbolication.framework/Versions/A/Symbolication
0x0000000001225000 	/System/Library/PrivateFrameworks/SpeechRecognitionCore.framework/Versions/A/SpeechRecognitionCore
0x0000000107174000 	/Library/Java/JavaVirtualMachines/jdk1.8.0_45.jdk/Contents/Home/jre/lib/server/libjvm.dylib
0x0000000001225000 	/usr/lib/libstdc++.6.dylib
0x00000001080e1000 	/Library/Java/JavaVirtualMachines/jdk1.8.0_45.jdk/Contents/Home/jre/lib/libverify.dylib
0x00000001080ef000 	/Library/Java/JavaVirtualMachines/jdk1.8.0_45.jdk/Contents/Home/jre/lib/libjava.dylib
0x000000010812e000 	/Library/Java/JavaVirtualMachines/jdk1.8.0_45.jdk/Contents/Home/jre/lib/libzip.dylib
0x00000001081e3000 	/System/Library/Frameworks/JavaVM.framework/Frameworks/JavaRuntimeSupport.framework/JavaRuntimeSupport
0x000000011e2b7000 	/System/Library/Frameworks/JavaVM.framework/Versions/A/Frameworks/JavaNativeFoundation.framework/Versions/A/JavaNativeFoundation
0x000000011e2cc000 	/System/Library/Frameworks/JavaVM.framework/Versions/A/JavaVM
0x0000000001225000 	/System/Library/Frameworks/Carbon.framework/Versions/A/Carbon
0x000000011e2d9000 	/System/Library/PrivateFrameworks/JavaLaunching.framework/Versions/A/JavaLaunching
0x0000000001225000 	/System/Library/Frameworks/Carbon.framework/Versions/A/Frameworks/CommonPanels.framework/Versions/A/CommonPanels
0x0000000001225000 	/System/Library/Frameworks/Carbon.framework/Versions/A/Frameworks/Help.framework/Versions/A/Help
0x0000000001225000 	/System/Library/Frameworks/Carbon.framework/Versions/A/Frameworks/ImageCapture.framework/Versions/A/ImageCapture
0x0000000001225000 	/System/Library/Frameworks/Carbon.framework/Versions/A/Frameworks/OpenScripting.framework/Versions/A/OpenScripting
0x0000000001225000 	/System/Library/Frameworks/Carbon.framework/Versions/A/Frameworks/Print.framework/Versions/A/Print
0x0000000001225000 	/System/Library/Frameworks/Carbon.framework/Versions/A/Frameworks/SecurityHI.framework/Versions/A/SecurityHI
0x000000011fc36000 	/Applications/IntelliJ IDEA 15.app/Contents/bin/libbreakgen64.jnilib
0x000000011fc3b000 	/Library/Java/JavaVirtualMachines/jdk1.8.0_45.jdk/Contents/Home/jre/lib/libnet.dylib
0x000000011ffe7000 	/Library/Frameworks/R.framework/Versions/3.2/Resources/library/rJava/jri/libjri.jnilib
0x000000011fff3000 	/Library/Frameworks/R.framework/Versions/3.2/Resources/lib/libR.dylib
0x000000012040a000 	/usr/lib/libpcre.0.dylib
0x000000012043e000 	/Library/Frameworks/R.framework/Versions/3.2/Resources/lib/libRblas.dylib
0x000000012046e000 	/Library/Frameworks/R.framework/Versions/3.2/Resources/lib/libgfortran.3.dylib
0x00000001205d9000 	/Library/Frameworks/R.framework/Versions/3.2/Resources/lib/libquadmath.0.dylib
0x000000012061a000 	/Library/Frameworks/R.framework/Versions/3.2/Resources/lib/libreadline.5.2.dylib
0x0000000120658000 	/Library/Frameworks/R.framework/Versions/3.2/Resources/lib/libgcc_s_x86_64.1.dylib
0x0000000001225000 	/usr/lib/libncurses.5.4.dylib
0x0000000120a46000 	/Library/Frameworks/R.framework/Versions/3.2/Resources/library/utils/libs/utils.so
0x0000000120a55000 	/Library/Frameworks/R.framework/Versions/3.2/Resources/library/methods/libs/methods.so
0x0000000120de3000 	/Library/Frameworks/R.framework/Versions/3.2/Resources/library/grDevices/libs/grDevices.so
0x0000000120e30000 	/Library/Frameworks/R.framework/Versions/3.2/Resources/library/graphics/libs/graphics.so
0x0000000120e79000 	/Library/Frameworks/R.framework/Versions/3.2/Resources/library/stats/libs/stats.so
0x0000000120f34000 	/Library/Frameworks/R.framework/Versions/3.2/Resources/lib/libRlapack.dylib
0x000000012117c000 	/Library/Frameworks/R.framework/Versions/3.2/Resources/library/igraph/libs/igraph.so

VM Arguments:
jvm_args: -Xmx2048m -ea -Djava.library.path=/Library/Frameworks/R.framework/Resources/library/rJava/jri/ -Didea.launcher.port=7541 -Didea.launcher.bin.path=/Applications/IntelliJ IDEA 15.app/Contents/bin -Didea.junit.sm_runner -Dfile.encoding=UTF-8 
java_command: com.intellij.rt.execution.application.AppMain com.intellij.rt.execution.junit.JUnitStarter -ideVersion5 de.fosd.jdime.testJDimeCpp.testRComDetect
java_class_path (initial): /Applications/IntelliJ IDEA 15.app/Contents/lib/idea_rt.jar:/Applications/IntelliJ IDEA 15.app/Contents/plugins/junit/lib/junit-rt.jar:/Library/Java/JavaVirtualMachines/jdk1.8.0_45.jdk/Contents/Home/lib/ant-javafx.jar:/Library/Java/JavaVirtualMachines/jdk1.8.0_45.jdk/Contents/Home/lib/dt.jar:/Library/Java/JavaVirtualMachines/jdk1.8.0_45.jdk/Contents/Home/lib/javafx-mx.jar:/Library/Java/JavaVirtualMachines/jdk1.8.0_45.jdk/Contents/Home/lib/jconsole.jar:/Library/Java/JavaVirtualMachines/jdk1.8.0_45.jdk/Contents/Home/lib/packager.jar:/Library/Java/JavaVirtualMachines/jdk1.8.0_45.jdk/Contents/Home/lib/sa-jdi.jar:/Library/Java/JavaVirtualMachines/jdk1.8.0_45.jdk/Contents/Home/lib/tools.jar:/Library/Java/JavaVirtualMachines/jdk1.8.0_45.jdk/Contents/Home/jre/lib/charsets.jar:/Library/Java/JavaVirtualMachines/jdk1.8.0_45.jdk/Contents/Home/jre/lib/deploy.jar:/Library/Java/JavaVirtualMachines/jdk1.8.0_45.jdk/Contents/Home/jre/lib/javaws.jar:/Library/Java/JavaVirtualMachines/jdk1.8.0_45.jdk/Contents/Home/jre/lib/jce.jar:/Library/Java/JavaVirtualMachines/jdk1.8.0_45.jdk/Contents/Home/jre/lib/jfr.jar:/Library/Java/JavaVirtualMachines/jdk1.8.0_45.jdk/Contents/Home/jre/lib/jfxswt.jar:/Library/Java/JavaVirtualMachines/jdk1.8.0_45.jdk/Contents/Home/jre/lib/jsse.jar:/Library/Java/JavaVirtualMachines/jdk1.8.0_45.jdk/Contents/Home/jre/lib/management-agent.jar:/Library/Java/JavaVirtualMachines/jdk1.8.0_45.jdk/Contents/Home/jre/lib/plugin.jar:/Library/Java/JavaVirtualMachines/jdk1.8.0_45.jdk/Contents/Home/jre/lib/resources.jar:/Library/Java/JavaVirtualMachines/jdk1.8.0_45.jdk/Contents/Home/jre/lib/rt.jar:/Library/Java/JavaVirtualMachines/jdk1.8.0_45.jdk/Contents/Home/jre/lib/ext/cldrdata.jar:/Library/Java/JavaVirtualMachines/jdk1.8.0_45.jdk/Contents/Home/jre/lib/ext/dnsns.jar:/Library/Java/JavaVirtualMachines/jdk1.8.0_45.jdk/Contents/Home/jre/lib/ext/jfxrt.jar:/Library/Java/JavaVirtualMachines/jdk1.8.0_45.jdk/Contents/Home/jre/lib/ext/localedata.jar:/Library/
Launcher Type: SUN_STANDARD

Environment Variables:
PATH=/usr/bin:/bin:/usr/sbin:/sbin
SHELL=/bin/bash

Signal Handlers:
SIGSEGV: [libjvm.dylib+0x58ef95], sa_mask[0]=11111111011111110111111111111111, sa_flags=SA_ONSTACK|SA_RESTART|SA_SIGINFO
SIGBUS: [libjvm.dylib+0x58ef95], sa_mask[0]=11111111011111110111111111111111, sa_flags=SA_RESTART|SA_SIGINFO
SIGFPE: [libjvm.dylib+0x46c108], sa_mask[0]=11111111011111110111111111111111, sa_flags=SA_RESTART|SA_SIGINFO
SIGPIPE: [libjvm.dylib+0x46c108], sa_mask[0]=11111111011111110111111111111111, sa_flags=SA_RESTART|SA_SIGINFO
SIGXFSZ: [libjvm.dylib+0x46c108], sa_mask[0]=11111111011111110111111111111111, sa_flags=SA_RESTART|SA_SIGINFO
SIGILL: [libjvm.dylib+0x46c108], sa_mask[0]=11111111011111110111111111111111, sa_flags=SA_RESTART|SA_SIGINFO
SIGUSR1: SIG_DFL, sa_mask[0]=00000000000000000000000000000000, sa_flags=none
SIGUSR2: [libjvm.dylib+0x46bc26], sa_mask[0]=00100000000000000000000000000000, sa_flags=SA_RESTART|SA_SIGINFO
SIGHUP: [libjvm.dylib+0x46a1f9], sa_mask[0]=11111111011111110111111111111111, sa_flags=SA_RESTART|SA_SIGINFO
SIGINT: [libjvm.dylib+0x46a1f9], sa_mask[0]=11111111011111110111111111111111, sa_flags=SA_RESTART|SA_SIGINFO
SIGTERM: [libjvm.dylib+0x46a1f9], sa_mask[0]=11111111011111110111111111111111, sa_flags=SA_RESTART|SA_SIGINFO
SIGQUIT: [libjvm.dylib+0x46a1f9], sa_mask[0]=11111111011111110111111111111111, sa_flags=SA_RESTART|SA_SIGINFO


---------------  S Y S T E M  ---------------

OS:Bsduname:Darwin 15.2.0 Darwin Kernel Version 15.2.0: Fri Nov 13 19:56:56 PST 2015; root:xnu-3248.20.55~2/RELEASE_X86_64 x86_64
rlimit: STACK 8192k, CORE 0k, NPROC 709, NOFILE 10240, AS infinity
load average:3.93 3.66 3.06

CPU:total 4 (2 cores per cpu, 2 threads per core) family 6 model 61 stepping 4, cmov, cx8, fxsr, mmx, sse, sse2, sse3, ssse3, sse4.1, sse4.2, popcnt, avx, avx2, aes, clmul, erms, 3dnowpref, lzcnt, ht, tsc, tscinvbit, bmi1, bmi2, adx

Memory: 4k page, physical 8388608k(38028k free)

/proc/meminfo:


vm_info: Java HotSpot(TM) 64-Bit Server VM (25.45-b02) for bsd-amd64 JRE (1.8.0_45-b14), built on Apr 10 2015 10:46:38 by "java_re" with gcc 4.2.1 (Based on Apple Inc. build 5658) (LLVM build 2336.11.00)

time: Tue Feb 16 23:42:35 2016
elapsed time: 1 seconds (0d 0h 0m 1s)

