#
# A fatal error has been detected by the Java Runtime Environment:
#
#  SIGSEGV (0xb) at pc=0x0000000125205382, pid=70687, tid=4099
#
# JRE version: Java(TM) SE Runtime Environment (8.0_45-b14) (build 1.8.0_45-b14)
# Java VM: Java HotSpot(TM) 64-Bit Server VM (25.45-b02 mixed mode bsd-amd64 compressed oops)
# Problematic frame:
# C  [libR.dylib+0x134382]  GetNewPage+0x1a2
#
# Failed to write core dump. Core dumps have been disabled. To enable core dumping, try "ulimit -c unlimited" before starting Java again
#
# If you would like to submit a bug report, please visit:
#   http://bugreport.java.com/bugreport/crash.jsp
# The crash happened outside the Java Virtual Machine in native code.
# See problematic frame for where to report the bug.
#

---------------  T H R E A D  ---------------

Current thread (0x00007fb28b80a800):  JavaThread "main" [_thread_in_native, id=4099, stack(0x0000700000084000,0x0000700000184000)]

siginfo: si_signo: 11 (SIGSEGV), si_code: 1 (SEGV_MAPERR), si_addr: 0x0000000000000018

Registers:
RAX=0x00000001253d6f40, RBX=0x00007fb28a86a608, RCX=0x00000001253d6e08, RDX=0x0000000000000000
RSP=0x0000700000182cc0, RBP=0x0000700000182d00, RSI=0x000000010c20c400, RDI=0x0000000000000000
R8 =0x000000001fffffff, R9 =0x0000000000000012, R10=0x000000004234dec5, R11=0x0000000042352e80
R12=0x0000000000000001, R13=0x0000000000000030, R14=0x0000000000000028, R15=0x0000000020000000
RIP=0x0000000125205382, EFLAGS=0x0000000000010202, ERR=0x0000000000000004
  TRAPNO=0x000000000000000e

Top of Stack: (sp=0x0000700000182cc0)
0x0000700000182cc0:   0000700000182cf0 0000000000000000
0x0000700000182cd0:   0000700000182d30 0000000000000000
0x0000700000182ce0:   0000000000000001 0000000000000001
0x0000700000182cf0:   00000001253d6e08 0000000000000001
0x0000700000182d00:   0000700000182d80 0000000125209572
0x0000700000182d10:   0000000121eadcf0 00007fb28b80a800
0x0000700000182d20:   00007fb28b80a800 00007fb28b80a800
0x0000700000182d30:   0000000000600000 0000000000000010
0x0000700000182d40:   0000000000000001 00007fb28b80a9f8
0x0000700000182d50:   000000010cc4c190 00007fb28b80a9f8
0x0000700000182d60:   0000000000000000 0000000121eadcf0
0x0000700000182d70:   0000700000182e88 00007fb28a42e3a0
0x0000700000182d80:   0000700000182db0 00000001250c7cbe
0x0000700000182d90:   0000000121eadcf0 0000000000000000
0x0000700000182da0:   0000000000000001 00007fb28b80a800
0x0000700000182db0:   0000700000182de0 00000001250c68a6
0x0000700000182dc0:   0000000121eadcf0 0000700000182e90
0x0000700000182dd0:   0000000121eadcf0 0000700000182e90
0x0000700000182de0:   0000700000182e60 000000010dc2b3ef
0x0000700000182df0:   0000000121eadcf0 0000700000182e90
0x0000700000182e00:   0000700000182e60 000000010dc2aff9
0x0000700000182e10:   0000000000000000 0000000795844d90
0x0000700000182e20:   0000700000182e10 0000000121eadcf0
0x0000700000182e30:   0000700000182e90 0000000121eb1080
0x0000700000182e40:   0000000000000000 0000000121eadcf0
0x0000700000182e50:   0000000000000000 0000700000182e80
0x0000700000182e60:   0000700000182ee8 000000010dc1c760
0x0000700000182e70:   0000000000000000 000000010dc24577
0x0000700000182e80:   0000000000000001 0000000795853cb8
0x0000700000182e90:   0000000795844d90 0000000000000000
0x0000700000182ea0:   0000000795844d90 0000700000182e98
0x0000700000182eb0:   0000000121eb01ed 0000700000182f48 

Instructions: (pc=0x0000000125205382)
0x0000000125205362:   50 01 00 00 41 c1 e7 1d 48 8d 4c 11 18 31 d2 41
0x0000000125205372:   b8 ff ff ff 1f 66 0f 1f 84 00 00 00 00 00 ff 00
0x0000000125205382:   48 8b 77 18 48 89 7b 10 48 89 5f 18 48 89 5e 10
0x0000000125205392:   48 89 73 18 8b 35 bc 18 1d 00 44 21 c6 44 09 fe 

Register to memory mapping:

RAX=0x00000001253d6f40: R_GenHeap+0x2b0 in /Library/Frameworks/R.framework/Versions/3.2/Resources/lib/libR.dylib at 0x00000001250d1000
RBX=0x00007fb28a86a608 is an unknown value
RCX=0x00000001253d6e08: R_GenHeap+0x178 in /Library/Frameworks/R.framework/Versions/3.2/Resources/lib/libR.dylib at 0x00000001250d1000
RDX=0x0000000000000000 is an unknown value
RSP=0x0000700000182cc0 is pointing into the stack for thread: 0x00007fb28b80a800
RBP=0x0000700000182d00 is pointing into the stack for thread: 0x00007fb28b80a800
RSI=0x000000010c20c400 is an unknown value
RDI=0x0000000000000000 is an unknown value
R8 =0x000000001fffffff is an unknown value
R9 =0x0000000000000012 is an unknown value
R10=0x000000004234dec5 is an unknown value
R11=0x0000000042352e80 is an unknown value
R12=0x0000000000000001 is an unknown value
R13=0x0000000000000030 is an unknown value
R14=0x0000000000000028 is an unknown value
R15=0x0000000020000000 is an unknown value


Stack: [0x0000700000084000,0x0000700000184000],  sp=0x0000700000182cc0,  free space=1019k
Native frames: (J=compiled Java code, j=interpreted, Vv=VM code, C=native code)
C  [libR.dylib+0x134382]  GetNewPage+0x1a2
C  [libR.dylib+0x138572]  Rf_allocVector3+0x272
C  [libjri.jnilib+0x2cbe]  jri_getString+0x3e
C  [libjri.jnilib+0x18a6]  Java_org_rosuda_JRI_Rengine_rniParse+0x16
j  org.rosuda.JRI.Rengine.rniParse(Ljava/lang/String;I)J+0
j  org.rosuda.JRI.Rengine.eval(Ljava/lang/String;Z)Lorg/rosuda/JRI/REXP;+53
j  org.rosuda.JRI.Rengine.eval(Ljava/lang/String;)Lorg/rosuda/JRI/REXP;+3
j  de.fosd.jdime.dependencyGraph.HelloRWorld.main([Ljava/lang/String;)V+17
v  ~StubRoutines::call_stub
V  [libjvm.dylib+0x2e032a]  JavaCalls::call_helper(JavaValue*, methodHandle*, JavaCallArguments*, Thread*)+0x6ae
V  [libjvm.dylib+0x4b4146]  Reflection::invoke(instanceKlassHandle, methodHandle, Handle, bool, objArrayHandle, BasicType, objArrayHandle, bool, Thread*)+0xdf8
V  [libjvm.dylib+0x4b4660]  Reflection::invoke_method(oopDesc*, Handle, objArrayHandle, Thread*)+0x16c
V  [libjvm.dylib+0x330500]  JVM_InvokeMethod+0x166
j  sun.reflect.NativeMethodAccessorImpl.invoke0(Ljava/lang/reflect/Method;Ljava/lang/Object;[Ljava/lang/Object;)Ljava/lang/Object;+0
j  sun.reflect.NativeMethodAccessorImpl.invoke(Ljava/lang/Object;[Ljava/lang/Object;)Ljava/lang/Object;+100
j  sun.reflect.DelegatingMethodAccessorImpl.invoke(Ljava/lang/Object;[Ljava/lang/Object;)Ljava/lang/Object;+6
j  java.lang.reflect.Method.invoke(Ljava/lang/Object;[Ljava/lang/Object;)Ljava/lang/Object;+56
j  com.intellij.rt.execution.application.AppMain.main([Ljava/lang/String;)V+180
v  ~StubRoutines::call_stub
V  [libjvm.dylib+0x2e032a]  JavaCalls::call_helper(JavaValue*, methodHandle*, JavaCallArguments*, Thread*)+0x6ae
V  [libjvm.dylib+0x316a36]  jni_invoke_static(JNIEnv_*, JavaValue*, _jobject*, JNICallType, _jmethodID*, JNI_ArgumentPusher*, Thread*)+0x1bf
V  [libjvm.dylib+0x30f7b0]  jni_CallStaticVoidMethod+0x15d
C  [java+0x39ae]  JavaMain+0x9b1
C  [libsystem_pthread.dylib+0x3c13]  _pthread_body+0x83
C  [libsystem_pthread.dylib+0x3b90]  _pthread_body+0x0
C  [libsystem_pthread.dylib+0x1375]  thread_start+0xd
C  0x0000000000000000

Java frames: (J=compiled Java code, j=interpreted, Vv=VM code)
j  org.rosuda.JRI.Rengine.rniParse(Ljava/lang/String;I)J+0
j  org.rosuda.JRI.Rengine.eval(Ljava/lang/String;Z)Lorg/rosuda/JRI/REXP;+53
j  org.rosuda.JRI.Rengine.eval(Ljava/lang/String;)Lorg/rosuda/JRI/REXP;+3
j  de.fosd.jdime.dependencyGraph.HelloRWorld.main([Ljava/lang/String;)V+17
v  ~StubRoutines::call_stub
j  sun.reflect.NativeMethodAccessorImpl.invoke0(Ljava/lang/reflect/Method;Ljava/lang/Object;[Ljava/lang/Object;)Ljava/lang/Object;+0
j  sun.reflect.NativeMethodAccessorImpl.invoke(Ljava/lang/Object;[Ljava/lang/Object;)Ljava/lang/Object;+100
j  sun.reflect.DelegatingMethodAccessorImpl.invoke(Ljava/lang/Object;[Ljava/lang/Object;)Ljava/lang/Object;+6
j  java.lang.reflect.Method.invoke(Ljava/lang/Object;[Ljava/lang/Object;)Ljava/lang/Object;+56
j  com.intellij.rt.execution.application.AppMain.main([Ljava/lang/String;)V+180
v  ~StubRoutines::call_stub

---------------  P R O C E S S  ---------------

Java Threads: ( => current thread )
  0x00007fb28b051800 JavaThread "Monitor Ctrl-Break" daemon [_thread_in_native, id=19715, stack(0x000070000104a000,0x000070000114a000)]
  0x00007fb28a850800 JavaThread "Service Thread" daemon [_thread_blocked, id=18691, stack(0x0000700000e44000,0x0000700000f44000)]
  0x00007fb28a850000 JavaThread "C1 CompilerThread2" daemon [_thread_blocked, id=18179, stack(0x0000700000d41000,0x0000700000e41000)]
  0x00007fb28b009000 JavaThread "C2 CompilerThread1" daemon [_thread_blocked, id=17667, stack(0x0000700000c3e000,0x0000700000d3e000)]
  0x00007fb28c030000 JavaThread "C2 CompilerThread0" daemon [_thread_blocked, id=17155, stack(0x0000700000b3b000,0x0000700000c3b000)]
  0x00007fb28c00e000 JavaThread "Signal Dispatcher" daemon [_thread_blocked, id=14859, stack(0x0000700000a38000,0x0000700000b38000)]
  0x00007fb28b819000 JavaThread "Finalizer" daemon [_thread_blocked, id=11779, stack(0x000070000082f000,0x000070000092f000)]
  0x00007fb28a842800 JavaThread "Reference Handler" daemon [_thread_blocked, id=11267, stack(0x000070000072c000,0x000070000082c000)]
=>0x00007fb28b80a800 JavaThread "main" [_thread_in_native, id=4099, stack(0x0000700000084000,0x0000700000184000)]

Other Threads:
  0x00007fb28a804000 VMThread [stack: 0x0000700000629000,0x0000700000729000] [id=10755]
  0x00007fb28a84b000 WatcherThread [stack: 0x0000700000f47000,0x0000700001047000] [id=19203]

VM state:not at safepoint (normal execution)

VM Mutex/Monitor currently owned by a thread: None

Heap:
 PSYoungGen      total 38400K, used 3994K [0x0000000795580000, 0x0000000798000000, 0x00000007c0000000)
  eden space 33280K, 12% used [0x0000000795580000,0x0000000795966940,0x0000000797600000)
  from space 5120K, 0% used [0x0000000797b00000,0x0000000797b00000,0x0000000798000000)
  to   space 5120K, 0% used [0x0000000797600000,0x0000000797600000,0x0000000797b00000)
 ParOldGen       total 87552K, used 0K [0x0000000740000000, 0x0000000745580000, 0x0000000795580000)
  object space 87552K, 0% used [0x0000000740000000,0x0000000740000000,0x0000000745580000)
 Metaspace       used 3376K, capacity 4564K, committed 4864K, reserved 1056768K
  class space    used 367K, capacity 388K, committed 512K, reserved 1048576K

Card table byte_map: [0x000000011cfd5000,0x000000011d3d6000] byte_map_base: 0x00000001195d5000

Marking Bits: (ParMarkBitMap*) 0x000000010cd147a0
 Begin Bits: [0x000000011d681000, 0x000000011f681000)
 End Bits:   [0x000000011f681000, 0x0000000121681000)

Polling page: 0x000000010d3fe000

CodeCache: size=245760Kb used=1290Kb max_used=1290Kb free=244469Kb
 bounds [0x000000010dc15000, 0x000000010de85000, 0x000000011cc15000]
 total_blobs=367 nmethods=111 adapters=170
 compilation: enabled

Compilation events (10 events):
Event: 0.270 Thread 0x00007fb28a850000  107       3       java.util.ArrayList::elementData (7 bytes)
Event: 0.270 Thread 0x00007fb28a850000 nmethod 107 0x000000010dd4f710 code [0x000000010dd4f880, 0x000000010dd4fa10]
Event: 0.270 Thread 0x00007fb28a850000  108   !   3       sun.misc.URLClassPath$JarLoader::ensureOpen (32 bytes)
Event: 0.270 Thread 0x00007fb28a850000 nmethod 108 0x000000010dd4ef90 code [0x000000010dd4f120, 0x000000010dd4f568]
Event: 0.270 Thread 0x00007fb28a850000  110       3       java.util.jar.JarFile::getEntry (22 bytes)
Event: 0.271 Thread 0x00007fb28a850000 nmethod 110 0x000000010dd4e950 code [0x000000010dd4eae0, 0x000000010dd4ee38]
Event: 0.271 Thread 0x00007fb28a850000  109       3       java.util.jar.JarFile::getJarEntry (9 bytes)
Event: 0.272 Thread 0x00007fb28a850000 nmethod 109 0x000000010dd56350 code [0x000000010dd56500, 0x000000010dd569b8]
Event: 0.272 Thread 0x00007fb28a850000  111       1       sun.util.calendar.CalendarDate::getMonth (5 bytes)
Event: 0.272 Thread 0x00007fb28a850000 nmethod 111 0x000000010dd56bd0 code [0x000000010dd56d20, 0x000000010dd56e30]

GC Heap History (0 events):
No events

Deoptimization events (1 events):
Event: 0.247 Thread 0x00007fb28b80a800 Uncommon trap: reason=unstable_if action=reinterpret pc=0x000000010dd39428 method=java.lang.String.hashCode()I @ 14

Internal exceptions (10 events):
Event: 0.219 Thread 0x00007fb28b80a800 Exception <a 'java/security/PrivilegedActionException'> (0x00000007957bbd60) thrown at [/Users/java_re/workspace/8-2-build-macosx-x86_64/jdk8u45/3457/hotspot/src/share/vm/prims/jvm.cpp, line 1382]
Event: 0.221 Thread 0x00007fb28b80a800 Exception <a 'java/util/zip/ZipException'> (0x00000007957bca88) thrown at [/Users/java_re/workspace/8-2-build-macosx-x86_64/jdk8u45/3457/hotspot/src/share/vm/prims/jni.cpp, line 709]
Event: 0.221 Thread 0x00007fb28b80a800 Exception <a 'java/security/PrivilegedActionException'> (0x00000007957bcc38) thrown at [/Users/java_re/workspace/8-2-build-macosx-x86_64/jdk8u45/3457/hotspot/src/share/vm/prims/jvm.cpp, line 1382]
Event: 0.221 Thread 0x00007fb28b80a800 Exception <a 'java/security/PrivilegedActionException'> (0x00000007957bcdf0) thrown at [/Users/java_re/workspace/8-2-build-macosx-x86_64/jdk8u45/3457/hotspot/src/share/vm/prims/jvm.cpp, line 1382]
Event: 0.226 Thread 0x00007fb28b80a800 Exception <a 'java/util/zip/ZipException'> (0x00000007957bdb18) thrown at [/Users/java_re/workspace/8-2-build-macosx-x86_64/jdk8u45/3457/hotspot/src/share/vm/prims/jni.cpp, line 709]
Event: 0.226 Thread 0x00007fb28b80a800 Exception <a 'java/security/PrivilegedActionException'> (0x00000007957bdcc8) thrown at [/Users/java_re/workspace/8-2-build-macosx-x86_64/jdk8u45/3457/hotspot/src/share/vm/prims/jvm.cpp, line 1382]
Event: 0.226 Thread 0x00007fb28b80a800 Exception <a 'java/security/PrivilegedActionException'> (0x00000007957bde80) thrown at [/Users/java_re/workspace/8-2-build-macosx-x86_64/jdk8u45/3457/hotspot/src/share/vm/prims/jvm.cpp, line 1382]
Event: 0.231 Thread 0x00007fb28b80a800 Exception <a 'java/util/zip/ZipException'> (0x00000007957cfbe0) thrown at [/Users/java_re/workspace/8-2-build-macosx-x86_64/jdk8u45/3457/hotspot/src/share/vm/prims/jni.cpp, line 709]
Event: 0.231 Thread 0x00007fb28b80a800 Exception <a 'java/security/PrivilegedActionException'> (0x00000007957cfd90) thrown at [/Users/java_re/workspace/8-2-build-macosx-x86_64/jdk8u45/3457/hotspot/src/share/vm/prims/jvm.cpp, line 1382]
Event: 0.231 Thread 0x00007fb28b80a800 Exception <a 'java/security/PrivilegedActionException'> (0x00000007957cff48) thrown at [/Users/java_re/workspace/8-2-build-macosx-x86_64/jdk8u45/3457/hotspot/src/share/vm/prims/jvm.cpp, line 1382]

Events (10 events):
Event: 0.277 loading class java/util/Formatter$FormatString done
Event: 0.277 loading class java/util/Formatter$FixedString done
Event: 0.277 loading class java/util/Formatter$FormatSpecifier
Event: 0.277 loading class java/util/Formatter$FormatSpecifier done
Event: 0.277 loading class java/util/Formatter$Flags
Event: 0.277 loading class java/util/Formatter$Flags done
Event: 0.278 loading class java/util/Formatter$Conversion
Event: 0.278 loading class java/util/Formatter$Conversion done
Event: 0.278 loading class java/util/Formattable
Event: 0.278 loading class java/util/Formattable done


Dynamic libraries:
0x0000000001248000 	/System/Library/Frameworks/Cocoa.framework/Versions/A/Cocoa
0x0000000001248000 	/System/Library/Frameworks/Security.framework/Versions/A/Security
0x0000000001248000 	/System/Library/Frameworks/ApplicationServices.framework/Versions/A/ApplicationServices
0x0000000001248000 	/usr/lib/libz.1.dylib
0x0000000001248000 	/usr/lib/libSystem.B.dylib
0x0000000001248000 	/usr/lib/libobjc.A.dylib
0x0000000001248000 	/System/Library/Frameworks/CoreFoundation.framework/Versions/A/CoreFoundation
0x0000000001248000 	/System/Library/Frameworks/Foundation.framework/Versions/C/Foundation
0x0000000001248000 	/System/Library/Frameworks/AppKit.framework/Versions/C/AppKit
0x0000000001248000 	/System/Library/Frameworks/CoreData.framework/Versions/A/CoreData
0x0000000001248000 	/System/Library/PrivateFrameworks/RemoteViewServices.framework/Versions/A/RemoteViewServices
0x0000000001248000 	/System/Library/PrivateFrameworks/UIFoundation.framework/Versions/A/UIFoundation
0x0000000001248000 	/usr/lib/libScreenReader.dylib
0x0000000001248000 	/System/Library/Frameworks/Accelerate.framework/Versions/A/Accelerate
0x0000000001248000 	/System/Library/Frameworks/IOSurface.framework/Versions/A/IOSurface
0x0000000001248000 	/System/Library/Frameworks/AudioToolbox.framework/Versions/A/AudioToolbox
0x0000000001248000 	/System/Library/Frameworks/AudioUnit.framework/Versions/A/AudioUnit
0x0000000001248000 	/System/Library/PrivateFrameworks/DataDetectorsCore.framework/Versions/A/DataDetectorsCore
0x0000000001248000 	/System/Library/PrivateFrameworks/DesktopServicesPriv.framework/Versions/A/DesktopServicesPriv
0x0000000001248000 	/System/Library/Frameworks/Carbon.framework/Versions/A/Frameworks/HIToolbox.framework/Versions/A/HIToolbox
0x0000000001248000 	/System/Library/Frameworks/QuartzCore.framework/Versions/A/QuartzCore
0x0000000001248000 	/System/Library/Frameworks/Carbon.framework/Versions/A/Frameworks/SpeechRecognition.framework/Versions/A/SpeechRecognition
0x0000000001248000 	/usr/lib/libauto.dylib
0x0000000001248000 	/usr/lib/libicucore.A.dylib
0x0000000001248000 	/usr/lib/libxml2.2.dylib
0x0000000001248000 	/System/Library/PrivateFrameworks/CoreUI.framework/Versions/A/CoreUI
0x0000000001248000 	/System/Library/Frameworks/CoreAudio.framework/Versions/A/CoreAudio
0x0000000001248000 	/System/Library/Frameworks/DiskArbitration.framework/Versions/A/DiskArbitration
0x0000000001248000 	/usr/lib/liblangid.dylib
0x0000000001248000 	/System/Library/PrivateFrameworks/MultitouchSupport.framework/Versions/A/MultitouchSupport
0x0000000001248000 	/System/Library/Frameworks/IOKit.framework/Versions/A/IOKit
0x0000000001248000 	/usr/lib/libDiagnosticMessagesClient.dylib
0x0000000001248000 	/System/Library/Frameworks/CoreServices.framework/Versions/A/CoreServices
0x0000000001248000 	/System/Library/PrivateFrameworks/PerformanceAnalysis.framework/Versions/A/PerformanceAnalysis
0x0000000001248000 	/System/Library/PrivateFrameworks/GenerationalStorage.framework/Versions/A/GenerationalStorage
0x0000000001248000 	/System/Library/Frameworks/OpenGL.framework/Versions/A/OpenGL
0x0000000001248000 	/System/Library/PrivateFrameworks/Sharing.framework/Versions/A/Sharing
0x0000000001248000 	/System/Library/Frameworks/CoreGraphics.framework/Versions/A/CoreGraphics
0x0000000001248000 	/System/Library/Frameworks/CoreImage.framework/Versions/A/CoreImage
0x0000000001248000 	/System/Library/Frameworks/CoreText.framework/Versions/A/CoreText
0x0000000001248000 	/System/Library/Frameworks/ImageIO.framework/Versions/A/ImageIO
0x0000000001248000 	/System/Library/PrivateFrameworks/Backup.framework/Versions/A/Backup
0x0000000001248000 	/usr/lib/libextension.dylib
0x0000000001248000 	/usr/lib/libarchive.2.dylib
0x0000000001248000 	/System/Library/Frameworks/CFNetwork.framework/Versions/A/CFNetwork
0x0000000001248000 	/System/Library/Frameworks/SystemConfiguration.framework/Versions/A/SystemConfiguration
0x0000000001248000 	/usr/lib/libCRFSuite.dylib
0x0000000001248000 	/usr/lib/libc++.1.dylib
0x0000000001248000 	/usr/lib/libc++abi.dylib
0x0000000001248000 	/usr/lib/system/libcache.dylib
0x0000000001248000 	/usr/lib/system/libcommonCrypto.dylib
0x0000000001248000 	/usr/lib/system/libcompiler_rt.dylib
0x0000000001248000 	/usr/lib/system/libcopyfile.dylib
0x0000000001248000 	/usr/lib/system/libcorecrypto.dylib
0x0000000001248000 	/usr/lib/system/libdispatch.dylib
0x0000000001248000 	/usr/lib/system/libdyld.dylib
0x0000000001248000 	/usr/lib/system/libkeymgr.dylib
0x0000000001248000 	/usr/lib/system/liblaunch.dylib
0x0000000001248000 	/usr/lib/system/libmacho.dylib
0x0000000001248000 	/usr/lib/system/libquarantine.dylib
0x0000000001248000 	/usr/lib/system/libremovefile.dylib
0x0000000001248000 	/usr/lib/system/libsystem_asl.dylib
0x0000000001248000 	/usr/lib/system/libsystem_blocks.dylib
0x0000000001248000 	/usr/lib/system/libsystem_c.dylib
0x0000000001248000 	/usr/lib/system/libsystem_configuration.dylib
0x0000000001248000 	/usr/lib/system/libsystem_coreservices.dylib
0x0000000001248000 	/usr/lib/system/libsystem_coretls.dylib
0x0000000001248000 	/usr/lib/system/libsystem_dnssd.dylib
0x0000000001248000 	/usr/lib/system/libsystem_info.dylib
0x0000000001248000 	/usr/lib/system/libsystem_kernel.dylib
0x0000000001248000 	/usr/lib/system/libsystem_m.dylib
0x0000000001248000 	/usr/lib/system/libsystem_malloc.dylib
0x0000000001248000 	/usr/lib/system/libsystem_network.dylib
0x0000000001248000 	/usr/lib/system/libsystem_networkextension.dylib
0x0000000001248000 	/usr/lib/system/libsystem_notify.dylib
0x0000000001248000 	/usr/lib/system/libsystem_platform.dylib
0x0000000001248000 	/usr/lib/system/libsystem_pthread.dylib
0x0000000001248000 	/usr/lib/system/libsystem_sandbox.dylib
0x0000000001248000 	/usr/lib/system/libsystem_secinit.dylib
0x0000000001248000 	/usr/lib/system/libsystem_trace.dylib
0x0000000001248000 	/usr/lib/system/libunc.dylib
0x0000000001248000 	/usr/lib/system/libunwind.dylib
0x0000000001248000 	/usr/lib/system/libxpc.dylib
0x0000000001248000 	/usr/lib/libenergytrace.dylib
0x0000000001248000 	/usr/lib/libbsm.0.dylib
0x0000000001248000 	/usr/lib/system/libkxld.dylib
0x0000000001248000 	/usr/lib/libxar.1.dylib
0x0000000001248000 	/usr/lib/libsqlite3.dylib
0x0000000001248000 	/usr/lib/libpam.2.dylib
0x0000000001248000 	/usr/lib/libOpenScriptingUtil.dylib
0x0000000001248000 	/usr/lib/libbz2.1.0.dylib
0x0000000001248000 	/usr/lib/liblzma.5.dylib
0x0000000001248000 	/System/Library/Frameworks/CoreServices.framework/Versions/A/Frameworks/FSEvents.framework/Versions/A/FSEvents
0x0000000001248000 	/System/Library/Frameworks/CoreServices.framework/Versions/A/Frameworks/CarbonCore.framework/Versions/A/CarbonCore
0x0000000001248000 	/System/Library/Frameworks/CoreServices.framework/Versions/A/Frameworks/Metadata.framework/Versions/A/Metadata
0x0000000001248000 	/System/Library/Frameworks/CoreServices.framework/Versions/A/Frameworks/OSServices.framework/Versions/A/OSServices
0x0000000001248000 	/System/Library/Frameworks/CoreServices.framework/Versions/A/Frameworks/SearchKit.framework/Versions/A/SearchKit
0x0000000001248000 	/System/Library/Frameworks/CoreServices.framework/Versions/A/Frameworks/AE.framework/Versions/A/AE
0x0000000001248000 	/System/Library/Frameworks/CoreServices.framework/Versions/A/Frameworks/LaunchServices.framework/Versions/A/LaunchServices
0x0000000001248000 	/System/Library/Frameworks/CoreServices.framework/Versions/A/Frameworks/DictionaryServices.framework/Versions/A/DictionaryServices
0x0000000001248000 	/System/Library/Frameworks/CoreServices.framework/Versions/A/Frameworks/SharedFileList.framework/Versions/A/SharedFileList
0x0000000001248000 	/System/Library/Frameworks/NetFS.framework/Versions/A/NetFS
0x0000000001248000 	/System/Library/PrivateFrameworks/NetAuth.framework/Versions/A/NetAuth
0x0000000001248000 	/System/Library/PrivateFrameworks/login.framework/Versions/A/Frameworks/loginsupport.framework/Versions/A/loginsupport
0x0000000001248000 	/System/Library/PrivateFrameworks/TCC.framework/Versions/A/TCC
0x0000000001248000 	/usr/lib/libmecabra.dylib
0x0000000001248000 	/System/Library/Frameworks/ApplicationServices.framework/Versions/A/Frameworks/ATS.framework/Versions/A/ATS
0x0000000001248000 	/System/Library/Frameworks/ApplicationServices.framework/Versions/A/Frameworks/ColorSync.framework/Versions/A/ColorSync
0x0000000001248000 	/System/Library/Frameworks/ApplicationServices.framework/Versions/A/Frameworks/HIServices.framework/Versions/A/HIServices
0x0000000001248000 	/System/Library/Frameworks/ApplicationServices.framework/Versions/A/Frameworks/LangAnalysis.framework/Versions/A/LangAnalysis
0x0000000001248000 	/System/Library/Frameworks/ApplicationServices.framework/Versions/A/Frameworks/PrintCore.framework/Versions/A/PrintCore
0x0000000001248000 	/System/Library/Frameworks/ApplicationServices.framework/Versions/A/Frameworks/QD.framework/Versions/A/QD
0x0000000001248000 	/System/Library/Frameworks/ApplicationServices.framework/Versions/A/Frameworks/SpeechSynthesis.framework/Versions/A/SpeechSynthesis
0x0000000001248000 	/System/Library/Frameworks/Metal.framework/Versions/A/Metal
0x0000000001248000 	/System/Library/Frameworks/Accelerate.framework/Versions/A/Frameworks/vImage.framework/Versions/A/vImage
0x0000000001248000 	/System/Library/Frameworks/Accelerate.framework/Versions/A/Frameworks/vecLib.framework/Versions/A/vecLib
0x0000000001248000 	/System/Library/Frameworks/Accelerate.framework/Versions/A/Frameworks/vecLib.framework/Versions/A/libvDSP.dylib
0x0000000001248000 	/System/Library/Frameworks/Accelerate.framework/Versions/A/Frameworks/vecLib.framework/Versions/A/libvMisc.dylib
0x0000000001248000 	/System/Library/Frameworks/Accelerate.framework/Versions/A/Frameworks/vecLib.framework/Versions/A/libLAPACK.dylib
0x0000000001248000 	/System/Library/Frameworks/Accelerate.framework/Versions/A/Frameworks/vecLib.framework/Versions/A/libBLAS.dylib
0x0000000001248000 	/System/Library/Frameworks/Accelerate.framework/Versions/A/Frameworks/vecLib.framework/Versions/A/libLinearAlgebra.dylib
0x0000000001248000 	/System/Library/Frameworks/Accelerate.framework/Versions/A/Frameworks/vecLib.framework/Versions/A/libSparseBLAS.dylib
0x0000000001248000 	/System/Library/PrivateFrameworks/GPUCompiler.framework/libmetal_timestamp.dylib
0x0000000001248000 	/System/Library/Frameworks/OpenGL.framework/Versions/A/Libraries/libCoreFSCache.dylib
0x0000000001248000 	/System/Library/PrivateFrameworks/IOAccelerator.framework/Versions/A/IOAccelerator
0x0000000001248000 	/System/Library/Frameworks/ApplicationServices.framework/Versions/A/Frameworks/ATS.framework/Versions/A/Resources/libFontParser.dylib
0x0000000001248000 	/System/Library/Frameworks/ApplicationServices.framework/Versions/A/Frameworks/ATS.framework/Versions/A/Resources/libFontRegistry.dylib
0x0000000001248000 	/System/Library/PrivateFrameworks/AppleVPA.framework/Versions/A/AppleVPA
0x0000000001248000 	/System/Library/PrivateFrameworks/AppleJPEG.framework/Versions/A/AppleJPEG
0x0000000001248000 	/System/Library/Frameworks/ImageIO.framework/Versions/A/Resources/libJPEG.dylib
0x0000000001248000 	/System/Library/Frameworks/ImageIO.framework/Versions/A/Resources/libTIFF.dylib
0x0000000001248000 	/System/Library/Frameworks/ImageIO.framework/Versions/A/Resources/libPng.dylib
0x0000000001248000 	/System/Library/Frameworks/ImageIO.framework/Versions/A/Resources/libGIF.dylib
0x0000000001248000 	/System/Library/Frameworks/ImageIO.framework/Versions/A/Resources/libJP2.dylib
0x0000000001248000 	/System/Library/Frameworks/ImageIO.framework/Versions/A/Resources/libRadiance.dylib
0x0000000001248000 	/System/Library/Frameworks/CoreVideo.framework/Versions/A/CoreVideo
0x0000000001248000 	/System/Library/Frameworks/OpenGL.framework/Versions/A/Libraries/libGLU.dylib
0x0000000001248000 	/System/Library/Frameworks/OpenGL.framework/Versions/A/Libraries/libGFXShared.dylib
0x0000000001248000 	/System/Library/Frameworks/OpenGL.framework/Versions/A/Libraries/libGL.dylib
0x0000000001248000 	/System/Library/Frameworks/OpenGL.framework/Versions/A/Libraries/libGLImage.dylib
0x0000000001248000 	/System/Library/Frameworks/OpenGL.framework/Versions/A/Libraries/libCVMSPluginSupport.dylib
0x0000000001248000 	/System/Library/Frameworks/OpenGL.framework/Versions/A/Libraries/libCoreVMClient.dylib
0x0000000001248000 	/usr/lib/libcups.2.dylib
0x0000000001248000 	/System/Library/Frameworks/Kerberos.framework/Versions/A/Kerberos
0x0000000001248000 	/System/Library/Frameworks/GSS.framework/Versions/A/GSS
0x0000000001248000 	/usr/lib/libresolv.9.dylib
0x0000000001248000 	/usr/lib/libiconv.2.dylib
0x0000000001248000 	/System/Library/PrivateFrameworks/Heimdal.framework/Versions/A/Heimdal
0x0000000001248000 	/usr/lib/libheimdal-asn1.dylib
0x0000000001248000 	/System/Library/Frameworks/OpenDirectory.framework/Versions/A/OpenDirectory
0x0000000001248000 	/System/Library/PrivateFrameworks/CommonAuth.framework/Versions/A/CommonAuth
0x0000000001248000 	/System/Library/Frameworks/OpenDirectory.framework/Versions/A/Frameworks/CFOpenDirectory.framework/Versions/A/CFOpenDirectory
0x0000000001248000 	/System/Library/Frameworks/SecurityFoundation.framework/Versions/A/SecurityFoundation
0x0000000001248000 	/System/Library/PrivateFrameworks/LanguageModeling.framework/Versions/A/LanguageModeling
0x0000000001248000 	/usr/lib/libmarisa.dylib
0x0000000001248000 	/usr/lib/libChineseTokenizer.dylib
0x0000000001248000 	/usr/lib/libcmph.dylib
0x0000000001248000 	/usr/lib/libcompression.dylib
0x0000000001248000 	/System/Library/Frameworks/ServiceManagement.framework/Versions/A/ServiceManagement
0x0000000001248000 	/usr/lib/libxslt.1.dylib
0x0000000001248000 	/System/Library/Frameworks/Carbon.framework/Versions/A/Frameworks/Ink.framework/Versions/A/Ink
0x0000000001248000 	/usr/lib/libFosl_dynamic.dylib
0x0000000001248000 	/System/Library/PrivateFrameworks/FaceCore.framework/Versions/A/FaceCore
0x0000000001248000 	/System/Library/Frameworks/OpenCL.framework/Versions/A/OpenCL
0x0000000001248000 	/System/Library/PrivateFrameworks/CrashReporterSupport.framework/Versions/A/CrashReporterSupport
0x0000000001248000 	/System/Library/PrivateFrameworks/IconServices.framework/Versions/A/IconServices
0x0000000001248000 	/System/Library/PrivateFrameworks/Apple80211.framework/Versions/A/Apple80211
0x0000000001248000 	/System/Library/Frameworks/CoreWLAN.framework/Versions/A/CoreWLAN
0x0000000001248000 	/System/Library/Frameworks/IOBluetooth.framework/Versions/A/IOBluetooth
0x0000000001248000 	/System/Library/PrivateFrameworks/CoreWiFi.framework/Versions/A/CoreWiFi
0x0000000001248000 	/System/Library/Frameworks/CoreBluetooth.framework/Versions/A/CoreBluetooth
0x0000000001248000 	/System/Library/PrivateFrameworks/ChunkingLibrary.framework/Versions/A/ChunkingLibrary
0x0000000001248000 	/System/Library/PrivateFrameworks/DebugSymbols.framework/Versions/A/DebugSymbols
0x0000000001248000 	/System/Library/PrivateFrameworks/CoreSymbolication.framework/Versions/A/CoreSymbolication
0x0000000001248000 	/System/Library/PrivateFrameworks/Symbolication.framework/Versions/A/Symbolication
0x0000000001248000 	/System/Library/PrivateFrameworks/SpeechRecognitionCore.framework/Versions/A/SpeechRecognitionCore
0x000000010c452000 	/Library/Java/JavaVirtualMachines/jdk1.8.0_45.jdk/Contents/Home/jre/lib/server/libjvm.dylib
0x0000000001248000 	/usr/lib/libstdc++.6.dylib
0x000000010d3bb000 	/Library/Java/JavaVirtualMachines/jdk1.8.0_45.jdk/Contents/Home/jre/lib/libverify.dylib
0x000000010d3c9000 	/Library/Java/JavaVirtualMachines/jdk1.8.0_45.jdk/Contents/Home/jre/lib/libjava.dylib
0x000000010dc0c000 	/Library/Java/JavaVirtualMachines/jdk1.8.0_45.jdk/Contents/Home/jre/lib/libzip.dylib
0x0000000123578000 	/System/Library/Frameworks/JavaVM.framework/Frameworks/JavaRuntimeSupport.framework/JavaRuntimeSupport
0x0000000123593000 	/System/Library/Frameworks/JavaVM.framework/Versions/A/Frameworks/JavaNativeFoundation.framework/Versions/A/JavaNativeFoundation
0x00000001235a8000 	/System/Library/Frameworks/JavaVM.framework/Versions/A/JavaVM
0x0000000001248000 	/System/Library/Frameworks/Carbon.framework/Versions/A/Carbon
0x00000001235b5000 	/System/Library/PrivateFrameworks/JavaLaunching.framework/Versions/A/JavaLaunching
0x0000000001248000 	/System/Library/Frameworks/Carbon.framework/Versions/A/Frameworks/CommonPanels.framework/Versions/A/CommonPanels
0x0000000001248000 	/System/Library/Frameworks/Carbon.framework/Versions/A/Frameworks/Help.framework/Versions/A/Help
0x0000000001248000 	/System/Library/Frameworks/Carbon.framework/Versions/A/Frameworks/ImageCapture.framework/Versions/A/ImageCapture
0x0000000001248000 	/System/Library/Frameworks/Carbon.framework/Versions/A/Frameworks/OpenScripting.framework/Versions/A/OpenScripting
0x0000000001248000 	/System/Library/Frameworks/Carbon.framework/Versions/A/Frameworks/Print.framework/Versions/A/Print
0x0000000001248000 	/System/Library/Frameworks/Carbon.framework/Versions/A/Frameworks/SecurityHI.framework/Versions/A/SecurityHI
0x0000000125063000 	/Applications/IntelliJ IDEA 15.app/Contents/bin/libbreakgen64.jnilib
0x0000000125066000 	/Library/Java/JavaVirtualMachines/jdk1.8.0_45.jdk/Contents/Home/jre/lib/libnet.dylib
0x00000001250c5000 	/Library/Frameworks/R.framework/Versions/3.2/Resources/library/rJava/jri/libjri.jnilib
0x00000001250d1000 	/Library/Frameworks/R.framework/Versions/3.2/Resources/lib/libR.dylib
0x00000001254e8000 	/usr/lib/libpcre.0.dylib
0x000000012551c000 	/Library/Frameworks/R.framework/Versions/3.2/Resources/lib/libRblas.dylib
0x000000012554c000 	/Library/Frameworks/R.framework/Versions/3.2/Resources/lib/libgfortran.3.dylib
0x00000001256b7000 	/Library/Frameworks/R.framework/Versions/3.2/Resources/lib/libquadmath.0.dylib
0x00000001256f8000 	/Library/Frameworks/R.framework/Versions/3.2/Resources/lib/libreadline.5.2.dylib
0x0000000125736000 	/Library/Frameworks/R.framework/Versions/3.2/Resources/lib/libgcc_s_x86_64.1.dylib
0x0000000001248000 	/usr/lib/libncurses.5.4.dylib

VM Arguments:
jvm_args: -Djava.library.path=/Library/Frameworks/R.framework/Resources/library/rJava/jri/ -Didea.launcher.port=7543 -Didea.launcher.bin.path=/Applications/IntelliJ IDEA 15.app/Contents/bin -Dfile.encoding=UTF-8 
java_command: com.intellij.rt.execution.application.AppMain de.fosd.jdime.dependencyGraph.HelloRWorld
java_class_path (initial): /Library/Java/JavaVirtualMachines/jdk1.8.0_45.jdk/Contents/Home/lib/ant-javafx.jar:/Library/Java/JavaVirtualMachines/jdk1.8.0_45.jdk/Contents/Home/lib/dt.jar:/Library/Java/JavaVirtualMachines/jdk1.8.0_45.jdk/Contents/Home/lib/javafx-mx.jar:/Library/Java/JavaVirtualMachines/jdk1.8.0_45.jdk/Contents/Home/lib/jconsole.jar:/Library/Java/JavaVirtualMachines/jdk1.8.0_45.jdk/Contents/Home/lib/packager.jar:/Library/Java/JavaVirtualMachines/jdk1.8.0_45.jdk/Contents/Home/lib/sa-jdi.jar:/Library/Java/JavaVirtualMachines/jdk1.8.0_45.jdk/Contents/Home/lib/tools.jar:/Library/Java/JavaVirtualMachines/jdk1.8.0_45.jdk/Contents/Home/jre/lib/charsets.jar:/Library/Java/JavaVirtualMachines/jdk1.8.0_45.jdk/Contents/Home/jre/lib/deploy.jar:/Library/Java/JavaVirtualMachines/jdk1.8.0_45.jdk/Contents/Home/jre/lib/javaws.jar:/Library/Java/JavaVirtualMachines/jdk1.8.0_45.jdk/Contents/Home/jre/lib/jce.jar:/Library/Java/JavaVirtualMachines/jdk1.8.0_45.jdk/Contents/Home/jre/lib/jfr.jar:/Library/Java/JavaVirtualMachines/jdk1.8.0_45.jdk/Contents/Home/jre/lib/jfxswt.jar:/Library/Java/JavaVirtualMachines/jdk1.8.0_45.jdk/Contents/Home/jre/lib/jsse.jar:/Library/Java/JavaVirtualMachines/jdk1.8.0_45.jdk/Contents/Home/jre/lib/management-agent.jar:/Library/Java/JavaVirtualMachines/jdk1.8.0_45.jdk/Contents/Home/jre/lib/plugin.jar:/Library/Java/JavaVirtualMachines/jdk1.8.0_45.jdk/Contents/Home/jre/lib/resources.jar:/Library/Java/JavaVirtualMachines/jdk1.8.0_45.jdk/Contents/Home/jre/lib/rt.jar:/Library/Java/JavaVirtualMachines/jdk1.8.0_45.jdk/Contents/Home/jre/lib/ext/cldrdata.jar:/Library/Java/JavaVirtualMachines/jdk1.8.0_45.jdk/Contents/Home/jre/lib/ext/dnsns.jar:/Library/Java/JavaVirtualMachines/jdk1.8.0_45.jdk/Contents/Home/jre/lib/ext/jfxrt.jar:/Library/Java/JavaVirtualMachines/jdk1.8.0_45.jdk/Contents/Home/jre/lib/ext/localedata.jar:/Library/Java/JavaVirtualMachines/jdk1.8.0_45.jdk/Contents/Home/jre/lib/ext/nashorn.jar:/Library/Java/JavaVirtualMachines/jdk1.8.0_45.jdk/Conten
Launcher Type: SUN_STANDARD

Environment Variables:
JAVA_HOME=/Library/Java/JavaVirtualMachines/jdk1.8.0_45.jdk/Contents/Home
PATH=/Library/Frameworks/R.framework/Resources/bin/
SHELL=/bin/bash

Signal Handlers:
SIGSEGV: [libjvm.dylib+0x58ef95], sa_mask[0]=11111111011111110111111111111111, sa_flags=SA_ONSTACK|SA_RESTART|SA_SIGINFO
SIGBUS: [libjvm.dylib+0x58ef95], sa_mask[0]=11111111011111110111111111111111, sa_flags=SA_RESTART|SA_SIGINFO
SIGFPE: [libjvm.dylib+0x46c108], sa_mask[0]=11111111011111110111111111111111, sa_flags=SA_RESTART|SA_SIGINFO
SIGPIPE: [libjvm.dylib+0x46c108], sa_mask[0]=11111111011111110111111111111111, sa_flags=SA_RESTART|SA_SIGINFO
SIGXFSZ: [libjvm.dylib+0x46c108], sa_mask[0]=11111111011111110111111111111111, sa_flags=SA_RESTART|SA_SIGINFO
SIGILL: [libjvm.dylib+0x46c108], sa_mask[0]=11111111011111110111111111111111, sa_flags=SA_RESTART|SA_SIGINFO
SIGUSR1: SIG_DFL, sa_mask[0]=00000000000000000000000000000000, sa_flags=none
SIGUSR2: [libjvm.dylib+0x46bc26], sa_mask[0]=00100000000000000000000000000000, sa_flags=SA_RESTART|SA_SIGINFO
SIGHUP: [libjvm.dylib+0x46a1f9], sa_mask[0]=11111111011111110111111111111111, sa_flags=SA_RESTART|SA_SIGINFO
SIGINT: [libjvm.dylib+0x46a1f9], sa_mask[0]=11111111011111110111111111111111, sa_flags=SA_RESTART|SA_SIGINFO
SIGTERM: [libjvm.dylib+0x46a1f9], sa_mask[0]=11111111011111110111111111111111, sa_flags=SA_RESTART|SA_SIGINFO
SIGQUIT: [libjvm.dylib+0x46a1f9], sa_mask[0]=11111111011111110111111111111111, sa_flags=SA_RESTART|SA_SIGINFO


---------------  S Y S T E M  ---------------

OS:Bsduname:Darwin 15.2.0 Darwin Kernel Version 15.2.0: Fri Nov 13 19:56:56 PST 2015; root:xnu-3248.20.55~2/RELEASE_X86_64 x86_64
rlimit: STACK 8192k, CORE 0k, NPROC 709, NOFILE 10240, AS infinity
load average:2.89 2.59 2.84

CPU:total 4 (2 cores per cpu, 2 threads per core) family 6 model 61 stepping 4, cmov, cx8, fxsr, mmx, sse, sse2, sse3, ssse3, sse4.1, sse4.2, popcnt, avx, avx2, aes, clmul, erms, 3dnowpref, lzcnt, ht, tsc, tscinvbit, bmi1, bmi2, adx

Memory: 4k page, physical 8388608k(29912k free)

/proc/meminfo:


vm_info: Java HotSpot(TM) 64-Bit Server VM (25.45-b02) for bsd-amd64 JRE (1.8.0_45-b14), built on Apr 10 2015 10:46:38 by "java_re" with gcc 4.2.1 (Based on Apple Inc. build 5658) (LLVM build 2336.11.00)

time: Sun Feb 14 14:27:58 2016
elapsed time: 0 seconds (0d 0h 0m 0s)

