#
# A fatal error has been detected by the Java Runtime Environment:
#
#  SIGSEGV (0xb) at pc=0x0000000126826c5a, pid=59201, tid=4099
#
# JRE version: Java(TM) SE Runtime Environment (8.0_45-b14) (build 1.8.0_45-b14)
# Java VM: Java HotSpot(TM) 64-Bit Server VM (25.45-b02 mixed mode bsd-amd64 compressed oops)
# Problematic frame:
# C  [igraph.so+0x114c5a]  igraph_i_2wheap_sink+0xaa
#
# Failed to write core dump. Core dumps have been disabled. To enable core dumping, try "ulimit -c unlimited" before starting Java again
#
# If you would like to submit a bug report, please visit:
#   http://bugreport.java.com/bugreport/crash.jsp
# The crash happened outside the Java Virtual Machine in native code.
# See problematic frame for where to report the bug.
#

---------------  T H R E A D  ---------------

Current thread (0x00007f9eca80e800):  JavaThread "main" [_thread_in_native, id=4099, stack(0x0000700000084000,0x0000700000184000)]

siginfo: si_signo: 11 (SIGSEGV), si_code: 0 (unknown), si_addr: 0x0000000000000000

Registers:
RAX=0x00007f9ed0dade00, RBX=0xfffffffffffffffd, RCX=0xfffffffffffffffb, RDX=0x00007f9ecff72800
RSP=0x000070000017fec0, RBP=0x000070000017fee0, RSI=0xffffffffffffffff, RDI=0x00007f9ecc0d6900
R8 =0x0000000000000000, R9 =0x00007f9ed0d44400, R10=0x00000000000036d1, R11=0x0000000000000000
R12=0x0000000000000273, R13=0x0000700000180208, R14=0x0000700000180030, R15=0x0000700000180028
RIP=0x0000000126826c5a, EFLAGS=0x0000000000010293, ERR=0x0000000000000000
  TRAPNO=0x000000000000000d

Top of Stack: (sp=0x000070000017fec0)
0x000070000017fec0:   00007f9ed0d44400 fffffffffffffffe
0x000070000017fed0:   0000700000180028 0000000000000000
0x000070000017fee0:   000070000017ff10 000000012682724c
0x000070000017fef0:   0000700000180028 0000000126ea7000
0x000070000017ff00:   000000000000686b 00000000000000d1
0x000070000017ff10:   00007000001800a0 00000001267b09b6
0x000070000017ff20:   4014000000000000 0000021326227a56
0x000070000017ff30:   0000000000000001 0000000000000004
0x000070000017ff40:   00000001250aaea8 c008000000000000
0x000070000017ff50:   000000067ab4e5a8 0000000000000147
0x000070000017ff60:   0000000000000001 0000000000000000
0x000070000017ff70:   000000000000686b 0000000000003879
0x000070000017ff80:   0000700000180238 bff0000000000000
0x000070000017ff90:   0000000100007000 0000700000180220
0x000070000017ffa0:   40cc3c8000000000 00007f9ecc364c00
0x000070000017ffb0:   00007f9ecc380fc8 00007f9ecc3708a0
0x000070000017ffc0:   00007f9ecff3c000 00007f9ecff583c8
0x000070000017ffd0:   00007f9ecff583c8 00007f9ecff1fc00
0x000070000017ffe0:   00007f9ecff3bfc8 00007f9ecff3bfc8
0x000070000017fff0:   00007f9ecfeb4200 00007f9ecfed05c8
0x0000700000180000:   00007f9ecfed05c8 0000000000003879
0x0000700000180010:   0000000126ea7000 00007f9e00003879
0x0000700000180020:   00000001250a9000 0000000000003879
0x0000700000180030:   00007f9ed0d44400 00007f9ed0d4c400
0x0000700000180040:   00007f9ed0d495b0 00007f9ed0dade00
0x0000700000180050:   00007f9ed0db5e00 00007f9ed0db2fb0
0x0000700000180060:   00007f9ecff72800 00007f9ecff8ebc8
0x0000700000180070:   00007f9ecff8ebc8 0000700000180208
0x0000700000180080:   0000000000003879 0000700000180238
0x0000700000180090:   0000700000180220 0000000000000001
0x00007000001800a0:   00007000001801f0 00000001267b0dbd
0x00007000001800b0:   00007f9ed0921cd8 00007f9eca666ec8 

Instructions: (pc=0x0000000126826c5a)
0x0000000126826c3a:   0f 11 0c c8 49 8b 47 20 49 8b 57 38 4c 8b 04 d8
0x0000000126826c4a:   48 8b 3c c8 48 8d 71 02 4a 89 34 c2 48 8d 73 02
0x0000000126826c5a:   48 89 34 fa 48 89 3c d8 4c 89 04 c8 eb 38 f2 0f
0x0000000126826c6a:   11 0c d8 f2 0f 11 44 d0 10 49 8b 47 20 4d 8b 4f 

Register to memory mapping:

RAX=0x00007f9ed0dade00 is an unknown value
RBX=0xfffffffffffffffd is an unknown value
RCX=0xfffffffffffffffb is an unknown value
RDX=0x00007f9ecff72800 is an unknown value
RSP=0x000070000017fec0 is pointing into the stack for thread: 0x00007f9eca80e800
RBP=0x000070000017fee0 is pointing into the stack for thread: 0x00007f9eca80e800
RSI=0xffffffffffffffff is an unknown value
RDI=0x00007f9ecc0d6900 is an unknown value
R8 =0x0000000000000000 is an unknown value
R9 =0x00007f9ed0d44400 is an unknown value
R10=0x00000000000036d1 is an unknown value
R11=0x0000000000000000 is an unknown value
R12=0x0000000000000273 is an unknown value
R13=0x0000700000180208 is pointing into the stack for thread: 0x00007f9eca80e800
R14=0x0000700000180030 is pointing into the stack for thread: 0x00007f9eca80e800
R15=0x0000700000180028 is pointing into the stack for thread: 0x00007f9eca80e800


Stack: [0x0000700000084000,0x0000700000184000],  sp=0x000070000017fec0,  free space=1007k
Native frames: (J=compiled Java code, j=interpreted, Vv=VM code, C=native code)
C  [igraph.so+0x114c5a]  igraph_i_2wheap_sink+0xaa
C  [igraph.so+0x11524c]  igraph_2wheap_modify+0x2c
C  [igraph.so+0x9e9b6]  igraph_i_edge_betweenness_estimate_weighted+0x646
C  [igraph.so+0x9edbd]  igraph_edge_betweenness_estimate+0x6d
C  [igraph.so+0x2b03c0]  R_igraph_edge_betweenness+0xc0
C  [libR.dylib+0x77f37]  do_dotcall+0x147
C  [libR.dylib+0xa419c]  Rf_eval+0x3dc
C  [libR.dylib+0xfd973]  do_begin+0x1c3
C  [libR.dylib+0xa43ce]  Rf_eval+0x60e
C  [libR.dylib+0xfa9e0]  Rf_applyClosure+0x560
C  [libR.dylib+0xa42d7]  Rf_eval+0x517
C  [libR.dylib+0xfe4e2]  do_set+0x742
C  [libR.dylib+0xa43ce]  Rf_eval+0x60e
C  [libR.dylib+0xfd973]  do_begin+0x1c3
C  [libR.dylib+0xa43ce]  Rf_eval+0x60e
C  [libR.dylib+0xfa9e0]  Rf_applyClosure+0x560
C  [libR.dylib+0xa42d7]  Rf_eval+0x517
C  [libR.dylib+0x5ef33]  protectedEval+0x23
C  [libR.dylib+0x5ed88]  R_ToplevelExec+0x1c8
C  [libR.dylib+0x5eedc]  R_tryEval+0x2c
C  [libjri.jnilib+0x196a]  Java_org_rosuda_JRI_Rengine_rniEval+0x7a
j  org.rosuda.JRI.Rengine.rniEval(JJ)J+0
j  org.rosuda.JRI.Rengine.eval(Ljava/lang/String;Z)Lorg/rosuda/JRI/REXP;+69
j  de.fosd.jdime.dependencyGraph.RCommunityDetection.calculateEachGraph(Lorg/rosuda/JRI/Rengine;Ljava/lang/String;I)V+42
j  de.fosd.jdime.dependencyGraph.RCommunityDetection.<init>(Ljava/lang/String;)V+501
j  de.fosd.jdime.testJDimeCpp.testRComDetect.test10()V+22
v  ~StubRoutines::call_stub
V  [libjvm.dylib+0x2e032a]  JavaCalls::call_helper(JavaValue*, methodHandle*, JavaCallArguments*, Thread*)+0x6ae
V  [libjvm.dylib+0x4b4146]  Reflection::invoke(instanceKlassHandle, methodHandle, Handle, bool, objArrayHandle, BasicType, objArrayHandle, bool, Thread*)+0xdf8
V  [libjvm.dylib+0x4b4660]  Reflection::invoke_method(oopDesc*, Handle, objArrayHandle, Thread*)+0x16c
V  [libjvm.dylib+0x330500]  JVM_InvokeMethod+0x166
j  sun.reflect.NativeMethodAccessorImpl.invoke0(Ljava/lang/reflect/Method;Ljava/lang/Object;[Ljava/lang/Object;)Ljava/lang/Object;+0
j  sun.reflect.NativeMethodAccessorImpl.invoke(Ljava/lang/Object;[Ljava/lang/Object;)Ljava/lang/Object;+100
j  sun.reflect.DelegatingMethodAccessorImpl.invoke(Ljava/lang/Object;[Ljava/lang/Object;)Ljava/lang/Object;+6
j  java.lang.reflect.Method.invoke(Ljava/lang/Object;[Ljava/lang/Object;)Ljava/lang/Object;+56
j  org.junit.runners.model.FrameworkMethod$1.runReflectiveCall()Ljava/lang/Object;+15
j  org.junit.internal.runners.model.ReflectiveCallable.run()Ljava/lang/Object;+1
j  org.junit.runners.model.FrameworkMethod.invokeExplosively(Ljava/lang/Object;[Ljava/lang/Object;)Ljava/lang/Object;+10
j  org.junit.internal.runners.statements.InvokeMethod.evaluate()V+12
j  org.junit.runners.ParentRunner.runLeaf(Lorg/junit/runners/model/Statement;Lorg/junit/runner/Description;Lorg/junit/runner/notification/RunNotifier;)V+17
j  org.junit.runners.BlockJUnit4ClassRunner.runChild(Lorg/junit/runners/model/FrameworkMethod;Lorg/junit/runner/notification/RunNotifier;)V+30
j  org.junit.runners.BlockJUnit4ClassRunner.runChild(Ljava/lang/Object;Lorg/junit/runner/notification/RunNotifier;)V+6
j  org.junit.runners.ParentRunner$3.run()V+12
j  org.junit.runners.ParentRunner$1.schedule(Ljava/lang/Runnable;)V+1
j  org.junit.runners.ParentRunner.runChildren(Lorg/junit/runner/notification/RunNotifier;)V+44
j  org.junit.runners.ParentRunner.access$000(Lorg/junit/runners/ParentRunner;Lorg/junit/runner/notification/RunNotifier;)V+2
j  org.junit.runners.ParentRunner$2.evaluate()V+8
j  org.junit.runners.ParentRunner.run(Lorg/junit/runner/notification/RunNotifier;)V+20
j  org.junit.runner.JUnitCore.run(Lorg/junit/runner/Runner;)Lorg/junit/runner/Result;+37
j  com.intellij.junit4.JUnit4IdeaTestRunner.startRunnerWithArgs([Ljava/lang/String;Ljava/util/ArrayList;Ljava/lang/String;IZ)I+124
j  com.intellij.rt.execution.junit.JUnitStarter.prepareStreamsAndStart([Ljava/lang/String;ZLjava/util/ArrayList;Ljava/lang/String;)I+288
j  com.intellij.rt.execution.junit.JUnitStarter.main([Ljava/lang/String;)V+106
v  ~StubRoutines::call_stub
V  [libjvm.dylib+0x2e032a]  JavaCalls::call_helper(JavaValue*, methodHandle*, JavaCallArguments*, Thread*)+0x6ae
V  [libjvm.dylib+0x4b4146]  Reflection::invoke(instanceKlassHandle, methodHandle, Handle, bool, objArrayHandle, BasicType, objArrayHandle, bool, Thread*)+0xdf8
V  [libjvm.dylib+0x4b4660]  Reflection::invoke_method(oopDesc*, Handle, objArrayHandle, Thread*)+0x16c
V  [libjvm.dylib+0x330500]  JVM_InvokeMethod+0x166
j  sun.reflect.NativeMethodAccessorImpl.invoke0(Ljava/lang/reflect/Method;Ljava/lang/Object;[Ljava/lang/Object;)Ljava/lang/Object;+0
j  sun.reflect.NativeMethodAccessorImpl.invoke(Ljava/lang/Object;[Ljava/lang/Object;)Ljava/lang/Object;+100
j  sun.reflect.DelegatingMethodAccessorImpl.invoke(Ljava/lang/Object;[Ljava/lang/Object;)Ljava/lang/Object;+6
j  java.lang.reflect.Method.invoke(Ljava/lang/Object;[Ljava/lang/Object;)Ljava/lang/Object;+56
j  com.intellij.rt.execution.application.AppMain.main([Ljava/lang/String;)V+180
v  ~StubRoutines::call_stub
V  [libjvm.dylib+0x2e032a]  JavaCalls::call_helper(JavaValue*, methodHandle*, JavaCallArguments*, Thread*)+0x6ae
V  [libjvm.dylib+0x316a36]  jni_invoke_static(JNIEnv_*, JavaValue*, _jobject*, JNICallType, _jmethodID*, JNI_ArgumentPusher*, Thread*)+0x1bf
V  [libjvm.dylib+0x30f7b0]  jni_CallStaticVoidMethod+0x15d
C  [java+0x39ae]  JavaMain+0x9b1
C  [libsystem_pthread.dylib+0x3c13]  _pthread_body+0x83
C  [libsystem_pthread.dylib+0x3b90]  _pthread_body+0x0
C  [libsystem_pthread.dylib+0x1375]  thread_start+0xd
C  0x0000000000000000

Java frames: (J=compiled Java code, j=interpreted, Vv=VM code)
j  org.rosuda.JRI.Rengine.rniEval(JJ)J+0
j  org.rosuda.JRI.Rengine.eval(Ljava/lang/String;Z)Lorg/rosuda/JRI/REXP;+69
j  de.fosd.jdime.dependencyGraph.RCommunityDetection.calculateEachGraph(Lorg/rosuda/JRI/Rengine;Ljava/lang/String;I)V+42
j  de.fosd.jdime.dependencyGraph.RCommunityDetection.<init>(Ljava/lang/String;)V+501
j  de.fosd.jdime.testJDimeCpp.testRComDetect.test10()V+22
v  ~StubRoutines::call_stub
j  sun.reflect.NativeMethodAccessorImpl.invoke0(Ljava/lang/reflect/Method;Ljava/lang/Object;[Ljava/lang/Object;)Ljava/lang/Object;+0
j  sun.reflect.NativeMethodAccessorImpl.invoke(Ljava/lang/Object;[Ljava/lang/Object;)Ljava/lang/Object;+100
j  sun.reflect.DelegatingMethodAccessorImpl.invoke(Ljava/lang/Object;[Ljava/lang/Object;)Ljava/lang/Object;+6
j  java.lang.reflect.Method.invoke(Ljava/lang/Object;[Ljava/lang/Object;)Ljava/lang/Object;+56
j  org.junit.runners.model.FrameworkMethod$1.runReflectiveCall()Ljava/lang/Object;+15
j  org.junit.internal.runners.model.ReflectiveCallable.run()Ljava/lang/Object;+1
j  org.junit.runners.model.FrameworkMethod.invokeExplosively(Ljava/lang/Object;[Ljava/lang/Object;)Ljava/lang/Object;+10
j  org.junit.internal.runners.statements.InvokeMethod.evaluate()V+12
j  org.junit.runners.ParentRunner.runLeaf(Lorg/junit/runners/model/Statement;Lorg/junit/runner/Description;Lorg/junit/runner/notification/RunNotifier;)V+17
j  org.junit.runners.BlockJUnit4ClassRunner.runChild(Lorg/junit/runners/model/FrameworkMethod;Lorg/junit/runner/notification/RunNotifier;)V+30
j  org.junit.runners.BlockJUnit4ClassRunner.runChild(Ljava/lang/Object;Lorg/junit/runner/notification/RunNotifier;)V+6
j  org.junit.runners.ParentRunner$3.run()V+12
j  org.junit.runners.ParentRunner$1.schedule(Ljava/lang/Runnable;)V+1
j  org.junit.runners.ParentRunner.runChildren(Lorg/junit/runner/notification/RunNotifier;)V+44
j  org.junit.runners.ParentRunner.access$000(Lorg/junit/runners/ParentRunner;Lorg/junit/runner/notification/RunNotifier;)V+2
j  org.junit.runners.ParentRunner$2.evaluate()V+8
j  org.junit.runners.ParentRunner.run(Lorg/junit/runner/notification/RunNotifier;)V+20
j  org.junit.runner.JUnitCore.run(Lorg/junit/runner/Runner;)Lorg/junit/runner/Result;+37
j  com.intellij.junit4.JUnit4IdeaTestRunner.startRunnerWithArgs([Ljava/lang/String;Ljava/util/ArrayList;Ljava/lang/String;IZ)I+124
j  com.intellij.rt.execution.junit.JUnitStarter.prepareStreamsAndStart([Ljava/lang/String;ZLjava/util/ArrayList;Ljava/lang/String;)I+288
j  com.intellij.rt.execution.junit.JUnitStarter.main([Ljava/lang/String;)V+106
v  ~StubRoutines::call_stub
j  sun.reflect.NativeMethodAccessorImpl.invoke0(Ljava/lang/reflect/Method;Ljava/lang/Object;[Ljava/lang/Object;)Ljava/lang/Object;+0
j  sun.reflect.NativeMethodAccessorImpl.invoke(Ljava/lang/Object;[Ljava/lang/Object;)Ljava/lang/Object;+100
j  sun.reflect.DelegatingMethodAccessorImpl.invoke(Ljava/lang/Object;[Ljava/lang/Object;)Ljava/lang/Object;+6
j  java.lang.reflect.Method.invoke(Ljava/lang/Object;[Ljava/lang/Object;)Ljava/lang/Object;+56
j  com.intellij.rt.execution.application.AppMain.main([Ljava/lang/String;)V+180
v  ~StubRoutines::call_stub

---------------  P R O C E S S  ---------------

Java Threads: ( => current thread )
  0x00007f9ed104c000 JavaThread "Thread-0" [_thread_blocked, id=20759, stack(0x0000700000932000,0x0000700000a32000)]
  0x00007f9ed1001000 JavaThread "process reaper" daemon [_thread_blocked, id=15383, stack(0x000070000019a000,0x00007000001c2000)]
  0x00007f9ecb023800 JavaThread "Monitor Ctrl-Break" daemon [_thread_in_native, id=19971, stack(0x00007000010cd000,0x00007000011cd000)]
  0x00007f9ecb012000 JavaThread "Service Thread" daemon [_thread_blocked, id=18947, stack(0x0000700000ec7000,0x0000700000fc7000)]
  0x00007f9ecb817000 JavaThread "C1 CompilerThread2" daemon [_thread_blocked, id=18435, stack(0x0000700000dc4000,0x0000700000ec4000)]
  0x00007f9ecb816800 JavaThread "C2 CompilerThread1" daemon [_thread_blocked, id=17923, stack(0x0000700000cc1000,0x0000700000dc1000)]
  0x00007f9ecb804800 JavaThread "C2 CompilerThread0" daemon [_thread_blocked, id=17411, stack(0x0000700000bbe000,0x0000700000cbe000)]
  0x00007f9eca83a800 JavaThread "Signal Dispatcher" daemon [_thread_blocked, id=16407, stack(0x0000700000abb000,0x0000700000bbb000)]
  0x00007f9ecb003800 JavaThread "Finalizer" daemon [_thread_blocked, id=11779, stack(0x000070000082f000,0x000070000092f000)]
  0x00007f9eca817000 JavaThread "Reference Handler" daemon [_thread_blocked, id=11267, stack(0x000070000072c000,0x000070000082c000)]
=>0x00007f9eca80e800 JavaThread "main" [_thread_in_native, id=4099, stack(0x0000700000084000,0x0000700000184000)]

Other Threads:
  0x00007f9ecc054000 VMThread [stack: 0x0000700000629000,0x0000700000729000] [id=10755]
  0x00007f9ecb029800 WatcherThread [stack: 0x0000700000fca000,0x00007000010ca000] [id=19459]

VM state:not at safepoint (normal execution)

VM Mutex/Monitor currently owned by a thread: None

Heap:
 PSYoungGen      total 679424K, used 138791K [0x0000000795580000, 0x00000007c0000000, 0x00000007c0000000)
  eden space 676352K, 20% used [0x0000000795580000,0x000000079dd09cb0,0x00000007bea00000)
  from space 3072K, 0% used [0x00000007bf400000,0x00000007bf400000,0x00000007bf700000)
  to   space 10240K, 0% used [0x00000007bea00000,0x00000007bea00000,0x00000007bf400000)
 ParOldGen       total 64512K, used 25727K [0x0000000740000000, 0x0000000743f00000, 0x0000000795580000)
  object space 64512K, 39% used [0x0000000740000000,0x000000074191ff48,0x0000000743f00000)
 Metaspace       used 7780K, capacity 7934K, committed 8192K, reserved 1056768K
  class space    used 859K, capacity 933K, committed 1024K, reserved 1048576K

Card table byte_map: [0x000000011d000000,0x000000011d401000] byte_map_base: 0x0000000119600000

Marking Bits: (ParMarkBitMap*) 0x000000010cba97a0
 Begin Bits: [0x000000011d6ac000, 0x000000011f6ac000)
 End Bits:   [0x000000011f6ac000, 0x00000001216ac000)

Polling page: 0x000000010d293000

CodeCache: size=245760Kb used=4134Kb max_used=4788Kb free=241625Kb
 bounds [0x000000010d2a6000, 0x000000010d7a6000, 0x000000011c2a6000]
 total_blobs=1384 nmethods=1066 adapters=232
 compilation: enabled

Compilation events (10 events):
Event: 1343.316 Thread 0x00007f9ecb804800 nmethod 1318 0x000000010d615450 code [0x000000010d6155e0, 0x000000010d615ba8]
Event: 1343.318 Thread 0x00007f9ecb804800 1319       4       sun.nio.cs.UTF_8$Encoder::encodeLoop (28 bytes)
Event: 1343.320 Thread 0x00007f9ecb804800 nmethod 1319 0x000000010d5ae090 code [0x000000010d5ae200, 0x000000010d5ae348]
Event: 1343.323 Thread 0x00007f9ecb804800 1320       4       java.lang.Boolean::valueOf (14 bytes)
Event: 1343.324 Thread 0x00007f9ecb804800 nmethod 1320 0x000000010d5b8b90 code [0x000000010d5b8ce0, 0x000000010d5b8d38]
Event: 1343.342 Thread 0x00007f9ecb816800 nmethod 1308 0x000000010d3ec790 code [0x000000010d3eca40, 0x000000010d3ee938]
Event: 1343.342 Thread 0x00007f9ecb817000 1321 %     3       org.rosuda.JRI.REXP::asDoubleMatrix @ 104 (141 bytes)
Event: 1343.343 Thread 0x00007f9ecb817000 nmethod 1321% 0x000000010d3eb9d0 code [0x000000010d3ebbc0, 0x000000010d3ec288]
Event: 1343.343 Thread 0x00007f9ecb817000 1322       3       org.rosuda.JRI.REXP::asDoubleMatrix (141 bytes)
Event: 1343.344 Thread 0x00007f9ecb817000 nmethod 1322 0x000000010d511550 code [0x000000010d511740, 0x000000010d511d88]

GC Heap History (10 events):
Event: 1328.138 GC heap before
{Heap before GC invocations=650 (full 1):
 PSYoungGen      total 689152K, used 688448K [0x0000000795580000, 0x00000007c0000000, 0x00000007c0000000)
  eden space 679424K, 100% used [0x0000000795580000,0x00000007bed00000,0x00000007bed00000)
  from space 9728K, 92% used [0x00000007bf680000,0x00000007bff50010,0x00000007c0000000)
  to   space 9728K, 0% used [0x00000007bed00000,0x00000007bed00000,0x00000007bf680000)
 ParOldGen       total 57856K, used 51871K [0x0000000740000000, 0x0000000743880000, 0x0000000795580000)
  object space 57856K, 89% used [0x0000000740000000,0x00000007432a7c68,0x0000000743880000)
 Metaspace       used 7690K, capacity 7870K, committed 8192K, reserved 1056768K
  class space    used 852K, capacity 933K, committed 1024K, reserved 1048576K
Event: 1328.171 GC heap after
Heap after GC invocations=650 (full 1):
 PSYoungGen      total 689152K, used 8960K [0x0000000795580000, 0x00000007c0000000, 0x00000007c0000000)
  eden space 679424K, 0% used [0x0000000795580000,0x0000000795580000,0x00000007bed00000)
  from space 9728K, 92% used [0x00000007bed00000,0x00000007bf5c0010,0x00000007bf680000)
  to   space 9728K, 0% used [0x00000007bf680000,0x00000007bf680000,0x00000007c0000000)
 ParOldGen       total 57856K, used 51927K [0x0000000740000000, 0x0000000743880000, 0x0000000795580000)
  object space 57856K, 89% used [0x0000000740000000,0x00000007432b5c98,0x0000000743880000)
 Metaspace       used 7690K, capacity 7870K, committed 8192K, reserved 1056768K
  class space    used 852K, capacity 933K, committed 1024K, reserved 1048576K
}
Event: 1336.052 GC heap before
{Heap before GC invocations=651 (full 1):
 PSYoungGen      total 689152K, used 688384K [0x0000000795580000, 0x00000007c0000000, 0x00000007c0000000)
  eden space 679424K, 100% used [0x0000000795580000,0x00000007bed00000,0x00000007bed00000)
  from space 9728K, 92% used [0x00000007bed00000,0x00000007bf5c0010,0x00000007bf680000)
  to   space 9728K, 0% used [0x00000007bf680000,0x00000007bf680000,0x00000007c0000000)
 ParOldGen       total 57856K, used 51927K [0x0000000740000000, 0x0000000743880000, 0x0000000795580000)
  object space 57856K, 89% used [0x0000000740000000,0x00000007432b5c98,0x0000000743880000)
 Metaspace       used 7692K, capacity 7870K, committed 8192K, reserved 1056768K
  class space    used 852K, capacity 933K, committed 1024K, reserved 1048576K
Event: 1336.096 GC heap after
Heap after GC invocations=651 (full 1):
 PSYoungGen      total 656896K, used 9696K [0x0000000795580000, 0x00000007c0000000, 0x00000007c0000000)
  eden space 647168K, 0% used [0x0000000795580000,0x0000000795580000,0x00000007bcd80000)
  from space 9728K, 99% used [0x00000007bf680000,0x00000007bfff8020,0x00000007c0000000)
  to   space 10240K, 0% used [0x00000007bec00000,0x00000007bec00000,0x00000007bf600000)
 ParOldGen       total 57856K, used 53279K [0x0000000740000000, 0x0000000743880000, 0x0000000795580000)
  object space 57856K, 92% used [0x0000000740000000,0x0000000743407c98,0x0000000743880000)
 Metaspace       used 7692K, capacity 7870K, committed 8192K, reserved 1056768K
  class space    used 852K, capacity 933K, committed 1024K, reserved 1048576K
}
Event: 1339.447 GC heap before
{Heap before GC invocations=652 (full 1):
 PSYoungGen      total 656896K, used 656864K [0x0000000795580000, 0x00000007c0000000, 0x00000007c0000000)
  eden space 647168K, 100% used [0x0000000795580000,0x00000007bcd80000,0x00000007bcd80000)
  from space 9728K, 99% used [0x00000007bf680000,0x00000007bfff8020,0x00000007c0000000)
  to   space 10240K, 0% used [0x00000007bec00000,0x00000007bec00000,0x00000007bf600000)
 ParOldGen       total 57856K, used 53279K [0x0000000740000000, 0x0000000743880000, 0x0000000795580000)
  object space 57856K, 92% used [0x0000000740000000,0x0000000743407c98,0x0000000743880000)
 Metaspace       used 7692K, capacity 7870K, committed 8192K, reserved 1056768K
  class space    used 852K, capacity 933K, committed 1024K, reserved 1048576K
Event: 1339.484 GC heap after
Heap after GC invocations=652 (full 1):
 PSYoungGen      total 624640K, used 8192K [0x0000000795580000, 0x00000007bf700000, 0x00000007c0000000)
  eden space 616448K, 0% used [0x0000000795580000,0x0000000795580000,0x00000007baf80000)
  from space 8192K, 100% used [0x00000007bec00000,0x00000007bf400000,0x00000007bf400000)
  to   space 3072K, 0% used [0x00000007bf400000,0x00000007bf400000,0x00000007bf700000)
 ParOldGen       total 57856K, used 55887K [0x0000000740000000, 0x0000000743880000, 0x0000000795580000)
  object space 57856K, 96% used [0x0000000740000000,0x0000000743693cb8,0x0000000743880000)
 Metaspace       used 7692K, capacity 7870K, committed 8192K, reserved 1056768K
  class space    used 852K, capacity 933K, committed 1024K, reserved 1048576K
}
Event: 1341.945 GC heap before
{Heap before GC invocations=653 (full 1):
 PSYoungGen      total 624640K, used 624640K [0x0000000795580000, 0x00000007bf700000, 0x00000007c0000000)
  eden space 616448K, 100% used [0x0000000795580000,0x00000007baf80000,0x00000007baf80000)
  from space 8192K, 100% used [0x00000007bec00000,0x00000007bf400000,0x00000007bf400000)
  to   space 3072K, 0% used [0x00000007bf400000,0x00000007bf400000,0x00000007bf700000)
 ParOldGen       total 57856K, used 55887K [0x0000000740000000, 0x0000000743880000, 0x0000000795580000)
  object space 57856K, 96% used [0x0000000740000000,0x0000000743693cb8,0x0000000743880000)
 Metaspace       used 7692K, capacity 7870K, committed 8192K, reserved 1056768K
  class space    used 852K, capacity 933K, committed 1024K, reserved 1048576K
Event: 1341.987 GC heap after
Heap after GC invocations=653 (full 1):
 PSYoungGen      total 679424K, used 3072K [0x0000000795580000, 0x00000007c0000000, 0x00000007c0000000)
  eden space 676352K, 0% used [0x0000000795580000,0x0000000795580000,0x00000007bea00000)
  from space 3072K, 100% used [0x00000007bf400000,0x00000007bf700000,0x00000007bf700000)
  to   space 10240K, 0% used [0x00000007bea00000,0x00000007bea00000,0x00000007bf400000)
 ParOldGen       total 60928K, used 60831K [0x0000000740000000, 0x0000000743b80000, 0x0000000795580000)
  object space 60928K, 99% used [0x0000000740000000,0x0000000743b67cb8,0x0000000743b80000)
 Metaspace       used 7692K, capacity 7870K, committed 8192K, reserved 1056768K
  class space    used 852K, capacity 933K, committed 1024K, reserved 1048576K
}
Event: 1341.987 GC heap before
{Heap before GC invocations=654 (full 2):
 PSYoungGen      total 679424K, used 3072K [0x0000000795580000, 0x00000007c0000000, 0x00000007c0000000)
  eden space 676352K, 0% used [0x0000000795580000,0x0000000795580000,0x00000007bea00000)
  from space 3072K, 100% used [0x00000007bf400000,0x00000007bf700000,0x00000007bf700000)
  to   space 10240K, 0% used [0x00000007bea00000,0x00000007bea00000,0x00000007bf400000)
 ParOldGen       total 60928K, used 60831K [0x0000000740000000, 0x0000000743b80000, 0x0000000795580000)
  object space 60928K, 99% used [0x0000000740000000,0x0000000743b67cb8,0x0000000743b80000)
 Metaspace       used 7692K, capacity 7870K, committed 8192K, reserved 1056768K
  class space    used 852K, capacity 933K, committed 1024K, reserved 1048576K
Event: 1342.108 GC heap after
Heap after GC invocations=654 (full 2):
 PSYoungGen      total 679424K, used 0K [0x0000000795580000, 0x00000007c0000000, 0x00000007c0000000)
  eden space 676352K, 0% used [0x0000000795580000,0x0000000795580000,0x00000007bea00000)
  from space 3072K, 0% used [0x00000007bf400000,0x00000007bf400000,0x00000007bf700000)
  to   space 10240K, 0% used [0x00000007bea00000,0x00000007bea00000,0x00000007bf400000)
 ParOldGen       total 64512K, used 25727K [0x0000000740000000, 0x0000000743f00000, 0x0000000795580000)
  object space 64512K, 39% used [0x0000000740000000,0x000000074191ff48,0x0000000743f00000)
 Metaspace       used 7692K, capacity 7870K, committed 8192K, reserved 1056768K
  class space    used 852K, capacity 933K, committed 1024K, reserved 1048576K
}

Deoptimization events (10 events):
Event: 1343.177 Thread 0x00007f9eca80e800 Uncommon trap: reason=unstable_if action=reinterpret pc=0x000000010d658338 method=java.io.BufferedWriter.min(II)I @ 2
Event: 1343.177 Thread 0x00007f9eca80e800 Uncommon trap: reason=unstable_if action=reinterpret pc=0x000000010d5c4bd8 method=sun.nio.cs.UTF_8$Encoder.encodeArrayLoop(Ljava/nio/CharBuffer;Ljava/nio/ByteBuffer;)Ljava/nio/charset/CoderResult; @ 113
Event: 1343.177 Thread 0x00007f9eca80e800 Uncommon trap: reason=unstable_if action=reinterpret pc=0x000000010d66278c method=java.nio.charset.CoderResult.isOverflow()Z @ 5
Event: 1343.179 Thread 0x00007f9eca80e800 Uncommon trap: reason=unstable_if action=reinterpret pc=0x000000010d60c9b0 method=java.nio.charset.CoderResult.isOverflow()Z @ 5
Event: 1343.241 Thread 0x00007f9eca80e800 Uncommon trap: reason=predicate action=maybe_recompile pc=0x000000010d5b6084 method=java.util.AbstractCollection.toArray([Ljava/lang/Object;)[Ljava/lang/Object; @ 49
Event: 1343.259 Thread 0x00007f9eca80e800 Uncommon trap: reason=array_check action=maybe_recompile pc=0x000000010d5e08ec method=java.util.AbstractCollection.toArray([Ljava/lang/Object;)[Ljava/lang/Object; @ 119
Event: 1343.259 Thread 0x00007f9eca80e800 Uncommon trap: reason=array_check action=maybe_recompile pc=0x000000010d5e08ec method=java.util.AbstractCollection.toArray([Ljava/lang/Object;)[Ljava/lang/Object; @ 119
Event: 1343.259 Thread 0x00007f9eca80e800 Uncommon trap: reason=array_check action=maybe_recompile pc=0x000000010d5e08ec method=java.util.AbstractCollection.toArray([Ljava/lang/Object;)[Ljava/lang/Object; @ 119
Event: 1343.259 Thread 0x00007f9eca80e800 Uncommon trap: reason=array_check action=maybe_recompile pc=0x000000010d5e08ec method=java.util.AbstractCollection.toArray([Ljava/lang/Object;)[Ljava/lang/Object; @ 119
Event: 1343.323 Thread 0x00007f9eca80e800 Uncommon trap: reason=unstable_if action=reinterpret pc=0x000000010d695f1c method=sun.nio.cs.StreamEncoder.implClose()V @ 80

Internal exceptions (10 events):
Event: 1016.309 Thread 0x00007f9eca80e800 Exception <a 'java/lang/NoClassDefFoundError': nu/xom/XML1_0Parser> (0x000000079880cfa8) thrown at [/Users/java_re/workspace/8-2-build-macosx-x86_64/jdk8u45/3457/hotspot/src/share/vm/oops/constantPool.cpp, line 235]
Event: 1111.859 Thread 0x00007f9eca80e800 Exception <a 'java/lang/NoClassDefFoundError': nu/xom/XML1_0Parser> (0x00000007b94572e8) thrown at [/Users/java_re/workspace/8-2-build-macosx-x86_64/jdk8u45/3457/hotspot/src/share/vm/oops/constantPool.cpp, line 235]
Event: 1151.103 Thread 0x00007f9eca80e800 Exception <a 'java/lang/NoClassDefFoundError': nu/xom/XML1_0Parser> (0x0000000795a112a8) thrown at [/Users/java_re/workspace/8-2-build-macosx-x86_64/jdk8u45/3457/hotspot/src/share/vm/oops/constantPool.cpp, line 235]
Event: 1226.920 Thread 0x00007f9eca80e800 Exception <a 'java/lang/NoClassDefFoundError': nu/xom/XML1_0Parser> (0x00000007a37c1720) thrown at [/Users/java_re/workspace/8-2-build-macosx-x86_64/jdk8u45/3457/hotspot/src/share/vm/oops/constantPool.cpp, line 235]
Event: 1246.543 Thread 0x00007f9eca80e800 Exception <a 'java/lang/NoClassDefFoundError': nu/xom/XML1_0Parser> (0x00000007a646cd28) thrown at [/Users/java_re/workspace/8-2-build-macosx-x86_64/jdk8u45/3457/hotspot/src/share/vm/oops/constantPool.cpp, line 235]
Event: 1304.871 Thread 0x00007f9eca80e800 Exception <a 'java/lang/NoClassDefFoundError': nu/xom/XML1_0Parser> (0x00000007a281b900) thrown at [/Users/java_re/workspace/8-2-build-macosx-x86_64/jdk8u45/3457/hotspot/src/share/vm/oops/constantPool.cpp, line 235]
Event: 1322.945 Thread 0x00007f9eca80e800 Exception <a 'java/lang/NoClassDefFoundError': nu/xom/XML1_0Parser> (0x00000007b10debe8) thrown at [/Users/java_re/workspace/8-2-build-macosx-x86_64/jdk8u45/3457/hotspot/src/share/vm/oops/constantPool.cpp, line 235]
Event: 1325.437 Thread 0x00007f9eca80e800 Exception <a 'java/lang/NoClassDefFoundError': nu/xom/XML1_0Parser> (0x00000007a109b2a0) thrown at [/Users/java_re/workspace/8-2-build-macosx-x86_64/jdk8u45/3457/hotspot/src/share/vm/oops/constantPool.cpp, line 235]
Event: 1339.104 Thread 0x00007f9eca80e800 Implicit null exception at 0x000000010d3b61df to 0x000000010d3b6475
Event: 1339.104 Thread 0x00007f9eca80e800 Implicit null exception at 0x000000010d46ed86 to 0x000000010d46efd1

Events (10 events):
Event: 1343.315 Thread 0x00007f9eca80e800 DEOPT UNPACKING pc=0x000000010d2ed633 sp=0x0000700000181530 mode 0
Event: 1343.315 Thread 0x00007f9eca80e800 DEOPT PACKING pc=0x000000010d5699d3 sp=0x0000700000181710
Event: 1343.315 Thread 0x00007f9eca80e800 DEOPT UNPACKING pc=0x000000010d2ed633 sp=0x0000700000181530 mode 0
Event: 1343.315 Thread 0x00007f9eca80e800 DEOPT PACKING pc=0x000000010d5699d3 sp=0x0000700000181710
Event: 1343.315 Thread 0x00007f9eca80e800 DEOPT UNPACKING pc=0x000000010d2ed633 sp=0x0000700000181530 mode 0
Event: 1343.319 Thread 0x00007f9eca80e800 Uncommon trap: trap_request=0xffffff65 fr.pc=0x000000010d695f1c
Event: 1343.321 Executing VM operation: RevokeBias
Event: 1343.323 Executing VM operation: RevokeBias done
Event: 1343.323 Thread 0x00007f9eca80e800 DEOPT PACKING pc=0x000000010d695f1c sp=0x0000700000181d90
Event: 1343.323 Thread 0x00007f9eca80e800 DEOPT UNPACKING pc=0x000000010d2ab229 sp=0x0000700000181bf8 mode 2


Dynamic libraries:
0x0000000007117000 	/System/Library/Frameworks/Cocoa.framework/Versions/A/Cocoa
0x0000000007117000 	/System/Library/Frameworks/Security.framework/Versions/A/Security
0x0000000007117000 	/System/Library/Frameworks/ApplicationServices.framework/Versions/A/ApplicationServices
0x0000000007117000 	/usr/lib/libz.1.dylib
0x0000000007117000 	/usr/lib/libSystem.B.dylib
0x0000000007117000 	/usr/lib/libobjc.A.dylib
0x0000000007117000 	/System/Library/Frameworks/CoreFoundation.framework/Versions/A/CoreFoundation
0x0000000007117000 	/System/Library/Frameworks/Foundation.framework/Versions/C/Foundation
0x0000000007117000 	/System/Library/Frameworks/AppKit.framework/Versions/C/AppKit
0x0000000007117000 	/System/Library/Frameworks/CoreData.framework/Versions/A/CoreData
0x0000000007117000 	/System/Library/PrivateFrameworks/RemoteViewServices.framework/Versions/A/RemoteViewServices
0x0000000007117000 	/System/Library/PrivateFrameworks/UIFoundation.framework/Versions/A/UIFoundation
0x0000000007117000 	/usr/lib/libScreenReader.dylib
0x0000000007117000 	/System/Library/Frameworks/Accelerate.framework/Versions/A/Accelerate
0x0000000007117000 	/System/Library/Frameworks/IOSurface.framework/Versions/A/IOSurface
0x0000000007117000 	/System/Library/Frameworks/AudioToolbox.framework/Versions/A/AudioToolbox
0x0000000007117000 	/System/Library/Frameworks/AudioUnit.framework/Versions/A/AudioUnit
0x0000000007117000 	/System/Library/PrivateFrameworks/DataDetectorsCore.framework/Versions/A/DataDetectorsCore
0x0000000007117000 	/System/Library/PrivateFrameworks/DesktopServicesPriv.framework/Versions/A/DesktopServicesPriv
0x0000000007117000 	/System/Library/Frameworks/Carbon.framework/Versions/A/Frameworks/HIToolbox.framework/Versions/A/HIToolbox
0x0000000007117000 	/System/Library/Frameworks/QuartzCore.framework/Versions/A/QuartzCore
0x0000000007117000 	/System/Library/Frameworks/Carbon.framework/Versions/A/Frameworks/SpeechRecognition.framework/Versions/A/SpeechRecognition
0x0000000007117000 	/usr/lib/libauto.dylib
0x0000000007117000 	/usr/lib/libicucore.A.dylib
0x0000000007117000 	/usr/lib/libxml2.2.dylib
0x0000000007117000 	/System/Library/PrivateFrameworks/CoreUI.framework/Versions/A/CoreUI
0x0000000007117000 	/System/Library/Frameworks/CoreAudio.framework/Versions/A/CoreAudio
0x0000000007117000 	/System/Library/Frameworks/DiskArbitration.framework/Versions/A/DiskArbitration
0x0000000007117000 	/usr/lib/liblangid.dylib
0x0000000007117000 	/System/Library/PrivateFrameworks/MultitouchSupport.framework/Versions/A/MultitouchSupport
0x0000000007117000 	/System/Library/Frameworks/IOKit.framework/Versions/A/IOKit
0x0000000007117000 	/usr/lib/libDiagnosticMessagesClient.dylib
0x0000000007117000 	/System/Library/Frameworks/CoreServices.framework/Versions/A/CoreServices
0x0000000007117000 	/System/Library/PrivateFrameworks/PerformanceAnalysis.framework/Versions/A/PerformanceAnalysis
0x0000000007117000 	/System/Library/PrivateFrameworks/GenerationalStorage.framework/Versions/A/GenerationalStorage
0x0000000007117000 	/System/Library/Frameworks/OpenGL.framework/Versions/A/OpenGL
0x0000000007117000 	/System/Library/PrivateFrameworks/Sharing.framework/Versions/A/Sharing
0x0000000007117000 	/System/Library/Frameworks/CoreGraphics.framework/Versions/A/CoreGraphics
0x0000000007117000 	/System/Library/Frameworks/CoreImage.framework/Versions/A/CoreImage
0x0000000007117000 	/System/Library/Frameworks/CoreText.framework/Versions/A/CoreText
0x0000000007117000 	/System/Library/Frameworks/ImageIO.framework/Versions/A/ImageIO
0x0000000007117000 	/System/Library/PrivateFrameworks/Backup.framework/Versions/A/Backup
0x0000000007117000 	/usr/lib/libextension.dylib
0x0000000007117000 	/usr/lib/libarchive.2.dylib
0x0000000007117000 	/System/Library/Frameworks/CFNetwork.framework/Versions/A/CFNetwork
0x0000000007117000 	/System/Library/Frameworks/SystemConfiguration.framework/Versions/A/SystemConfiguration
0x0000000007117000 	/usr/lib/libCRFSuite.dylib
0x0000000007117000 	/usr/lib/libc++.1.dylib
0x0000000007117000 	/usr/lib/libc++abi.dylib
0x0000000007117000 	/usr/lib/system/libcache.dylib
0x0000000007117000 	/usr/lib/system/libcommonCrypto.dylib
0x0000000007117000 	/usr/lib/system/libcompiler_rt.dylib
0x0000000007117000 	/usr/lib/system/libcopyfile.dylib
0x0000000007117000 	/usr/lib/system/libcorecrypto.dylib
0x0000000007117000 	/usr/lib/system/libdispatch.dylib
0x0000000007117000 	/usr/lib/system/libdyld.dylib
0x0000000007117000 	/usr/lib/system/libkeymgr.dylib
0x0000000007117000 	/usr/lib/system/liblaunch.dylib
0x0000000007117000 	/usr/lib/system/libmacho.dylib
0x0000000007117000 	/usr/lib/system/libquarantine.dylib
0x0000000007117000 	/usr/lib/system/libremovefile.dylib
0x0000000007117000 	/usr/lib/system/libsystem_asl.dylib
0x0000000007117000 	/usr/lib/system/libsystem_blocks.dylib
0x0000000007117000 	/usr/lib/system/libsystem_c.dylib
0x0000000007117000 	/usr/lib/system/libsystem_configuration.dylib
0x0000000007117000 	/usr/lib/system/libsystem_coreservices.dylib
0x0000000007117000 	/usr/lib/system/libsystem_coretls.dylib
0x0000000007117000 	/usr/lib/system/libsystem_dnssd.dylib
0x0000000007117000 	/usr/lib/system/libsystem_info.dylib
0x0000000007117000 	/usr/lib/system/libsystem_kernel.dylib
0x0000000007117000 	/usr/lib/system/libsystem_m.dylib
0x0000000007117000 	/usr/lib/system/libsystem_malloc.dylib
0x0000000007117000 	/usr/lib/system/libsystem_network.dylib
0x0000000007117000 	/usr/lib/system/libsystem_networkextension.dylib
0x0000000007117000 	/usr/lib/system/libsystem_notify.dylib
0x0000000007117000 	/usr/lib/system/libsystem_platform.dylib
0x0000000007117000 	/usr/lib/system/libsystem_pthread.dylib
0x0000000007117000 	/usr/lib/system/libsystem_sandbox.dylib
0x0000000007117000 	/usr/lib/system/libsystem_secinit.dylib
0x0000000007117000 	/usr/lib/system/libsystem_trace.dylib
0x0000000007117000 	/usr/lib/system/libunc.dylib
0x0000000007117000 	/usr/lib/system/libunwind.dylib
0x0000000007117000 	/usr/lib/system/libxpc.dylib
0x0000000007117000 	/usr/lib/libenergytrace.dylib
0x0000000007117000 	/usr/lib/libbsm.0.dylib
0x0000000007117000 	/usr/lib/system/libkxld.dylib
0x0000000007117000 	/usr/lib/libxar.1.dylib
0x0000000007117000 	/usr/lib/libsqlite3.dylib
0x0000000007117000 	/usr/lib/libpam.2.dylib
0x0000000007117000 	/usr/lib/libOpenScriptingUtil.dylib
0x0000000007117000 	/usr/lib/libbz2.1.0.dylib
0x0000000007117000 	/usr/lib/liblzma.5.dylib
0x0000000007117000 	/System/Library/Frameworks/CoreServices.framework/Versions/A/Frameworks/FSEvents.framework/Versions/A/FSEvents
0x0000000007117000 	/System/Library/Frameworks/CoreServices.framework/Versions/A/Frameworks/CarbonCore.framework/Versions/A/CarbonCore
0x0000000007117000 	/System/Library/Frameworks/CoreServices.framework/Versions/A/Frameworks/Metadata.framework/Versions/A/Metadata
0x0000000007117000 	/System/Library/Frameworks/CoreServices.framework/Versions/A/Frameworks/OSServices.framework/Versions/A/OSServices
0x0000000007117000 	/System/Library/Frameworks/CoreServices.framework/Versions/A/Frameworks/SearchKit.framework/Versions/A/SearchKit
0x0000000007117000 	/System/Library/Frameworks/CoreServices.framework/Versions/A/Frameworks/AE.framework/Versions/A/AE
0x0000000007117000 	/System/Library/Frameworks/CoreServices.framework/Versions/A/Frameworks/LaunchServices.framework/Versions/A/LaunchServices
0x0000000007117000 	/System/Library/Frameworks/CoreServices.framework/Versions/A/Frameworks/DictionaryServices.framework/Versions/A/DictionaryServices
0x0000000007117000 	/System/Library/Frameworks/CoreServices.framework/Versions/A/Frameworks/SharedFileList.framework/Versions/A/SharedFileList
0x0000000007117000 	/System/Library/Frameworks/NetFS.framework/Versions/A/NetFS
0x0000000007117000 	/System/Library/PrivateFrameworks/NetAuth.framework/Versions/A/NetAuth
0x0000000007117000 	/System/Library/PrivateFrameworks/login.framework/Versions/A/Frameworks/loginsupport.framework/Versions/A/loginsupport
0x0000000007117000 	/System/Library/PrivateFrameworks/TCC.framework/Versions/A/TCC
0x0000000007117000 	/usr/lib/libmecabra.dylib
0x0000000007117000 	/System/Library/Frameworks/ApplicationServices.framework/Versions/A/Frameworks/ATS.framework/Versions/A/ATS
0x0000000007117000 	/System/Library/Frameworks/ApplicationServices.framework/Versions/A/Frameworks/ColorSync.framework/Versions/A/ColorSync
0x0000000007117000 	/System/Library/Frameworks/ApplicationServices.framework/Versions/A/Frameworks/HIServices.framework/Versions/A/HIServices
0x0000000007117000 	/System/Library/Frameworks/ApplicationServices.framework/Versions/A/Frameworks/LangAnalysis.framework/Versions/A/LangAnalysis
0x0000000007117000 	/System/Library/Frameworks/ApplicationServices.framework/Versions/A/Frameworks/PrintCore.framework/Versions/A/PrintCore
0x0000000007117000 	/System/Library/Frameworks/ApplicationServices.framework/Versions/A/Frameworks/QD.framework/Versions/A/QD
0x0000000007117000 	/System/Library/Frameworks/ApplicationServices.framework/Versions/A/Frameworks/SpeechSynthesis.framework/Versions/A/SpeechSynthesis
0x0000000007117000 	/System/Library/Frameworks/Metal.framework/Versions/A/Metal
0x0000000007117000 	/System/Library/Frameworks/Accelerate.framework/Versions/A/Frameworks/vImage.framework/Versions/A/vImage
0x0000000007117000 	/System/Library/Frameworks/Accelerate.framework/Versions/A/Frameworks/vecLib.framework/Versions/A/vecLib
0x0000000007117000 	/System/Library/Frameworks/Accelerate.framework/Versions/A/Frameworks/vecLib.framework/Versions/A/libvDSP.dylib
0x0000000007117000 	/System/Library/Frameworks/Accelerate.framework/Versions/A/Frameworks/vecLib.framework/Versions/A/libvMisc.dylib
0x0000000007117000 	/System/Library/Frameworks/Accelerate.framework/Versions/A/Frameworks/vecLib.framework/Versions/A/libLAPACK.dylib
0x0000000007117000 	/System/Library/Frameworks/Accelerate.framework/Versions/A/Frameworks/vecLib.framework/Versions/A/libBLAS.dylib
0x0000000007117000 	/System/Library/Frameworks/Accelerate.framework/Versions/A/Frameworks/vecLib.framework/Versions/A/libLinearAlgebra.dylib
0x0000000007117000 	/System/Library/Frameworks/Accelerate.framework/Versions/A/Frameworks/vecLib.framework/Versions/A/libSparseBLAS.dylib
0x0000000007117000 	/System/Library/PrivateFrameworks/GPUCompiler.framework/libmetal_timestamp.dylib
0x0000000007117000 	/System/Library/Frameworks/OpenGL.framework/Versions/A/Libraries/libCoreFSCache.dylib
0x0000000007117000 	/System/Library/PrivateFrameworks/IOAccelerator.framework/Versions/A/IOAccelerator
0x0000000007117000 	/System/Library/Frameworks/ApplicationServices.framework/Versions/A/Frameworks/ATS.framework/Versions/A/Resources/libFontParser.dylib
0x0000000007117000 	/System/Library/Frameworks/ApplicationServices.framework/Versions/A/Frameworks/ATS.framework/Versions/A/Resources/libFontRegistry.dylib
0x0000000007117000 	/System/Library/PrivateFrameworks/AppleVPA.framework/Versions/A/AppleVPA
0x0000000007117000 	/System/Library/PrivateFrameworks/AppleJPEG.framework/Versions/A/AppleJPEG
0x0000000007117000 	/System/Library/Frameworks/ImageIO.framework/Versions/A/Resources/libJPEG.dylib
0x0000000007117000 	/System/Library/Frameworks/ImageIO.framework/Versions/A/Resources/libTIFF.dylib
0x0000000007117000 	/System/Library/Frameworks/ImageIO.framework/Versions/A/Resources/libPng.dylib
0x0000000007117000 	/System/Library/Frameworks/ImageIO.framework/Versions/A/Resources/libGIF.dylib
0x0000000007117000 	/System/Library/Frameworks/ImageIO.framework/Versions/A/Resources/libJP2.dylib
0x0000000007117000 	/System/Library/Frameworks/ImageIO.framework/Versions/A/Resources/libRadiance.dylib
0x0000000007117000 	/System/Library/Frameworks/CoreVideo.framework/Versions/A/CoreVideo
0x0000000007117000 	/System/Library/Frameworks/OpenGL.framework/Versions/A/Libraries/libGLU.dylib
0x0000000007117000 	/System/Library/Frameworks/OpenGL.framework/Versions/A/Libraries/libGFXShared.dylib
0x0000000007117000 	/System/Library/Frameworks/OpenGL.framework/Versions/A/Libraries/libGL.dylib
0x0000000007117000 	/System/Library/Frameworks/OpenGL.framework/Versions/A/Libraries/libGLImage.dylib
0x0000000007117000 	/System/Library/Frameworks/OpenGL.framework/Versions/A/Libraries/libCVMSPluginSupport.dylib
0x0000000007117000 	/System/Library/Frameworks/OpenGL.framework/Versions/A/Libraries/libCoreVMClient.dylib
0x0000000007117000 	/usr/lib/libcups.2.dylib
0x0000000007117000 	/System/Library/Frameworks/Kerberos.framework/Versions/A/Kerberos
0x0000000007117000 	/System/Library/Frameworks/GSS.framework/Versions/A/GSS
0x0000000007117000 	/usr/lib/libresolv.9.dylib
0x0000000007117000 	/usr/lib/libiconv.2.dylib
0x0000000007117000 	/System/Library/PrivateFrameworks/Heimdal.framework/Versions/A/Heimdal
0x0000000007117000 	/usr/lib/libheimdal-asn1.dylib
0x0000000007117000 	/System/Library/Frameworks/OpenDirectory.framework/Versions/A/OpenDirectory
0x0000000007117000 	/System/Library/PrivateFrameworks/CommonAuth.framework/Versions/A/CommonAuth
0x0000000007117000 	/System/Library/Frameworks/OpenDirectory.framework/Versions/A/Frameworks/CFOpenDirectory.framework/Versions/A/CFOpenDirectory
0x0000000007117000 	/System/Library/Frameworks/SecurityFoundation.framework/Versions/A/SecurityFoundation
0x0000000007117000 	/System/Library/PrivateFrameworks/LanguageModeling.framework/Versions/A/LanguageModeling
0x0000000007117000 	/usr/lib/libmarisa.dylib
0x0000000007117000 	/usr/lib/libChineseTokenizer.dylib
0x0000000007117000 	/usr/lib/libcmph.dylib
0x0000000007117000 	/usr/lib/libcompression.dylib
0x0000000007117000 	/System/Library/Frameworks/ServiceManagement.framework/Versions/A/ServiceManagement
0x0000000007117000 	/usr/lib/libxslt.1.dylib
0x0000000007117000 	/System/Library/Frameworks/Carbon.framework/Versions/A/Frameworks/Ink.framework/Versions/A/Ink
0x0000000007117000 	/usr/lib/libFosl_dynamic.dylib
0x0000000007117000 	/System/Library/PrivateFrameworks/FaceCore.framework/Versions/A/FaceCore
0x0000000007117000 	/System/Library/Frameworks/OpenCL.framework/Versions/A/OpenCL
0x0000000007117000 	/System/Library/PrivateFrameworks/CrashReporterSupport.framework/Versions/A/CrashReporterSupport
0x0000000007117000 	/System/Library/PrivateFrameworks/IconServices.framework/Versions/A/IconServices
0x0000000007117000 	/System/Library/PrivateFrameworks/Apple80211.framework/Versions/A/Apple80211
0x0000000007117000 	/System/Library/Frameworks/CoreWLAN.framework/Versions/A/CoreWLAN
0x0000000007117000 	/System/Library/Frameworks/IOBluetooth.framework/Versions/A/IOBluetooth
0x0000000007117000 	/System/Library/PrivateFrameworks/CoreWiFi.framework/Versions/A/CoreWiFi
0x0000000007117000 	/System/Library/Frameworks/CoreBluetooth.framework/Versions/A/CoreBluetooth
0x0000000007117000 	/System/Library/PrivateFrameworks/ChunkingLibrary.framework/Versions/A/ChunkingLibrary
0x0000000007117000 	/System/Library/PrivateFrameworks/DebugSymbols.framework/Versions/A/DebugSymbols
0x0000000007117000 	/System/Library/PrivateFrameworks/CoreSymbolication.framework/Versions/A/CoreSymbolication
0x0000000007117000 	/System/Library/PrivateFrameworks/Symbolication.framework/Versions/A/Symbolication
0x0000000007117000 	/System/Library/PrivateFrameworks/SpeechRecognitionCore.framework/Versions/A/SpeechRecognitionCore
0x000000010c2e7000 	/Library/Java/JavaVirtualMachines/jdk1.8.0_45.jdk/Contents/Home/jre/lib/server/libjvm.dylib
0x0000000007117000 	/usr/lib/libstdc++.6.dylib
0x000000010d250000 	/Library/Java/JavaVirtualMachines/jdk1.8.0_45.jdk/Contents/Home/jre/lib/libverify.dylib
0x000000010d25e000 	/Library/Java/JavaVirtualMachines/jdk1.8.0_45.jdk/Contents/Home/jre/lib/libjava.dylib
0x000000010d29d000 	/Library/Java/JavaVirtualMachines/jdk1.8.0_45.jdk/Contents/Home/jre/lib/libzip.dylib
0x0000000123410000 	/System/Library/Frameworks/JavaVM.framework/Frameworks/JavaRuntimeSupport.framework/JavaRuntimeSupport
0x000000012342b000 	/System/Library/Frameworks/JavaVM.framework/Versions/A/Frameworks/JavaNativeFoundation.framework/Versions/A/JavaNativeFoundation
0x0000000123440000 	/System/Library/Frameworks/JavaVM.framework/Versions/A/JavaVM
0x0000000007117000 	/System/Library/Frameworks/Carbon.framework/Versions/A/Carbon
0x000000012344d000 	/System/Library/PrivateFrameworks/JavaLaunching.framework/Versions/A/JavaLaunching
0x0000000007117000 	/System/Library/Frameworks/Carbon.framework/Versions/A/Frameworks/CommonPanels.framework/Versions/A/CommonPanels
0x0000000007117000 	/System/Library/Frameworks/Carbon.framework/Versions/A/Frameworks/Help.framework/Versions/A/Help
0x0000000007117000 	/System/Library/Frameworks/Carbon.framework/Versions/A/Frameworks/ImageCapture.framework/Versions/A/ImageCapture
0x0000000007117000 	/System/Library/Frameworks/Carbon.framework/Versions/A/Frameworks/OpenScripting.framework/Versions/A/OpenScripting
0x0000000007117000 	/System/Library/Frameworks/Carbon.framework/Versions/A/Frameworks/Print.framework/Versions/A/Print
0x0000000007117000 	/System/Library/Frameworks/Carbon.framework/Versions/A/Frameworks/SecurityHI.framework/Versions/A/SecurityHI
0x0000000124da9000 	/Applications/IntelliJ IDEA 15.app/Contents/bin/libbreakgen64.jnilib
0x0000000124dae000 	/Library/Java/JavaVirtualMachines/jdk1.8.0_45.jdk/Contents/Home/jre/lib/libnet.dylib
0x0000000124f87000 	/Library/Java/JavaVirtualMachines/jdk1.8.0_45.jdk/Contents/Home/jre/lib/libnio.dylib
0x0000000124f66000 	/Library/Frameworks/R.framework/Versions/3.2/Resources/library/rJava/jri/libjri.jnilib
0x000000012612d000 	/Library/Frameworks/R.framework/Versions/3.2/Resources/lib/libR.dylib
0x000000012500b000 	/usr/lib/libpcre.0.dylib
0x000000012519a000 	/Library/Frameworks/R.framework/Versions/3.2/Resources/lib/libRblas.dylib
0x00000001259c0000 	/Library/Frameworks/R.framework/Versions/3.2/Resources/lib/libgfortran.3.dylib
0x00000001251ca000 	/Library/Frameworks/R.framework/Versions/3.2/Resources/lib/libquadmath.0.dylib
0x000000012520b000 	/Library/Frameworks/R.framework/Versions/3.2/Resources/lib/libreadline.5.2.dylib
0x0000000124f97000 	/Library/Frameworks/R.framework/Versions/3.2/Resources/lib/libgcc_s_x86_64.1.dylib
0x0000000007117000 	/usr/lib/libncurses.5.4.dylib
0x0000000124f72000 	/Library/Frameworks/R.framework/Versions/3.2/Resources/library/utils/libs/utils.so
0x000000012503f000 	/Library/Frameworks/R.framework/Versions/3.2/Resources/library/methods/libs/methods.so
0x0000000125249000 	/Library/Frameworks/R.framework/Versions/3.2/Resources/library/grDevices/libs/grDevices.so
0x0000000125296000 	/Library/Frameworks/R.framework/Versions/3.2/Resources/library/graphics/libs/graphics.so
0x00000001253f2000 	/Library/Frameworks/R.framework/Versions/3.2/Resources/library/stats/libs/stats.so
0x0000000126544000 	/Library/Frameworks/R.framework/Versions/3.2/Resources/lib/libRlapack.dylib
0x0000000126712000 	/Library/Frameworks/R.framework/Versions/3.2/Resources/library/igraph/libs/igraph.so

VM Arguments:
jvm_args: -Xmx2048m -ea -Djava.library.path=/Library/Frameworks/R.framework/Resources/library/rJava/jri/ -Didea.launcher.port=7535 -Didea.launcher.bin.path=/Applications/IntelliJ IDEA 15.app/Contents/bin -Didea.junit.sm_runner -Dfile.encoding=UTF-8 
java_command: com.intellij.rt.execution.application.AppMain com.intellij.rt.execution.junit.JUnitStarter -ideVersion5 de.fosd.jdime.testJDimeCpp.testRComDetect,test10
java_class_path (initial): /Applications/IntelliJ IDEA 15.app/Contents/lib/idea_rt.jar:/Applications/IntelliJ IDEA 15.app/Contents/plugins/junit/lib/junit-rt.jar:/Library/Java/JavaVirtualMachines/jdk1.8.0_45.jdk/Contents/Home/lib/ant-javafx.jar:/Library/Java/JavaVirtualMachines/jdk1.8.0_45.jdk/Contents/Home/lib/dt.jar:/Library/Java/JavaVirtualMachines/jdk1.8.0_45.jdk/Contents/Home/lib/javafx-mx.jar:/Library/Java/JavaVirtualMachines/jdk1.8.0_45.jdk/Contents/Home/lib/jconsole.jar:/Library/Java/JavaVirtualMachines/jdk1.8.0_45.jdk/Contents/Home/lib/packager.jar:/Library/Java/JavaVirtualMachines/jdk1.8.0_45.jdk/Contents/Home/lib/sa-jdi.jar:/Library/Java/JavaVirtualMachines/jdk1.8.0_45.jdk/Contents/Home/lib/tools.jar:/Library/Java/JavaVirtualMachines/jdk1.8.0_45.jdk/Contents/Home/jre/lib/charsets.jar:/Library/Java/JavaVirtualMachines/jdk1.8.0_45.jdk/Contents/Home/jre/lib/deploy.jar:/Library/Java/JavaVirtualMachines/jdk1.8.0_45.jdk/Contents/Home/jre/lib/javaws.jar:/Library/Java/JavaVirtualMachines/jdk1.8.0_45.jdk/Contents/Home/jre/lib/jce.jar:/Library/Java/JavaVirtualMachines/jdk1.8.0_45.jdk/Contents/Home/jre/lib/jfr.jar:/Library/Java/JavaVirtualMachines/jdk1.8.0_45.jdk/Contents/Home/jre/lib/jfxswt.jar:/Library/Java/JavaVirtualMachines/jdk1.8.0_45.jdk/Contents/Home/jre/lib/jsse.jar:/Library/Java/JavaVirtualMachines/jdk1.8.0_45.jdk/Contents/Home/jre/lib/management-agent.jar:/Library/Java/JavaVirtualMachines/jdk1.8.0_45.jdk/Contents/Home/jre/lib/plugin.jar:/Library/Java/JavaVirtualMachines/jdk1.8.0_45.jdk/Contents/Home/jre/lib/resources.jar:/Library/Java/JavaVirtualMachines/jdk1.8.0_45.jdk/Contents/Home/jre/lib/rt.jar:/Library/Java/JavaVirtualMachines/jdk1.8.0_45.jdk/Contents/Home/jre/lib/ext/cldrdata.jar:/Library/Java/JavaVirtualMachines/jdk1.8.0_45.jdk/Contents/Home/jre/lib/ext/dnsns.jar:/Library/Java/JavaVirtualMachines/jdk1.8.0_45.jdk/Contents/Home/jre/lib/ext/jfxrt.jar:/Library/Java/JavaVirtualMachines/jdk1.8.0_45.jdk/Contents/Home/jre/lib/ext/localedata.jar:/Library/
Launcher Type: SUN_STANDARD

Environment Variables:
PATH=/usr/bin:/bin:/usr/sbin:/sbin
SHELL=/bin/bash

Signal Handlers:
SIGSEGV: [libjvm.dylib+0x58ef95], sa_mask[0]=11111111011111110111111111111111, sa_flags=SA_ONSTACK|SA_RESTART|SA_SIGINFO
SIGBUS: [libjvm.dylib+0x58ef95], sa_mask[0]=11111111011111110111111111111111, sa_flags=SA_RESTART|SA_SIGINFO
SIGFPE: [libjvm.dylib+0x46c108], sa_mask[0]=11111111011111110111111111111111, sa_flags=SA_RESTART|SA_SIGINFO
SIGPIPE: [libjvm.dylib+0x46c108], sa_mask[0]=11111111011111110111111111111111, sa_flags=SA_RESTART|SA_SIGINFO
SIGXFSZ: [libjvm.dylib+0x46c108], sa_mask[0]=11111111011111110111111111111111, sa_flags=SA_RESTART|SA_SIGINFO
SIGILL: [libjvm.dylib+0x46c108], sa_mask[0]=11111111011111110111111111111111, sa_flags=SA_RESTART|SA_SIGINFO
SIGUSR1: SIG_DFL, sa_mask[0]=00000000000000000000000000000000, sa_flags=none
SIGUSR2: [libjvm.dylib+0x46bc26], sa_mask[0]=00100000000000000000000000000000, sa_flags=SA_RESTART|SA_SIGINFO
SIGHUP: [libjvm.dylib+0x46a1f9], sa_mask[0]=11111111011111110111111111111111, sa_flags=SA_RESTART|SA_SIGINFO
SIGINT: [libjvm.dylib+0x46a1f9], sa_mask[0]=11111111011111110111111111111111, sa_flags=SA_RESTART|SA_SIGINFO
SIGTERM: [libjvm.dylib+0x46a1f9], sa_mask[0]=11111111011111110111111111111111, sa_flags=SA_RESTART|SA_SIGINFO
SIGQUIT: [libjvm.dylib+0x46a1f9], sa_mask[0]=11111111011111110111111111111111, sa_flags=SA_RESTART|SA_SIGINFO


---------------  S Y S T E M  ---------------

OS:Bsduname:Darwin 15.2.0 Darwin Kernel Version 15.2.0: Fri Nov 13 19:56:56 PST 2015; root:xnu-3248.20.55~2/RELEASE_X86_64 x86_64
rlimit: STACK 8192k, CORE 0k, NPROC 709, NOFILE 10240, AS infinity
load average:7.67 5.51 4.39

CPU:total 4 (2 cores per cpu, 2 threads per core) family 6 model 61 stepping 4, cmov, cx8, fxsr, mmx, sse, sse2, sse3, ssse3, sse4.1, sse4.2, popcnt, avx, avx2, aes, clmul, erms, 3dnowpref, lzcnt, ht, tsc, tscinvbit, bmi1, bmi2, adx

Memory: 4k page, physical 8388608k(470852k free)

/proc/meminfo:


vm_info: Java HotSpot(TM) 64-Bit Server VM (25.45-b02) for bsd-amd64 JRE (1.8.0_45-b14), built on Apr 10 2015 10:46:38 by "java_re" with gcc 4.2.1 (Based on Apple Inc. build 5658) (LLVM build 2336.11.00)

time: Tue Mar  8 23:43:35 2016
elapsed time: 1343 seconds (0d 0h 22m 23s)

