#
# A fatal error has been detected by the Java Runtime Environment:
#
#  SIGSEGV (0xb) at pc=0x000000011e560230, pid=70394, tid=4099
#
# JRE version: Java(TM) SE Runtime Environment (8.0_45-b14) (build 1.8.0_45-b14)
# Java VM: Java HotSpot(TM) 64-Bit Server VM (25.45-b02 mixed mode bsd-amd64 compressed oops)
# Problematic frame:
# C  [libR.dylib+0x24230]  getAttrib0+0x40
#
# Failed to write core dump. Core dumps have been disabled. To enable core dumping, try "ulimit -c unlimited" before starting Java again
#
# If you would like to submit a bug report, please visit:
#   http://bugreport.java.com/bugreport/crash.jsp
# The crash happened outside the Java Virtual Machine in native code.
# See problematic frame for where to report the bug.
#

---------------  T H R E A D  ---------------

Current thread (0x00007fca34803800):  JavaThread "main" [_thread_in_native, id=4099, stack(0x0000700000084000,0x0000700000184000)]

siginfo: si_signo: 11 (SIGSEGV), si_code: 0 (unknown), si_addr: 0x0000000000000000

Registers:
RAX=0x00007fca370b0578, RBX=0x00007fca370b01f8, RCX=0xf000000000000000, RDX=0x00007fca370b0578
RSP=0x0000700000181920, RBP=0x0000700000181950, RSI=0x00007fca370b01f8, RDI=0x00007fca33cc7030
R8 =0x000000000000000e, R9 =0x00007fca33daa450, R10=0x00000000845f06ea, R11=0x00007fca33d00000
R12=0x000000011e8dafb8, R13=0x00007fca370af3f0, R14=0x00007fca370b01f8, R15=0x00007fca33cc7030
RIP=0x000000011e560230, EFLAGS=0x0000000000010296, ERR=0x0000000000000000
  TRAPNO=0x000000000000000d

Top of Stack: (sp=0x0000700000181920)
0x0000700000181920:   000000011e8db028 00007fca370b01f8
0x0000700000181930:   000000011e8dafb8 00007fca370af3f0
0x0000700000181940:   00007fca33cc7030 f000000000000000
0x0000700000181950:   0000700000181990 000000011e5605fb
0x0000700000181960:   0000000000000000 00007fca33cc7030
0x0000700000181970:   0000000000000000 000000011abbcb30
0x0000700000181980:   000000011e8dafb8 00007fca34803800
0x0000700000181990:   00007000001819b0 000000011dabbe04
0x00007000001819a0:   000000011abbcb30 0000700000181a70
0x00007000001819b0:   0000700000181a38 00000001066163ef
0x00007000001819c0:   0000000000000000 00000001066168e4
0x00007000001819d0:   00007fca33d019d0 00007fca34803800
0x00007000001819e0:   00007fca33d019d0 0000000000000001
0x00007000001819f0:   0000000796be05d8 00007000001819e8
0x0000700000181a00:   0000000000000000 0000700000181a70
0x0000700000181a10:   000000011abbf378 0000000000000000
0x0000700000181a20:   000000011abbcb30 0000000000000000
0x0000700000181a30:   0000700000181a58 0000700000181ab8
0x0000700000181a40:   0000000106607760 0000000000000000
0x0000700000181a50:   000000010660f577 0000000797231ff0
0x0000700000181a60:   00007fca33cc7030 0000700000181ab8
0x0000700000181a70:   0000000796be05d8 0000700000181a78
0x0000700000181a80:   000000011abc37a9 0000700000181ae0
0x0000700000181a90:   000000011abc4b28 0000000000000000
0x0000700000181aa0:   000000011abc37d8 0000700000181a58
0x0000700000181ab0:   0000700000181ad8 0000700000181b28
0x0000700000181ac0:   00000001066079d0 0000000000000000
0x0000700000181ad0:   0000000000000000 0000000797231ff0
0x0000700000181ae0:   000000079a221c98 0000700000181ae8
0x0000700000181af0:   000000011abc42e9 0000700000181b80
0x0000700000181b00:   000000011abc4b28 0000000000000000
0x0000700000181b10:   000000011abc4380 0000700000181ad8 

Instructions: (pc=0x000000011e560230)
0x000000011e560210:   48 8d 05 a1 ad 37 00 48 8b 00 49 8b 4f 08 48 39
0x000000011e560220:   c1 0f 84 b8 00 00 00 66 0f 1f 84 00 00 00 00 00
0x000000011e560230:   4c 39 71 30 0f 84 ad 00 00 00 48 8b 49 28 48 39
0x000000011e560240:   c1 75 ed 49 89 c7 e9 28 02 00 00 41 8b 07 83 e0 

Register to memory mapping:

RAX=0x00007fca370b0578 is an unknown value
RBX=0x00007fca370b01f8 is an unknown value
RCX=0xf000000000000000 is an unknown value
RDX=0x00007fca370b0578 is an unknown value
RSP=0x0000700000181920 is pointing into the stack for thread: 0x00007fca34803800
RBP=0x0000700000181950 is pointing into the stack for thread: 0x00007fca34803800
RSI=0x00007fca370b01f8 is an unknown value
RDI=0x00007fca33cc7030 is an unknown value
R8 =0x000000000000000e is an unknown value
R9 =0x00007fca33daa450 is an unknown value
R10=0x00000000845f06ea is an unknown value
R11=0x00007fca33d00000 is an unknown value
R12=0x000000011e8dafb8: R_NilValue+0 in /Library/Frameworks/R.framework/Versions/3.2/Resources/lib/libR.dylib at 0x000000011e53c000
R13=0x00007fca370af3f0 is an unknown value
R14=0x00007fca370b01f8 is an unknown value
R15=0x00007fca33cc7030 is an unknown value


Stack: [0x0000700000084000,0x0000700000184000],  sp=0x0000700000181920,  free space=1014k
Native frames: (J=compiled Java code, j=interpreted, Vv=VM code, C=native code)
C  [libR.dylib+0x24230]  getAttrib0+0x40
C  [libR.dylib+0x245fb]  Rf_getAttrib+0x6b
C  [libjri.jnilib+0x1e04]  Java_org_rosuda_JRI_Rengine_rniGetAttr+0x44
j  org.rosuda.JRI.Rengine.rniGetAttr(JLjava/lang/String;)J+0
j  org.rosuda.JRI.REXP.getAttribute(Ljava/lang/String;)Lorg/rosuda/JRI/REXP;+9
j  org.rosuda.JRI.REXP.asDoubleMatrix()[[D+17
j  org.rosuda.JRI.REXP.asMatrix()[[D+1
j  de.fosd.jdime.dependencyGraph.RCommunityDetection.calculateEachGraph(Lorg/rosuda/JRI/Rengine;Ljava/lang/String;I)V+20
j  de.fosd.jdime.dependencyGraph.RCommunityDetection.detectingCommunitiesWithIgraph(Ljava/lang/String;I)I+520
j  de.fosd.jdime.dependencyGraph.AnalyzeMarlinRepo.analyzeMarlinRepo(Ljava/lang/String;ILjava/lang/String;Ljava/util/ArrayList;Ljava/util/ArrayList;I)V+126
j  de.fosd.jdime.testJDimeCpp.testGroundTruthByIfdef.test11()V+190
v  ~StubRoutines::call_stub
V  [libjvm.dylib+0x2e032a]  JavaCalls::call_helper(JavaValue*, methodHandle*, JavaCallArguments*, Thread*)+0x6ae
V  [libjvm.dylib+0x4b4146]  Reflection::invoke(instanceKlassHandle, methodHandle, Handle, bool, objArrayHandle, BasicType, objArrayHandle, bool, Thread*)+0xdf8
V  [libjvm.dylib+0x4b4660]  Reflection::invoke_method(oopDesc*, Handle, objArrayHandle, Thread*)+0x16c
V  [libjvm.dylib+0x330500]  JVM_InvokeMethod+0x166
j  sun.reflect.NativeMethodAccessorImpl.invoke0(Ljava/lang/reflect/Method;Ljava/lang/Object;[Ljava/lang/Object;)Ljava/lang/Object;+0
j  sun.reflect.NativeMethodAccessorImpl.invoke(Ljava/lang/Object;[Ljava/lang/Object;)Ljava/lang/Object;+100
j  sun.reflect.DelegatingMethodAccessorImpl.invoke(Ljava/lang/Object;[Ljava/lang/Object;)Ljava/lang/Object;+6
j  java.lang.reflect.Method.invoke(Ljava/lang/Object;[Ljava/lang/Object;)Ljava/lang/Object;+56
j  org.junit.runners.model.FrameworkMethod$1.runReflectiveCall()Ljava/lang/Object;+15
j  org.junit.internal.runners.model.ReflectiveCallable.run()Ljava/lang/Object;+1
j  org.junit.runners.model.FrameworkMethod.invokeExplosively(Ljava/lang/Object;[Ljava/lang/Object;)Ljava/lang/Object;+10
j  org.junit.internal.runners.statements.InvokeMethod.evaluate()V+12
j  org.junit.internal.runners.statements.RunBefores.evaluate()V+49
j  org.junit.runners.ParentRunner.runLeaf(Lorg/junit/runners/model/Statement;Lorg/junit/runner/Description;Lorg/junit/runner/notification/RunNotifier;)V+17
j  org.junit.runners.BlockJUnit4ClassRunner.runChild(Lorg/junit/runners/model/FrameworkMethod;Lorg/junit/runner/notification/RunNotifier;)V+30
j  org.junit.runners.BlockJUnit4ClassRunner.runChild(Ljava/lang/Object;Lorg/junit/runner/notification/RunNotifier;)V+6
j  org.junit.runners.ParentRunner$3.run()V+12
j  org.junit.runners.ParentRunner$1.schedule(Ljava/lang/Runnable;)V+1
j  org.junit.runners.ParentRunner.runChildren(Lorg/junit/runner/notification/RunNotifier;)V+44
j  org.junit.runners.ParentRunner.access$000(Lorg/junit/runners/ParentRunner;Lorg/junit/runner/notification/RunNotifier;)V+2
j  org.junit.runners.ParentRunner$2.evaluate()V+8
j  org.junit.runners.ParentRunner.run(Lorg/junit/runner/notification/RunNotifier;)V+20
j  org.junit.runner.JUnitCore.run(Lorg/junit/runner/Runner;)Lorg/junit/runner/Result;+37
j  com.intellij.junit4.JUnit4IdeaTestRunner.startRunnerWithArgs([Ljava/lang/String;Ljava/util/ArrayList;Ljava/lang/String;Z)Lorg/junit/runner/Result;+158
j  com.intellij.junit4.JUnit4IdeaTestRunner.startRunnerWithArgs([Ljava/lang/String;Ljava/util/ArrayList;Ljava/lang/String;IZ)I+12
j  com.intellij.rt.execution.junit.JUnitStarter.prepareStreamsAndStart([Ljava/lang/String;ZLjava/util/ArrayList;Ljava/lang/String;)I+288
j  com.intellij.rt.execution.junit.JUnitStarter.main([Ljava/lang/String;)V+106
v  ~StubRoutines::call_stub
V  [libjvm.dylib+0x2e032a]  JavaCalls::call_helper(JavaValue*, methodHandle*, JavaCallArguments*, Thread*)+0x6ae
V  [libjvm.dylib+0x4b4146]  Reflection::invoke(instanceKlassHandle, methodHandle, Handle, bool, objArrayHandle, BasicType, objArrayHandle, bool, Thread*)+0xdf8
V  [libjvm.dylib+0x4b4660]  Reflection::invoke_method(oopDesc*, Handle, objArrayHandle, Thread*)+0x16c
V  [libjvm.dylib+0x330500]  JVM_InvokeMethod+0x166
j  sun.reflect.NativeMethodAccessorImpl.invoke0(Ljava/lang/reflect/Method;Ljava/lang/Object;[Ljava/lang/Object;)Ljava/lang/Object;+0
j  sun.reflect.NativeMethodAccessorImpl.invoke(Ljava/lang/Object;[Ljava/lang/Object;)Ljava/lang/Object;+100
j  sun.reflect.DelegatingMethodAccessorImpl.invoke(Ljava/lang/Object;[Ljava/lang/Object;)Ljava/lang/Object;+6
j  java.lang.reflect.Method.invoke(Ljava/lang/Object;[Ljava/lang/Object;)Ljava/lang/Object;+56
j  com.intellij.rt.execution.application.AppMain.main([Ljava/lang/String;)V+180
v  ~StubRoutines::call_stub
V  [libjvm.dylib+0x2e032a]  JavaCalls::call_helper(JavaValue*, methodHandle*, JavaCallArguments*, Thread*)+0x6ae
V  [libjvm.dylib+0x316a36]  jni_invoke_static(JNIEnv_*, JavaValue*, _jobject*, JNICallType, _jmethodID*, JNI_ArgumentPusher*, Thread*)+0x1bf
V  [libjvm.dylib+0x30f7b0]  jni_CallStaticVoidMethod+0x15d
C  [java+0x39ae]  JavaMain+0x9b1
C  [libsystem_pthread.dylib+0x3c13]  _pthread_body+0x83
C  [libsystem_pthread.dylib+0x3b90]  _pthread_body+0x0
C  [libsystem_pthread.dylib+0x1375]  thread_start+0xd
C  0x0000000000000000

Java frames: (J=compiled Java code, j=interpreted, Vv=VM code)
j  org.rosuda.JRI.Rengine.rniGetAttr(JLjava/lang/String;)J+0
j  org.rosuda.JRI.REXP.getAttribute(Ljava/lang/String;)Lorg/rosuda/JRI/REXP;+9
j  org.rosuda.JRI.REXP.asDoubleMatrix()[[D+17
j  org.rosuda.JRI.REXP.asMatrix()[[D+1
j  de.fosd.jdime.dependencyGraph.RCommunityDetection.calculateEachGraph(Lorg/rosuda/JRI/Rengine;Ljava/lang/String;I)V+20
j  de.fosd.jdime.dependencyGraph.RCommunityDetection.detectingCommunitiesWithIgraph(Ljava/lang/String;I)I+520
j  de.fosd.jdime.dependencyGraph.AnalyzeMarlinRepo.analyzeMarlinRepo(Ljava/lang/String;ILjava/lang/String;Ljava/util/ArrayList;Ljava/util/ArrayList;I)V+126
j  de.fosd.jdime.testJDimeCpp.testGroundTruthByIfdef.test11()V+190
v  ~StubRoutines::call_stub
j  sun.reflect.NativeMethodAccessorImpl.invoke0(Ljava/lang/reflect/Method;Ljava/lang/Object;[Ljava/lang/Object;)Ljava/lang/Object;+0
j  sun.reflect.NativeMethodAccessorImpl.invoke(Ljava/lang/Object;[Ljava/lang/Object;)Ljava/lang/Object;+100
j  sun.reflect.DelegatingMethodAccessorImpl.invoke(Ljava/lang/Object;[Ljava/lang/Object;)Ljava/lang/Object;+6
j  java.lang.reflect.Method.invoke(Ljava/lang/Object;[Ljava/lang/Object;)Ljava/lang/Object;+56
j  org.junit.runners.model.FrameworkMethod$1.runReflectiveCall()Ljava/lang/Object;+15
j  org.junit.internal.runners.model.ReflectiveCallable.run()Ljava/lang/Object;+1
j  org.junit.runners.model.FrameworkMethod.invokeExplosively(Ljava/lang/Object;[Ljava/lang/Object;)Ljava/lang/Object;+10
j  org.junit.internal.runners.statements.InvokeMethod.evaluate()V+12
j  org.junit.internal.runners.statements.RunBefores.evaluate()V+49
j  org.junit.runners.ParentRunner.runLeaf(Lorg/junit/runners/model/Statement;Lorg/junit/runner/Description;Lorg/junit/runner/notification/RunNotifier;)V+17
j  org.junit.runners.BlockJUnit4ClassRunner.runChild(Lorg/junit/runners/model/FrameworkMethod;Lorg/junit/runner/notification/RunNotifier;)V+30
j  org.junit.runners.BlockJUnit4ClassRunner.runChild(Ljava/lang/Object;Lorg/junit/runner/notification/RunNotifier;)V+6
j  org.junit.runners.ParentRunner$3.run()V+12
j  org.junit.runners.ParentRunner$1.schedule(Ljava/lang/Runnable;)V+1
j  org.junit.runners.ParentRunner.runChildren(Lorg/junit/runner/notification/RunNotifier;)V+44
j  org.junit.runners.ParentRunner.access$000(Lorg/junit/runners/ParentRunner;Lorg/junit/runner/notification/RunNotifier;)V+2
j  org.junit.runners.ParentRunner$2.evaluate()V+8
j  org.junit.runners.ParentRunner.run(Lorg/junit/runner/notification/RunNotifier;)V+20
j  org.junit.runner.JUnitCore.run(Lorg/junit/runner/Runner;)Lorg/junit/runner/Result;+37
j  com.intellij.junit4.JUnit4IdeaTestRunner.startRunnerWithArgs([Ljava/lang/String;Ljava/util/ArrayList;Ljava/lang/String;Z)Lorg/junit/runner/Result;+158
j  com.intellij.junit4.JUnit4IdeaTestRunner.startRunnerWithArgs([Ljava/lang/String;Ljava/util/ArrayList;Ljava/lang/String;IZ)I+12
j  com.intellij.rt.execution.junit.JUnitStarter.prepareStreamsAndStart([Ljava/lang/String;ZLjava/util/ArrayList;Ljava/lang/String;)I+288
j  com.intellij.rt.execution.junit.JUnitStarter.main([Ljava/lang/String;)V+106
v  ~StubRoutines::call_stub
j  sun.reflect.NativeMethodAccessorImpl.invoke0(Ljava/lang/reflect/Method;Ljava/lang/Object;[Ljava/lang/Object;)Ljava/lang/Object;+0
j  sun.reflect.NativeMethodAccessorImpl.invoke(Ljava/lang/Object;[Ljava/lang/Object;)Ljava/lang/Object;+100
j  sun.reflect.DelegatingMethodAccessorImpl.invoke(Ljava/lang/Object;[Ljava/lang/Object;)Ljava/lang/Object;+6
j  java.lang.reflect.Method.invoke(Ljava/lang/Object;[Ljava/lang/Object;)Ljava/lang/Object;+56
j  com.intellij.rt.execution.application.AppMain.main([Ljava/lang/String;)V+180
v  ~StubRoutines::call_stub

---------------  P R O C E S S  ---------------

Java Threads: ( => current thread )
  0x00007fca370ad800 JavaThread "Thread-0" [_thread_blocked, id=14599, stack(0x00007000010f5000,0x00007000011f5000)]
  0x00007fca3496e800 JavaThread "process reaper" daemon [_thread_blocked, id=19715, stack(0x00007000010ca000,0x00007000010f2000)]
  0x00007fca3408e000 JavaThread "Monitor Ctrl-Break" daemon [_thread_in_native, id=19203, stack(0x0000700000fc7000,0x00007000010c7000)]
  0x00007fca34075000 JavaThread "Service Thread" daemon [_thread_blocked, id=18179, stack(0x0000700000dc1000,0x0000700000ec1000)]
  0x00007fca34851800 JavaThread "C1 CompilerThread2" daemon [_thread_blocked, id=17667, stack(0x0000700000cbe000,0x0000700000dbe000)]
  0x00007fca34850800 JavaThread "C2 CompilerThread1" daemon [_thread_blocked, id=17155, stack(0x0000700000bbb000,0x0000700000cbb000)]
  0x00007fca34843800 JavaThread "C2 CompilerThread0" daemon [_thread_blocked, id=16643, stack(0x0000700000ab8000,0x0000700000bb8000)]
  0x00007fca34027800 JavaThread "Signal Dispatcher" daemon [_thread_blocked, id=15379, stack(0x00007000009b5000,0x0000700000ab5000)]
  0x00007fca3483f800 JavaThread "Finalizer" daemon [_thread_blocked, id=11779, stack(0x000070000082f000,0x000070000092f000)]
  0x00007fca34839000 JavaThread "Reference Handler" daemon [_thread_blocked, id=11267, stack(0x000070000072c000,0x000070000082c000)]
=>0x00007fca34803800 JavaThread "main" [_thread_in_native, id=4099, stack(0x0000700000084000,0x0000700000184000)]

Other Threads:
  0x00007fca34838800 VMThread [stack: 0x0000700000629000,0x0000700000729000] [id=10755]
  0x00007fca3501b800 WatcherThread [stack: 0x0000700000ec4000,0x0000700000fc4000] [id=18691]

VM state:not at safepoint (normal execution)

VM Mutex/Monitor currently owned by a thread: None

Heap:
 PSYoungGen      total 117248K, used 82723K [0x0000000795580000, 0x000000079e600000, 0x00000007c0000000)
  eden space 115712K, 70% used [0x0000000795580000,0x000000079a4d8fa0,0x000000079c680000)
  from space 1536K, 95% used [0x000000079d800000,0x000000079d970000,0x000000079d980000)
  to   space 7168K, 0% used [0x000000079df00000,0x000000079df00000,0x000000079e600000)
 ParOldGen       total 87552K, used 30434K [0x0000000740000000, 0x0000000745580000, 0x0000000795580000)
  object space 87552K, 34% used [0x0000000740000000,0x0000000741db89b0,0x0000000745580000)
 Metaspace       used 8642K, capacity 8814K, committed 8960K, reserved 1056768K
  class space    used 925K, capacity 1015K, committed 1024K, reserved 1048576K

Card table byte_map: [0x00000001159c0000,0x0000000115dc1000] byte_map_base: 0x0000000111fc0000

Marking Bits: (ParMarkBitMap*) 0x00000001056fd7a0
 Begin Bits: [0x000000011606c000, 0x000000011806c000)
 End Bits:   [0x000000011806c000, 0x000000011a06c000)

Polling page: 0x0000000105de7000

CodeCache: size=245760Kb used=6591Kb max_used=6591Kb free=239168Kb
 bounds [0x0000000106600000, 0x0000000106c80000, 0x0000000115600000]
 total_blobs=1792 nmethods=1453 adapters=252
 compilation: enabled

Compilation events (10 events):
Event: 97.897 Thread 0x00007fca34851800 1679 %     3       de.fosd.jdime.dependencyGraph.Graph::<init> @ 51 (221 bytes)
Event: 97.899 Thread 0x00007fca34851800 nmethod 1679% 0x0000000106c62bd0 code [0x0000000106c63020, 0x0000000106c65ad8]
Event: 98.044 Thread 0x00007fca34851800 1680 %     3       de.fosd.jdime.dependencyGraph.RCommunityDetection::getCurrentClusters @ 11 (85 bytes)
Event: 98.045 Thread 0x00007fca34851800 nmethod 1680% 0x0000000106c67a10 code [0x0000000106c67d00, 0x0000000106c694b8]
Event: 98.045 Thread 0x00007fca34851800 1681       3       de.fosd.jdime.dependencyGraph.Graph::<init> (221 bytes)
Event: 98.047 Thread 0x00007fca34851800 nmethod 1681 0x0000000106c6a3d0 code [0x0000000106c6a820, 0x0000000106c6d138]
Event: 98.175 Thread 0x00007fca34851800 1682       3       de.fosd.jdime.dependencyGraph.RCommunityDetection::getCurrentClusters (85 bytes)
Event: 98.176 Thread 0x00007fca34851800 nmethod 1682 0x0000000106c6ee90 code [0x0000000106c6f1a0, 0x0000000106c70b88]
Event: 98.180 Thread 0x00007fca34851800 1683 %     3       de.fosd.jdime.dependencyGraph.RCommunityDetection::printMemebershipOfCurrentGraph @ 56 (195 bytes)
Event: 98.183 Thread 0x00007fca34851800 nmethod 1683% 0x0000000106c71b90 code [0x0000000106c72020, 0x0000000106c752b8]

GC Heap History (10 events):
Event: 88.961 GC heap before
{Heap before GC invocations=25 (full 0):
 PSYoungGen      total 142336K, used 142240K [0x0000000795580000, 0x000000079f580000, 0x00000007c0000000)
  eden space 140800K, 100% used [0x0000000795580000,0x000000079df00000,0x000000079df00000)
  from space 1536K, 93% used [0x000000079f400000,0x000000079f568000,0x000000079f580000)
  to   space 7680K, 0% used [0x000000079e680000,0x000000079e680000,0x000000079ee00000)
 ParOldGen       total 87552K, used 28458K [0x0000000740000000, 0x0000000745580000, 0x0000000795580000)
  object space 87552K, 32% used [0x0000000740000000,0x0000000741bca990,0x0000000745580000)
 Metaspace       used 8054K, capacity 8194K, committed 8448K, reserved 1056768K
  class space    used 873K, capacity 937K, committed 1024K, reserved 1048576K
Event: 88.971 GC heap after
Heap after GC invocations=25 (full 0):
 PSYoungGen      total 140800K, used 5632K [0x0000000795580000, 0x000000079f480000, 0x00000007c0000000)
  eden space 135168K, 0% used [0x0000000795580000,0x0000000795580000,0x000000079d980000)
  from space 5632K, 100% used [0x000000079e680000,0x000000079ec00000,0x000000079ec00000)
  to   space 8192K, 0% used [0x000000079ec80000,0x000000079ec80000,0x000000079f480000)
 ParOldGen       total 87552K, used 28930K [0x0000000740000000, 0x0000000745580000, 0x0000000795580000)
  object space 87552K, 33% used [0x0000000740000000,0x0000000741c40990,0x0000000745580000)
 Metaspace       used 8054K, capacity 8194K, committed 8448K, reserved 1056768K
  class space    used 873K, capacity 937K, committed 1024K, reserved 1048576K
}
Event: 91.002 GC heap before
{Heap before GC invocations=26 (full 0):
 PSYoungGen      total 140800K, used 140800K [0x0000000795580000, 0x000000079f480000, 0x00000007c0000000)
  eden space 135168K, 100% used [0x0000000795580000,0x000000079d980000,0x000000079d980000)
  from space 5632K, 100% used [0x000000079e680000,0x000000079ec00000,0x000000079ec00000)
  to   space 8192K, 0% used [0x000000079ec80000,0x000000079ec80000,0x000000079f480000)
 ParOldGen       total 87552K, used 28930K [0x0000000740000000, 0x0000000745580000, 0x0000000795580000)
  object space 87552K, 33% used [0x0000000740000000,0x0000000741c40990,0x0000000745580000)
 Metaspace       used 8055K, capacity 8194K, committed 8448K, reserved 1056768K
  class space    used 873K, capacity 937K, committed 1024K, reserved 1048576K
Event: 91.011 GC heap after
Heap after GC invocations=26 (full 0):
 PSYoungGen      total 133632K, used 3232K [0x0000000795580000, 0x000000079f000000, 0x00000007c0000000)
  eden space 130048K, 0% used [0x0000000795580000,0x0000000795580000,0x000000079d480000)
  from space 3584K, 90% used [0x000000079ec80000,0x000000079efa8010,0x000000079f000000)
  to   space 7680K, 0% used [0x000000079e100000,0x000000079e100000,0x000000079e880000)
 ParOldGen       total 87552K, used 29290K [0x0000000740000000, 0x0000000745580000, 0x0000000795580000)
  object space 87552K, 33% used [0x0000000740000000,0x0000000741c9a990,0x0000000745580000)
 Metaspace       used 8055K, capacity 8194K, committed 8448K, reserved 1056768K
  class space    used 873K, capacity 937K, committed 1024K, reserved 1048576K
}
Event: 95.715 GC heap before
{Heap before GC invocations=27 (full 0):
 PSYoungGen      total 133632K, used 133280K [0x0000000795580000, 0x000000079f000000, 0x00000007c0000000)
  eden space 130048K, 100% used [0x0000000795580000,0x000000079d480000,0x000000079d480000)
  from space 3584K, 90% used [0x000000079ec80000,0x000000079efa8010,0x000000079f000000)
  to   space 7680K, 0% used [0x000000079e100000,0x000000079e100000,0x000000079e880000)
 ParOldGen       total 87552K, used 29290K [0x0000000740000000, 0x0000000745580000, 0x0000000795580000)
  object space 87552K, 33% used [0x0000000740000000,0x0000000741c9a990,0x0000000745580000)
 Metaspace       used 8061K, capacity 8258K, committed 8448K, reserved 1056768K
  class space    used 873K, capacity 937K, committed 1024K, reserved 1048576K
Event: 95.725 GC heap after
Heap after GC invocations=27 (full 0):
 PSYoungGen      total 126464K, used 1376K [0x0000000795580000, 0x000000079ed00000, 0x00000007c0000000)
  eden space 124928K, 0% used [0x0000000795580000,0x0000000795580000,0x000000079cf80000)
  from space 1536K, 89% used [0x000000079e100000,0x000000079e258000,0x000000079e280000)
  to   space 7680K, 0% used [0x000000079e580000,0x000000079e580000,0x000000079ed00000)
 ParOldGen       total 87552K, used 29986K [0x0000000740000000, 0x0000000745580000, 0x0000000795580000)
  object space 87552K, 34% used [0x0000000740000000,0x0000000741d489a0,0x0000000745580000)
 Metaspace       used 8061K, capacity 8258K, committed 8448K, reserved 1056768K
  class space    used 873K, capacity 937K, committed 1024K, reserved 1048576K
}
Event: 96.181 GC heap before
{Heap before GC invocations=28 (full 0):
 PSYoungGen      total 126464K, used 126304K [0x0000000795580000, 0x000000079ed00000, 0x00000007c0000000)
  eden space 124928K, 100% used [0x0000000795580000,0x000000079cf80000,0x000000079cf80000)
  from space 1536K, 89% used [0x000000079e100000,0x000000079e258000,0x000000079e280000)
  to   space 7680K, 0% used [0x000000079e580000,0x000000079e580000,0x000000079ed00000)
 ParOldGen       total 87552K, used 29986K [0x0000000740000000, 0x0000000745580000, 0x0000000795580000)
  object space 87552K, 34% used [0x0000000740000000,0x0000000741d489a0,0x0000000745580000)
 Metaspace       used 8061K, capacity 8258K, committed 8448K, reserved 1056768K
  class space    used 873K, capacity 937K, committed 1024K, reserved 1048576K
Event: 96.188 GC heap after
Heap after GC invocations=28 (full 0):
 PSYoungGen      total 121856K, used 1536K [0x0000000795580000, 0x000000079e700000, 0x00000007c0000000)
  eden space 120320K, 0% used [0x0000000795580000,0x0000000795580000,0x000000079cb00000)
  from space 1536K, 100% used [0x000000079e580000,0x000000079e700000,0x000000079e700000)
  to   space 7680K, 0% used [0x000000079d800000,0x000000079d800000,0x000000079df80000)
 ParOldGen       total 87552K, used 30418K [0x0000000740000000, 0x0000000745580000, 0x0000000795580000)
  object space 87552K, 34% used [0x0000000740000000,0x0000000741db49b0,0x0000000745580000)
 Metaspace       used 8061K, capacity 8258K, committed 8448K, reserved 1056768K
  class space    used 873K, capacity 937K, committed 1024K, reserved 1048576K
}
Event: 96.627 GC heap before
{Heap before GC invocations=29 (full 0):
 PSYoungGen      total 121856K, used 121856K [0x0000000795580000, 0x000000079e700000, 0x00000007c0000000)
  eden space 120320K, 100% used [0x0000000795580000,0x000000079cb00000,0x000000079cb00000)
  from space 1536K, 100% used [0x000000079e580000,0x000000079e700000,0x000000079e700000)
  to   space 7680K, 0% used [0x000000079d800000,0x000000079d800000,0x000000079df80000)
 ParOldGen       total 87552K, used 30418K [0x0000000740000000, 0x0000000745580000, 0x0000000795580000)
  object space 87552K, 34% used [0x0000000740000000,0x0000000741db49b0,0x0000000745580000)
 Metaspace       used 8065K, capacity 8258K, committed 8448K, reserved 1056768K
  class space    used 873K, capacity 937K, committed 1024K, reserved 1048576K
Event: 96.634 GC heap after
Heap after GC invocations=29 (full 0):
 PSYoungGen      total 117248K, used 1472K [0x0000000795580000, 0x000000079e600000, 0x00000007c0000000)
  eden space 115712K, 0% used [0x0000000795580000,0x0000000795580000,0x000000079c680000)
  from space 1536K, 95% used [0x000000079d800000,0x000000079d970000,0x000000079d980000)
  to   space 7168K, 0% used [0x000000079df00000,0x000000079df00000,0x000000079e600000)
 ParOldGen       total 87552K, used 30434K [0x0000000740000000, 0x0000000745580000, 0x0000000795580000)
  object space 87552K, 34% used [0x0000000740000000,0x0000000741db89b0,0x0000000745580000)
 Metaspace       used 8065K, capacity 8258K, committed 8448K, reserved 1056768K
  class space    used 873K, capacity 937K, committed 1024K, reserved 1048576K
}

Deoptimization events (10 events):
Event: 97.187 Thread 0x00007fca34803800 Uncommon trap: reason=unstable_if action=reinterpret pc=0x000000010674010c method=sun.nio.cs.StreamEncoder.implClose()V @ 80
Event: 97.191 Thread 0x00007fca34803800 Uncommon trap: reason=class_check action=maybe_recompile pc=0x00000001069be1a0 method=java.util.regex.Pattern.compile()V @ 246
Event: 97.191 Thread 0x00007fca34803800 Uncommon trap: reason=class_check action=maybe_recompile pc=0x00000001068ce014 method=java.util.regex.Pattern$Node.study(Ljava/util/regex/Pattern$TreeInfo;)Z @ 12
Event: 97.191 Thread 0x00007fca34803800 Uncommon trap: reason=class_check action=maybe_recompile pc=0x00000001068ce014 method=java.util.regex.Pattern$Node.study(Ljava/util/regex/Pattern$TreeInfo;)Z @ 12
Event: 97.191 Thread 0x00007fca34803800 Uncommon trap: reason=class_check action=maybe_recompile pc=0x00000001068ce014 method=java.util.regex.Pattern$Node.study(Ljava/util/regex/Pattern$TreeInfo;)Z @ 12
Event: 97.191 Thread 0x00007fca34803800 Uncommon trap: reason=class_check action=maybe_recompile pc=0x00000001068ce014 method=java.util.regex.Pattern$Node.study(Ljava/util/regex/Pattern$TreeInfo;)Z @ 12
Event: 97.202 Thread 0x00007fca34803800 Uncommon trap: reason=unstable_if action=reinterpret pc=0x00000001069ef224 method=java.lang.Integer.valueOf(I)Ljava/lang/Integer; @ 3
Event: 97.210 Thread 0x00007fca34803800 Uncommon trap: reason=class_check action=maybe_recompile pc=0x0000000106b04274 method=java.util.HashSet.iterator()Ljava/util/Iterator; @ 4
Event: 97.212 Thread 0x00007fca34803800 Uncommon trap: reason=class_check action=maybe_recompile pc=0x0000000106b04274 method=java.util.HashSet.iterator()Ljava/util/Iterator; @ 4
Event: 97.213 Thread 0x00007fca34803800 Uncommon trap: reason=class_check action=maybe_recompile pc=0x0000000106b04274 method=java.util.HashSet.iterator()Ljava/util/Iterator; @ 4

Internal exceptions (10 events):
Event: 89.849 Thread 0x00007fca34803800 Exception <a 'java/lang/NoClassDefFoundError': nu/xom/XML1_0Parser> (0x000000079bd9dd90) thrown at [/Users/java_re/workspace/8-2-build-macosx-x86_64/jdk8u45/3457/hotspot/src/share/vm/oops/constantPool.cpp, line 235]
Event: 90.457 Thread 0x00007fca34803800 Exception <a 'java/lang/NoClassDefFoundError': nu/xom/XML1_0Parser> (0x000000079d06d7c0) thrown at [/Users/java_re/workspace/8-2-build-macosx-x86_64/jdk8u45/3457/hotspot/src/share/vm/oops/constantPool.cpp, line 235]
Event: 91.452 Thread 0x00007fca34803800 Exception <a 'java/lang/NoClassDefFoundError': nu/xom/XML1_0Parser> (0x000000079824ae10) thrown at [/Users/java_re/workspace/8-2-build-macosx-x86_64/jdk8u45/3457/hotspot/src/share/vm/oops/constantPool.cpp, line 235]
Event: 92.034 Thread 0x00007fca34803800 Exception <a 'java/lang/NoClassDefFoundError': nu/xom/XML1_0Parser> (0x0000000798aa3fc8) thrown at [/Users/java_re/workspace/8-2-build-macosx-x86_64/jdk8u45/3457/hotspot/src/share/vm/oops/constantPool.cpp, line 235]
Event: 92.631 Thread 0x00007fca34803800 Exception <a 'java/lang/NoClassDefFoundError': nu/xom/XML1_0Parser> (0x000000079a298858) thrown at [/Users/java_re/workspace/8-2-build-macosx-x86_64/jdk8u45/3457/hotspot/src/share/vm/oops/constantPool.cpp, line 235]
Event: 93.287 Thread 0x00007fca34803800 Exception <a 'java/lang/NoClassDefFoundError': nu/xom/XML1_0Parser> (0x000000079aac36e8) thrown at [/Users/java_re/workspace/8-2-build-macosx-x86_64/jdk8u45/3457/hotspot/src/share/vm/oops/constantPool.cpp, line 235]
Event: 93.809 Thread 0x00007fca34803800 Exception <a 'java/lang/NoClassDefFoundError': nu/xom/XML1_0Parser> (0x000000079ad31fb0) thrown at [/Users/java_re/workspace/8-2-build-macosx-x86_64/jdk8u45/3457/hotspot/src/share/vm/oops/constantPool.cpp, line 235]
Event: 94.357 Thread 0x00007fca34803800 Exception <a 'java/lang/NoClassDefFoundError': nu/xom/XML1_0Parser> (0x000000079afe6340) thrown at [/Users/java_re/workspace/8-2-build-macosx-x86_64/jdk8u45/3457/hotspot/src/share/vm/oops/constantPool.cpp, line 235]
Event: 96.717 Thread 0x00007fca34803800 Implicit null exception at 0x000000010694d895 to 0x000000010694da99
Event: 96.717 Thread 0x00007fca34803800 Implicit null exception at 0x0000000106827144 to 0x000000010682731d

Events (10 events):
Event: 97.345 loading class sun/misc/FloatingDecimal$1
Event: 97.345 loading class sun/misc/FloatingDecimal$1 done
Event: 97.345 loading class sun/misc/FloatingDecimal$PreparedASCIIToBinaryBuffer
Event: 97.345 loading class sun/misc/FloatingDecimal$ASCIIToBinaryConverter
Event: 97.345 loading class sun/misc/FloatingDecimal$ASCIIToBinaryConverter done
Event: 97.345 loading class sun/misc/FloatingDecimal$PreparedASCIIToBinaryBuffer done
Event: 97.345 loading class sun/misc/FDBigInteger
Event: 97.346 loading class sun/misc/FDBigInteger done
Event: 97.348 loading class java/util/ArrayList$1
Event: 97.348 loading class java/util/ArrayList$1 done


Dynamic libraries:
0x0000000000ba4000 	/System/Library/Frameworks/Cocoa.framework/Versions/A/Cocoa
0x0000000000ba4000 	/System/Library/Frameworks/Security.framework/Versions/A/Security
0x0000000000ba4000 	/System/Library/Frameworks/ApplicationServices.framework/Versions/A/ApplicationServices
0x0000000000ba4000 	/usr/lib/libz.1.dylib
0x0000000000ba4000 	/usr/lib/libSystem.B.dylib
0x0000000000ba4000 	/usr/lib/libobjc.A.dylib
0x0000000000ba4000 	/System/Library/Frameworks/CoreFoundation.framework/Versions/A/CoreFoundation
0x0000000000ba4000 	/System/Library/Frameworks/Foundation.framework/Versions/C/Foundation
0x0000000000ba4000 	/System/Library/Frameworks/AppKit.framework/Versions/C/AppKit
0x0000000000ba4000 	/System/Library/Frameworks/CoreData.framework/Versions/A/CoreData
0x0000000000ba4000 	/System/Library/PrivateFrameworks/RemoteViewServices.framework/Versions/A/RemoteViewServices
0x0000000000ba4000 	/System/Library/PrivateFrameworks/UIFoundation.framework/Versions/A/UIFoundation
0x0000000000ba4000 	/usr/lib/libScreenReader.dylib
0x0000000000ba4000 	/System/Library/Frameworks/Accelerate.framework/Versions/A/Accelerate
0x0000000000ba4000 	/System/Library/Frameworks/IOSurface.framework/Versions/A/IOSurface
0x0000000000ba4000 	/System/Library/Frameworks/AudioToolbox.framework/Versions/A/AudioToolbox
0x0000000000ba4000 	/System/Library/Frameworks/AudioUnit.framework/Versions/A/AudioUnit
0x0000000000ba4000 	/System/Library/PrivateFrameworks/DataDetectorsCore.framework/Versions/A/DataDetectorsCore
0x0000000000ba4000 	/System/Library/PrivateFrameworks/DesktopServicesPriv.framework/Versions/A/DesktopServicesPriv
0x0000000000ba4000 	/System/Library/Frameworks/Carbon.framework/Versions/A/Frameworks/HIToolbox.framework/Versions/A/HIToolbox
0x0000000000ba4000 	/System/Library/Frameworks/QuartzCore.framework/Versions/A/QuartzCore
0x0000000000ba4000 	/System/Library/Frameworks/Carbon.framework/Versions/A/Frameworks/SpeechRecognition.framework/Versions/A/SpeechRecognition
0x0000000000ba4000 	/usr/lib/libauto.dylib
0x0000000000ba4000 	/usr/lib/libicucore.A.dylib
0x0000000000ba4000 	/usr/lib/libxml2.2.dylib
0x0000000000ba4000 	/System/Library/PrivateFrameworks/CoreUI.framework/Versions/A/CoreUI
0x0000000000ba4000 	/System/Library/Frameworks/CoreAudio.framework/Versions/A/CoreAudio
0x0000000000ba4000 	/System/Library/Frameworks/DiskArbitration.framework/Versions/A/DiskArbitration
0x0000000000ba4000 	/usr/lib/liblangid.dylib
0x0000000000ba4000 	/System/Library/PrivateFrameworks/MultitouchSupport.framework/Versions/A/MultitouchSupport
0x0000000000ba4000 	/System/Library/Frameworks/IOKit.framework/Versions/A/IOKit
0x0000000000ba4000 	/usr/lib/libDiagnosticMessagesClient.dylib
0x0000000000ba4000 	/System/Library/Frameworks/CoreServices.framework/Versions/A/CoreServices
0x0000000000ba4000 	/System/Library/PrivateFrameworks/PerformanceAnalysis.framework/Versions/A/PerformanceAnalysis
0x0000000000ba4000 	/System/Library/PrivateFrameworks/GenerationalStorage.framework/Versions/A/GenerationalStorage
0x0000000000ba4000 	/System/Library/Frameworks/OpenGL.framework/Versions/A/OpenGL
0x0000000000ba4000 	/System/Library/PrivateFrameworks/Sharing.framework/Versions/A/Sharing
0x0000000000ba4000 	/System/Library/Frameworks/CoreGraphics.framework/Versions/A/CoreGraphics
0x0000000000ba4000 	/System/Library/Frameworks/CoreImage.framework/Versions/A/CoreImage
0x0000000000ba4000 	/System/Library/Frameworks/CoreText.framework/Versions/A/CoreText
0x0000000000ba4000 	/System/Library/Frameworks/ImageIO.framework/Versions/A/ImageIO
0x0000000000ba4000 	/System/Library/PrivateFrameworks/Backup.framework/Versions/A/Backup
0x0000000000ba4000 	/usr/lib/libextension.dylib
0x0000000000ba4000 	/usr/lib/libarchive.2.dylib
0x0000000000ba4000 	/System/Library/Frameworks/CFNetwork.framework/Versions/A/CFNetwork
0x0000000000ba4000 	/System/Library/Frameworks/SystemConfiguration.framework/Versions/A/SystemConfiguration
0x0000000000ba4000 	/usr/lib/libCRFSuite.dylib
0x0000000000ba4000 	/usr/lib/libc++.1.dylib
0x0000000000ba4000 	/usr/lib/libc++abi.dylib
0x0000000000ba4000 	/usr/lib/system/libcache.dylib
0x0000000000ba4000 	/usr/lib/system/libcommonCrypto.dylib
0x0000000000ba4000 	/usr/lib/system/libcompiler_rt.dylib
0x0000000000ba4000 	/usr/lib/system/libcopyfile.dylib
0x0000000000ba4000 	/usr/lib/system/libcorecrypto.dylib
0x0000000000ba4000 	/usr/lib/system/libdispatch.dylib
0x0000000000ba4000 	/usr/lib/system/libdyld.dylib
0x0000000000ba4000 	/usr/lib/system/libkeymgr.dylib
0x0000000000ba4000 	/usr/lib/system/liblaunch.dylib
0x0000000000ba4000 	/usr/lib/system/libmacho.dylib
0x0000000000ba4000 	/usr/lib/system/libquarantine.dylib
0x0000000000ba4000 	/usr/lib/system/libremovefile.dylib
0x0000000000ba4000 	/usr/lib/system/libsystem_asl.dylib
0x0000000000ba4000 	/usr/lib/system/libsystem_blocks.dylib
0x0000000000ba4000 	/usr/lib/system/libsystem_c.dylib
0x0000000000ba4000 	/usr/lib/system/libsystem_configuration.dylib
0x0000000000ba4000 	/usr/lib/system/libsystem_coreservices.dylib
0x0000000000ba4000 	/usr/lib/system/libsystem_coretls.dylib
0x0000000000ba4000 	/usr/lib/system/libsystem_dnssd.dylib
0x0000000000ba4000 	/usr/lib/system/libsystem_info.dylib
0x0000000000ba4000 	/usr/lib/system/libsystem_kernel.dylib
0x0000000000ba4000 	/usr/lib/system/libsystem_m.dylib
0x0000000000ba4000 	/usr/lib/system/libsystem_malloc.dylib
0x0000000000ba4000 	/usr/lib/system/libsystem_network.dylib
0x0000000000ba4000 	/usr/lib/system/libsystem_networkextension.dylib
0x0000000000ba4000 	/usr/lib/system/libsystem_notify.dylib
0x0000000000ba4000 	/usr/lib/system/libsystem_platform.dylib
0x0000000000ba4000 	/usr/lib/system/libsystem_pthread.dylib
0x0000000000ba4000 	/usr/lib/system/libsystem_sandbox.dylib
0x0000000000ba4000 	/usr/lib/system/libsystem_secinit.dylib
0x0000000000ba4000 	/usr/lib/system/libsystem_trace.dylib
0x0000000000ba4000 	/usr/lib/system/libunc.dylib
0x0000000000ba4000 	/usr/lib/system/libunwind.dylib
0x0000000000ba4000 	/usr/lib/system/libxpc.dylib
0x0000000000ba4000 	/usr/lib/libenergytrace.dylib
0x0000000000ba4000 	/usr/lib/libbsm.0.dylib
0x0000000000ba4000 	/usr/lib/system/libkxld.dylib
0x0000000000ba4000 	/usr/lib/libxar.1.dylib
0x0000000000ba4000 	/usr/lib/libsqlite3.dylib
0x0000000000ba4000 	/usr/lib/libpam.2.dylib
0x0000000000ba4000 	/usr/lib/libOpenScriptingUtil.dylib
0x0000000000ba4000 	/usr/lib/libbz2.1.0.dylib
0x0000000000ba4000 	/usr/lib/liblzma.5.dylib
0x0000000000ba4000 	/System/Library/Frameworks/CoreServices.framework/Versions/A/Frameworks/FSEvents.framework/Versions/A/FSEvents
0x0000000000ba4000 	/System/Library/Frameworks/CoreServices.framework/Versions/A/Frameworks/CarbonCore.framework/Versions/A/CarbonCore
0x0000000000ba4000 	/System/Library/Frameworks/CoreServices.framework/Versions/A/Frameworks/Metadata.framework/Versions/A/Metadata
0x0000000000ba4000 	/System/Library/Frameworks/CoreServices.framework/Versions/A/Frameworks/OSServices.framework/Versions/A/OSServices
0x0000000000ba4000 	/System/Library/Frameworks/CoreServices.framework/Versions/A/Frameworks/SearchKit.framework/Versions/A/SearchKit
0x0000000000ba4000 	/System/Library/Frameworks/CoreServices.framework/Versions/A/Frameworks/AE.framework/Versions/A/AE
0x0000000000ba4000 	/System/Library/Frameworks/CoreServices.framework/Versions/A/Frameworks/LaunchServices.framework/Versions/A/LaunchServices
0x0000000000ba4000 	/System/Library/Frameworks/CoreServices.framework/Versions/A/Frameworks/DictionaryServices.framework/Versions/A/DictionaryServices
0x0000000000ba4000 	/System/Library/Frameworks/CoreServices.framework/Versions/A/Frameworks/SharedFileList.framework/Versions/A/SharedFileList
0x0000000000ba4000 	/System/Library/Frameworks/NetFS.framework/Versions/A/NetFS
0x0000000000ba4000 	/System/Library/PrivateFrameworks/NetAuth.framework/Versions/A/NetAuth
0x0000000000ba4000 	/System/Library/PrivateFrameworks/login.framework/Versions/A/Frameworks/loginsupport.framework/Versions/A/loginsupport
0x0000000000ba4000 	/System/Library/PrivateFrameworks/TCC.framework/Versions/A/TCC
0x0000000000ba4000 	/usr/lib/libmecabra.dylib
0x0000000000ba4000 	/System/Library/Frameworks/ApplicationServices.framework/Versions/A/Frameworks/ATS.framework/Versions/A/ATS
0x0000000000ba4000 	/System/Library/Frameworks/ApplicationServices.framework/Versions/A/Frameworks/ColorSync.framework/Versions/A/ColorSync
0x0000000000ba4000 	/System/Library/Frameworks/ApplicationServices.framework/Versions/A/Frameworks/HIServices.framework/Versions/A/HIServices
0x0000000000ba4000 	/System/Library/Frameworks/ApplicationServices.framework/Versions/A/Frameworks/LangAnalysis.framework/Versions/A/LangAnalysis
0x0000000000ba4000 	/System/Library/Frameworks/ApplicationServices.framework/Versions/A/Frameworks/PrintCore.framework/Versions/A/PrintCore
0x0000000000ba4000 	/System/Library/Frameworks/ApplicationServices.framework/Versions/A/Frameworks/QD.framework/Versions/A/QD
0x0000000000ba4000 	/System/Library/Frameworks/ApplicationServices.framework/Versions/A/Frameworks/SpeechSynthesis.framework/Versions/A/SpeechSynthesis
0x0000000000ba4000 	/System/Library/Frameworks/Metal.framework/Versions/A/Metal
0x0000000000ba4000 	/System/Library/Frameworks/Accelerate.framework/Versions/A/Frameworks/vImage.framework/Versions/A/vImage
0x0000000000ba4000 	/System/Library/Frameworks/Accelerate.framework/Versions/A/Frameworks/vecLib.framework/Versions/A/vecLib
0x0000000000ba4000 	/System/Library/Frameworks/Accelerate.framework/Versions/A/Frameworks/vecLib.framework/Versions/A/libvDSP.dylib
0x0000000000ba4000 	/System/Library/Frameworks/Accelerate.framework/Versions/A/Frameworks/vecLib.framework/Versions/A/libvMisc.dylib
0x0000000000ba4000 	/System/Library/Frameworks/Accelerate.framework/Versions/A/Frameworks/vecLib.framework/Versions/A/libLAPACK.dylib
0x0000000000ba4000 	/System/Library/Frameworks/Accelerate.framework/Versions/A/Frameworks/vecLib.framework/Versions/A/libBLAS.dylib
0x0000000000ba4000 	/System/Library/Frameworks/Accelerate.framework/Versions/A/Frameworks/vecLib.framework/Versions/A/libLinearAlgebra.dylib
0x0000000000ba4000 	/System/Library/Frameworks/Accelerate.framework/Versions/A/Frameworks/vecLib.framework/Versions/A/libSparseBLAS.dylib
0x0000000000ba4000 	/System/Library/PrivateFrameworks/GPUCompiler.framework/libmetal_timestamp.dylib
0x0000000000ba4000 	/System/Library/Frameworks/OpenGL.framework/Versions/A/Libraries/libCoreFSCache.dylib
0x0000000000ba4000 	/System/Library/PrivateFrameworks/IOAccelerator.framework/Versions/A/IOAccelerator
0x0000000000ba4000 	/System/Library/Frameworks/ApplicationServices.framework/Versions/A/Frameworks/ATS.framework/Versions/A/Resources/libFontParser.dylib
0x0000000000ba4000 	/System/Library/Frameworks/ApplicationServices.framework/Versions/A/Frameworks/ATS.framework/Versions/A/Resources/libFontRegistry.dylib
0x0000000000ba4000 	/System/Library/PrivateFrameworks/AppleVPA.framework/Versions/A/AppleVPA
0x0000000000ba4000 	/System/Library/PrivateFrameworks/AppleJPEG.framework/Versions/A/AppleJPEG
0x0000000000ba4000 	/System/Library/Frameworks/ImageIO.framework/Versions/A/Resources/libJPEG.dylib
0x0000000000ba4000 	/System/Library/Frameworks/ImageIO.framework/Versions/A/Resources/libTIFF.dylib
0x0000000000ba4000 	/System/Library/Frameworks/ImageIO.framework/Versions/A/Resources/libPng.dylib
0x0000000000ba4000 	/System/Library/Frameworks/ImageIO.framework/Versions/A/Resources/libGIF.dylib
0x0000000000ba4000 	/System/Library/Frameworks/ImageIO.framework/Versions/A/Resources/libJP2.dylib
0x0000000000ba4000 	/System/Library/Frameworks/ImageIO.framework/Versions/A/Resources/libRadiance.dylib
0x0000000000ba4000 	/System/Library/Frameworks/CoreVideo.framework/Versions/A/CoreVideo
0x0000000000ba4000 	/System/Library/Frameworks/OpenGL.framework/Versions/A/Libraries/libGLU.dylib
0x0000000000ba4000 	/System/Library/Frameworks/OpenGL.framework/Versions/A/Libraries/libGFXShared.dylib
0x0000000000ba4000 	/System/Library/Frameworks/OpenGL.framework/Versions/A/Libraries/libGL.dylib
0x0000000000ba4000 	/System/Library/Frameworks/OpenGL.framework/Versions/A/Libraries/libGLImage.dylib
0x0000000000ba4000 	/System/Library/Frameworks/OpenGL.framework/Versions/A/Libraries/libCVMSPluginSupport.dylib
0x0000000000ba4000 	/System/Library/Frameworks/OpenGL.framework/Versions/A/Libraries/libCoreVMClient.dylib
0x0000000000ba4000 	/usr/lib/libcups.2.dylib
0x0000000000ba4000 	/System/Library/Frameworks/Kerberos.framework/Versions/A/Kerberos
0x0000000000ba4000 	/System/Library/Frameworks/GSS.framework/Versions/A/GSS
0x0000000000ba4000 	/usr/lib/libresolv.9.dylib
0x0000000000ba4000 	/usr/lib/libiconv.2.dylib
0x0000000000ba4000 	/System/Library/PrivateFrameworks/Heimdal.framework/Versions/A/Heimdal
0x0000000000ba4000 	/usr/lib/libheimdal-asn1.dylib
0x0000000000ba4000 	/System/Library/Frameworks/OpenDirectory.framework/Versions/A/OpenDirectory
0x0000000000ba4000 	/System/Library/PrivateFrameworks/CommonAuth.framework/Versions/A/CommonAuth
0x0000000000ba4000 	/System/Library/Frameworks/OpenDirectory.framework/Versions/A/Frameworks/CFOpenDirectory.framework/Versions/A/CFOpenDirectory
0x0000000000ba4000 	/System/Library/Frameworks/SecurityFoundation.framework/Versions/A/SecurityFoundation
0x0000000000ba4000 	/System/Library/PrivateFrameworks/LanguageModeling.framework/Versions/A/LanguageModeling
0x0000000000ba4000 	/usr/lib/libmarisa.dylib
0x0000000000ba4000 	/usr/lib/libChineseTokenizer.dylib
0x0000000000ba4000 	/usr/lib/libcmph.dylib
0x0000000000ba4000 	/usr/lib/libcompression.dylib
0x0000000000ba4000 	/System/Library/Frameworks/ServiceManagement.framework/Versions/A/ServiceManagement
0x0000000000ba4000 	/usr/lib/libxslt.1.dylib
0x0000000000ba4000 	/System/Library/Frameworks/Carbon.framework/Versions/A/Frameworks/Ink.framework/Versions/A/Ink
0x0000000000ba4000 	/usr/lib/libFosl_dynamic.dylib
0x0000000000ba4000 	/System/Library/PrivateFrameworks/FaceCore.framework/Versions/A/FaceCore
0x0000000000ba4000 	/System/Library/Frameworks/OpenCL.framework/Versions/A/OpenCL
0x0000000000ba4000 	/System/Library/PrivateFrameworks/CrashReporterSupport.framework/Versions/A/CrashReporterSupport
0x0000000000ba4000 	/System/Library/PrivateFrameworks/IconServices.framework/Versions/A/IconServices
0x0000000000ba4000 	/System/Library/PrivateFrameworks/Apple80211.framework/Versions/A/Apple80211
0x0000000000ba4000 	/System/Library/Frameworks/CoreWLAN.framework/Versions/A/CoreWLAN
0x0000000000ba4000 	/System/Library/Frameworks/IOBluetooth.framework/Versions/A/IOBluetooth
0x0000000000ba4000 	/System/Library/PrivateFrameworks/CoreWiFi.framework/Versions/A/CoreWiFi
0x0000000000ba4000 	/System/Library/Frameworks/CoreBluetooth.framework/Versions/A/CoreBluetooth
0x0000000000ba4000 	/System/Library/PrivateFrameworks/ChunkingLibrary.framework/Versions/A/ChunkingLibrary
0x0000000000ba4000 	/System/Library/PrivateFrameworks/DebugSymbols.framework/Versions/A/DebugSymbols
0x0000000000ba4000 	/System/Library/PrivateFrameworks/CoreSymbolication.framework/Versions/A/CoreSymbolication
0x0000000000ba4000 	/System/Library/PrivateFrameworks/Symbolication.framework/Versions/A/Symbolication
0x0000000000ba4000 	/System/Library/PrivateFrameworks/SpeechRecognitionCore.framework/Versions/A/SpeechRecognitionCore
0x0000000104e3b000 	/Library/Java/JavaVirtualMachines/jdk1.8.0_45.jdk/Contents/Home/jre/lib/server/libjvm.dylib
0x0000000000ba4000 	/usr/lib/libstdc++.6.dylib
0x0000000105da4000 	/Library/Java/JavaVirtualMachines/jdk1.8.0_45.jdk/Contents/Home/jre/lib/libverify.dylib
0x0000000105db2000 	/Library/Java/JavaVirtualMachines/jdk1.8.0_45.jdk/Contents/Home/jre/lib/libjava.dylib
0x0000000105df1000 	/Library/Java/JavaVirtualMachines/jdk1.8.0_45.jdk/Contents/Home/jre/lib/libzip.dylib
0x000000011bf62000 	/System/Library/Frameworks/JavaVM.framework/Frameworks/JavaRuntimeSupport.framework/JavaRuntimeSupport
0x000000011bf7d000 	/System/Library/Frameworks/JavaVM.framework/Versions/A/Frameworks/JavaNativeFoundation.framework/Versions/A/JavaNativeFoundation
0x000000011bf92000 	/System/Library/Frameworks/JavaVM.framework/Versions/A/JavaVM
0x0000000000ba4000 	/System/Library/Frameworks/Carbon.framework/Versions/A/Carbon
0x000000011bf9f000 	/System/Library/PrivateFrameworks/JavaLaunching.framework/Versions/A/JavaLaunching
0x0000000000ba4000 	/System/Library/Frameworks/Carbon.framework/Versions/A/Frameworks/CommonPanels.framework/Versions/A/CommonPanels
0x0000000000ba4000 	/System/Library/Frameworks/Carbon.framework/Versions/A/Frameworks/Help.framework/Versions/A/Help
0x0000000000ba4000 	/System/Library/Frameworks/Carbon.framework/Versions/A/Frameworks/ImageCapture.framework/Versions/A/ImageCapture
0x0000000000ba4000 	/System/Library/Frameworks/Carbon.framework/Versions/A/Frameworks/OpenScripting.framework/Versions/A/OpenScripting
0x0000000000ba4000 	/System/Library/Frameworks/Carbon.framework/Versions/A/Frameworks/Print.framework/Versions/A/Print
0x0000000000ba4000 	/System/Library/Frameworks/Carbon.framework/Versions/A/Frameworks/SecurityHI.framework/Versions/A/SecurityHI
0x000000011d8fe000 	/Applications/IntelliJ IDEA.app/Contents/bin/libbreakgen64.jnilib
0x000000011d903000 	/Library/Java/JavaVirtualMachines/jdk1.8.0_45.jdk/Contents/Home/jre/lib/libnet.dylib
0x000000011dadb000 	/Library/Java/JavaVirtualMachines/jdk1.8.0_45.jdk/Contents/Home/jre/lib/libnio.dylib
0x000000011daba000 	/Library/Frameworks/R.framework/Versions/3.2/Resources/library/rJava/jri/libjri.jnilib
0x000000011e53c000 	/Library/Frameworks/R.framework/Versions/3.2/Resources/lib/libR.dylib
0x000000011db7e000 	/usr/lib/libpcre.0.dylib
0x000000011dd46000 	/Library/Frameworks/R.framework/Versions/3.2/Resources/lib/libRblas.dylib
0x000000011e262000 	/Library/Frameworks/R.framework/Versions/3.2/Resources/lib/libgfortran.3.dylib
0x000000011dd76000 	/Library/Frameworks/R.framework/Versions/3.2/Resources/lib/libquadmath.0.dylib
0x000000011de66000 	/Library/Frameworks/R.framework/Versions/3.2/Resources/lib/libreadline.5.2.dylib
0x000000011daeb000 	/Library/Frameworks/R.framework/Versions/3.2/Resources/lib/libgcc_s_x86_64.1.dylib
0x0000000000ba4000 	/usr/lib/libncurses.5.4.dylib
0x000000011dac6000 	/Library/Frameworks/R.framework/Versions/3.2/Resources/library/utils/libs/utils.so
0x000000011dbb2000 	/Library/Frameworks/R.framework/Versions/3.2/Resources/library/methods/libs/methods.so
0x000000011e173000 	/Library/Frameworks/R.framework/Versions/3.2/Resources/library/grDevices/libs/grDevices.so
0x000000011e47b000 	/Library/Frameworks/R.framework/Versions/3.2/Resources/library/graphics/libs/graphics.so
0x000000011eeaf000 	/Library/Frameworks/R.framework/Versions/3.2/Resources/library/stats/libs/stats.so
0x000000011ef6a000 	/Library/Frameworks/R.framework/Versions/3.2/Resources/lib/libRlapack.dylib
0x000000011f1b2000 	/Library/Frameworks/R.framework/Versions/3.2/Resources/library/igraph/libs/igraph.so

VM Arguments:
jvm_args: -Xmx2048m -ea -Djava.library.path=/Library/Frameworks/R.framework/Resources/library/rJava/jri/ -Didea.launcher.port=7534 -Didea.launcher.bin.path=/Applications/IntelliJ IDEA.app/Contents/bin -Didea.junit.sm_runner -Dfile.encoding=UTF-8 
java_command: com.intellij.rt.execution.application.AppMain com.intellij.rt.execution.junit.JUnitStarter -ideVersion5 de.fosd.jdime.testJDimeCpp.testGroundTruthByIfdef
java_class_path (initial): /Applications/IntelliJ IDEA.app/Contents/lib/idea_rt.jar:/Applications/IntelliJ IDEA.app/Contents/plugins/junit/lib/junit-rt.jar:/Library/Java/JavaVirtualMachines/jdk1.8.0_45.jdk/Contents/Home/lib/ant-javafx.jar:/Library/Java/JavaVirtualMachines/jdk1.8.0_45.jdk/Contents/Home/lib/dt.jar:/Library/Java/JavaVirtualMachines/jdk1.8.0_45.jdk/Contents/Home/lib/javafx-mx.jar:/Library/Java/JavaVirtualMachines/jdk1.8.0_45.jdk/Contents/Home/lib/jconsole.jar:/Library/Java/JavaVirtualMachines/jdk1.8.0_45.jdk/Contents/Home/lib/packager.jar:/Library/Java/JavaVirtualMachines/jdk1.8.0_45.jdk/Contents/Home/lib/sa-jdi.jar:/Library/Java/JavaVirtualMachines/jdk1.8.0_45.jdk/Contents/Home/lib/tools.jar:/Library/Java/JavaVirtualMachines/jdk1.8.0_45.jdk/Contents/Home/jre/lib/charsets.jar:/Library/Java/JavaVirtualMachines/jdk1.8.0_45.jdk/Contents/Home/jre/lib/deploy.jar:/Library/Java/JavaVirtualMachines/jdk1.8.0_45.jdk/Contents/Home/jre/lib/javaws.jar:/Library/Java/JavaVirtualMachines/jdk1.8.0_45.jdk/Contents/Home/jre/lib/jce.jar:/Library/Java/JavaVirtualMachines/jdk1.8.0_45.jdk/Contents/Home/jre/lib/jfr.jar:/Library/Java/JavaVirtualMachines/jdk1.8.0_45.jdk/Contents/Home/jre/lib/jfxswt.jar:/Library/Java/JavaVirtualMachines/jdk1.8.0_45.jdk/Contents/Home/jre/lib/jsse.jar:/Library/Java/JavaVirtualMachines/jdk1.8.0_45.jdk/Contents/Home/jre/lib/management-agent.jar:/Library/Java/JavaVirtualMachines/jdk1.8.0_45.jdk/Contents/Home/jre/lib/plugin.jar:/Library/Java/JavaVirtualMachines/jdk1.8.0_45.jdk/Contents/Home/jre/lib/resources.jar:/Library/Java/JavaVirtualMachines/jdk1.8.0_45.jdk/Contents/Home/jre/lib/rt.jar:/Library/Java/JavaVirtualMachines/jdk1.8.0_45.jdk/Contents/Home/jre/lib/ext/cldrdata.jar:/Library/Java/JavaVirtualMachines/jdk1.8.0_45.jdk/Contents/Home/jre/lib/ext/dnsns.jar:/Library/Java/JavaVirtualMachines/jdk1.8.0_45.jdk/Contents/Home/jre/lib/ext/jfxrt.jar:/Library/Java/JavaVirtualMachines/jdk1.8.0_45.jdk/Contents/Home/jre/lib/ext/localedata.jar:/Library/Java/J
Launcher Type: SUN_STANDARD

Environment Variables:
PATH=/usr/bin:/bin:/usr/sbin:/sbin
SHELL=/bin/bash

Signal Handlers:
SIGSEGV: [libjvm.dylib+0x58ef95], sa_mask[0]=11111111011111110111111111111111, sa_flags=SA_ONSTACK|SA_RESTART|SA_SIGINFO
SIGBUS: [libjvm.dylib+0x58ef95], sa_mask[0]=11111111011111110111111111111111, sa_flags=SA_RESTART|SA_SIGINFO
SIGFPE: [libjvm.dylib+0x46c108], sa_mask[0]=11111111011111110111111111111111, sa_flags=SA_RESTART|SA_SIGINFO
SIGPIPE: [libjvm.dylib+0x46c108], sa_mask[0]=11111111011111110111111111111111, sa_flags=SA_RESTART|SA_SIGINFO
SIGXFSZ: [libjvm.dylib+0x46c108], sa_mask[0]=11111111011111110111111111111111, sa_flags=SA_RESTART|SA_SIGINFO
SIGILL: [libjvm.dylib+0x46c108], sa_mask[0]=11111111011111110111111111111111, sa_flags=SA_RESTART|SA_SIGINFO
SIGUSR1: SIG_DFL, sa_mask[0]=00000000000000000000000000000000, sa_flags=none
SIGUSR2: [libjvm.dylib+0x46bc26], sa_mask[0]=00100000000000000000000000000000, sa_flags=SA_RESTART|SA_SIGINFO
SIGHUP: [libjvm.dylib+0x46a1f9], sa_mask[0]=11111111011111110111111111111111, sa_flags=SA_RESTART|SA_SIGINFO
SIGINT: [libjvm.dylib+0x46a1f9], sa_mask[0]=11111111011111110111111111111111, sa_flags=SA_RESTART|SA_SIGINFO
SIGTERM: [libjvm.dylib+0x46a1f9], sa_mask[0]=11111111011111110111111111111111, sa_flags=SA_RESTART|SA_SIGINFO
SIGQUIT: [libjvm.dylib+0x46a1f9], sa_mask[0]=11111111011111110111111111111111, sa_flags=SA_RESTART|SA_SIGINFO


---------------  S Y S T E M  ---------------

OS:Bsduname:Darwin 15.2.0 Darwin Kernel Version 15.2.0: Fri Nov 13 19:56:56 PST 2015; root:xnu-3248.20.55~2/RELEASE_X86_64 x86_64
rlimit: STACK 8192k, CORE 0k, NPROC 709, NOFILE 10240, AS infinity
load average:6.90 5.01 3.72

CPU:total 4 (2 cores per cpu, 2 threads per core) family 6 model 61 stepping 4, cmov, cx8, fxsr, mmx, sse, sse2, sse3, ssse3, sse4.1, sse4.2, popcnt, avx, avx2, aes, clmul, erms, 3dnowpref, lzcnt, ht, tsc, tscinvbit, bmi1, bmi2, adx

Memory: 4k page, physical 8388608k(143176k free)

/proc/meminfo:


vm_info: Java HotSpot(TM) 64-Bit Server VM (25.45-b02) for bsd-amd64 JRE (1.8.0_45-b14), built on Apr 10 2015 10:46:38 by "java_re" with gcc 4.2.1 (Based on Apple Inc. build 5658) (LLVM build 2336.11.00)

time: Sun Apr  3 18:17:59 2016
elapsed time: 98 seconds (0d 0h 1m 38s)

