#
# A fatal error has been detected by the Java Runtime Environment:
#
#  SIGSEGV (0xb) at pc=0x00000001249de230, pid=75317, tid=4099
#
# JRE version: Java(TM) SE Runtime Environment (8.0_45-b14) (build 1.8.0_45-b14)
# Java VM: Java HotSpot(TM) 64-Bit Server VM (25.45-b02 mixed mode bsd-amd64 compressed oops)
# Problematic frame:
# C  [libR.dylib+0x24230]  getAttrib0+0x40
#
# Failed to write core dump. Core dumps have been disabled. To enable core dumping, try "ulimit -c unlimited" before starting Java again
#
# If you would like to submit a bug report, please visit:
#   http://bugreport.java.com/bugreport/crash.jsp
# The crash happened outside the Java Virtual Machine in native code.
# See problematic frame for where to report the bug.
#

---------------  T H R E A D  ---------------

Current thread (0x00007fb10a808800):  JavaThread "main" [_thread_in_native, id=4099, stack(0x0000700000084000,0x0000700000184000)]

siginfo: si_signo: 11 (SIGSEGV), si_code: 0 (unknown), si_addr: 0x0000000000000000

Registers:
RAX=0x00007fb10a8aed78, RBX=0x00007fb10a8ae9f8, RCX=0x4000000000000000, RDX=0x00007fb10a8aed78
RSP=0x0000700000181990, RBP=0x00007000001819c0, RSI=0x00007fb10a8ae9f8, RDI=0x00007fb113018000
R8 =0x000000000000000c, R9 =0x0000000000000000, R10=0x000000000000000d, R11=0x00007fb10a400000
R12=0x0000000124d58fb8, R13=0x00007fb10a8445f0, R14=0x00007fb10a8ae9f8, R15=0x00007fb113018000
RIP=0x00000001249de230, EFLAGS=0x0000000000010216, ERR=0x0000000000000000
  TRAPNO=0x000000000000000d

Top of Stack: (sp=0x0000700000181990)
0x0000700000181990:   0000000124d59028 00007fb10a8ae9f8
0x00007000001819a0:   0000000124d58fb8 00007fb10a8445f0
0x00007000001819b0:   00007fb113018000 4000000000000000
0x00007000001819c0:   0000700000181a00 00000001249de5fb
0x00007000001819d0:   0000000000000000 00007fb113018000
0x00007000001819e0:   0000000000000000 00000001216e3b30
0x00007000001819f0:   0000000124d58fb8 00007fb10a808800
0x0000700000181a00:   0000700000181a20 00000001249afe04
0x0000700000181a10:   00000001216e3b30 0000700000181ad8
0x0000700000181a20:   0000700000181aa0 000000010d4163ef
0x0000700000181a30:   00007fb10a404040 00007fb10a808800
0x0000700000181a40:   00007fb10a404040 00007fb10a808800
0x0000700000181a50:   0000000000000031 000000074000e670
0x0000700000181a60:   0000700000181a50 0000000000000000
0x0000700000181a70:   0000700000181ad8 00000001216e6378
0x0000700000181a80:   0000000000000000 00000001216e3b30
0x0000700000181a90:   0000000000000000 0000700000181ac0
0x0000700000181aa0:   0000700000181b20 000000010d407760
0x0000700000181ab0:   0000000000000000 000000010d40f577
0x0000700000181ac0:   000000079a1cf0f8 00007fb113018000
0x0000700000181ad0:   0000700000181b20 000000074000e670
0x0000700000181ae0:   0000700000181ae0 000000012196d201
0x0000700000181af0:   0000700000181b48 000000012196e580
0x0000700000181b00:   0000000000000000 000000012196d230
0x0000700000181b10:   0000700000181ac0 0000700000181b40
0x0000700000181b20:   0000700000181b90 000000010d4079d0
0x0000700000181b30:   0000000000000000 0000000000000000
0x0000700000181b40:   000000079a1cf0f8 000000079d6c1e98
0x0000700000181b50:   0000700000181b50 000000012196dd41
0x0000700000181b60:   0000700000181be8 000000012196e580
0x0000700000181b70:   0000000000000000 000000012196ddd8
0x0000700000181b80:   0000700000181b40 0000700000181be8 

Instructions: (pc=0x00000001249de230)
0x00000001249de210:   48 8d 05 a1 ad 37 00 48 8b 00 49 8b 4f 08 48 39
0x00000001249de220:   c1 0f 84 b8 00 00 00 66 0f 1f 84 00 00 00 00 00
0x00000001249de230:   4c 39 71 30 0f 84 ad 00 00 00 48 8b 49 28 48 39
0x00000001249de240:   c1 75 ed 49 89 c7 e9 28 02 00 00 41 8b 07 83 e0 

Register to memory mapping:

RAX=0x00007fb10a8aed78 is an unknown value
RBX=0x00007fb10a8ae9f8 is an unknown value
RCX=0x4000000000000000 is an unknown value
RDX=0x00007fb10a8aed78 is an unknown value
RSP=0x0000700000181990 is pointing into the stack for thread: 0x00007fb10a808800
RBP=0x00007000001819c0 is pointing into the stack for thread: 0x00007fb10a808800
RSI=0x00007fb10a8ae9f8 is an unknown value
RDI=0x00007fb113018000 is an unknown value
R8 =0x000000000000000c is an unknown value
R9 =0x0000000000000000 is an unknown value
R10=0x000000000000000d is an unknown value
R11=0x00007fb10a400000 is an unknown value
R12=0x0000000124d58fb8: R_NilValue+0 in /Library/Frameworks/R.framework/Versions/3.2/Resources/lib/libR.dylib at 0x00000001249ba000
R13=0x00007fb10a8445f0 is an unknown value
R14=0x00007fb10a8ae9f8 is an unknown value
R15=0x00007fb113018000 is an unknown value


Stack: [0x0000700000084000,0x0000700000184000],  sp=0x0000700000181990,  free space=1014k
Native frames: (J=compiled Java code, j=interpreted, Vv=VM code, C=native code)
C  [libR.dylib+0x24230]  getAttrib0+0x40
C  [libR.dylib+0x245fb]  Rf_getAttrib+0x6b
C  [libjri.jnilib+0x1e04]  Java_org_rosuda_JRI_Rengine_rniGetAttr+0x44
j  org.rosuda.JRI.Rengine.rniGetAttr(JLjava/lang/String;)J+0
j  org.rosuda.JRI.REXP.getAttribute(Ljava/lang/String;)Lorg/rosuda/JRI/REXP;+9
j  org.rosuda.JRI.REXP.asDoubleMatrix()[[D+17
j  org.rosuda.JRI.REXP.asMatrix()[[D+1
j  de.fosd.jdime.dependencyGraph.RCommunityDetection.calculateEachGraph(Lorg/rosuda/JRI/Rengine;Ljava/lang/String;I)V+20
j  de.fosd.jdime.dependencyGraph.RCommunityDetection.detectingCommunitiesWithIgraph(Ljava/lang/String;ILorg/rosuda/JRI/Rengine;)I+456
j  de.fosd.jdime.dependencyGraph.AnalyzeMarlinRepo.analyzeMarlinRepo(Ljava/lang/String;ILjava/lang/String;Ljava/util/ArrayList;Ljava/util/ArrayList;ILorg/rosuda/JRI/Rengine;)V+128
j  de.fosd.jdime.testJDimeCpp.testGroundTruthByIfdef.test13()V+142
v  ~StubRoutines::call_stub
V  [libjvm.dylib+0x2e032a]
V  [libjvm.dylib+0x4b4146]
V  [libjvm.dylib+0x4b4660]
V  [libjvm.dylib+0x330500]
j  sun.reflect.NativeMethodAccessorImpl.invoke0(Ljava/lang/reflect/Method;Ljava/lang/Object;[Ljava/lang/Object;)Ljava/lang/Object;+0
j  sun.reflect.NativeMethodAccessorImpl.invoke(Ljava/lang/Object;[Ljava/lang/Object;)Ljava/lang/Object;+100
j  sun.reflect.DelegatingMethodAccessorImpl.invoke(Ljava/lang/Object;[Ljava/lang/Object;)Ljava/lang/Object;+6
j  java.lang.reflect.Method.invoke(Ljava/lang/Object;[Ljava/lang/Object;)Ljava/lang/Object;+56
j  org.junit.runners.model.FrameworkMethod$1.runReflectiveCall()Ljava/lang/Object;+15
j  org.junit.internal.runners.model.ReflectiveCallable.run()Ljava/lang/Object;+1
j  org.junit.runners.model.FrameworkMethod.invokeExplosively(Ljava/lang/Object;[Ljava/lang/Object;)Ljava/lang/Object;+10
j  org.junit.internal.runners.statements.InvokeMethod.evaluate()V+12
j  org.junit.runners.ParentRunner.runLeaf(Lorg/junit/runners/model/Statement;Lorg/junit/runner/Description;Lorg/junit/runner/notification/RunNotifier;)V+17
j  org.junit.runners.BlockJUnit4ClassRunner.runChild(Lorg/junit/runners/model/FrameworkMethod;Lorg/junit/runner/notification/RunNotifier;)V+30
j  org.junit.runners.BlockJUnit4ClassRunner.runChild(Ljava/lang/Object;Lorg/junit/runner/notification/RunNotifier;)V+6
j  org.junit.runners.ParentRunner$3.run()V+12
j  org.junit.runners.ParentRunner$1.schedule(Ljava/lang/Runnable;)V+1
j  org.junit.runners.ParentRunner.runChildren(Lorg/junit/runner/notification/RunNotifier;)V+44
j  org.junit.runners.ParentRunner.access$000(Lorg/junit/runners/ParentRunner;Lorg/junit/runner/notification/RunNotifier;)V+2
j  org.junit.runners.ParentRunner$2.evaluate()V+8
j  org.junit.runners.ParentRunner.run(Lorg/junit/runner/notification/RunNotifier;)V+20
j  org.junit.runner.JUnitCore.run(Lorg/junit/runner/Runner;)Lorg/junit/runner/Result;+37
j  com.intellij.junit4.JUnit4IdeaTestRunner.startRunnerWithArgs([Ljava/lang/String;Ljava/util/ArrayList;Ljava/lang/String;Z)Lorg/junit/runner/Result;+158
j  com.intellij.junit4.JUnit4IdeaTestRunner.startRunnerWithArgs([Ljava/lang/String;Ljava/util/ArrayList;Ljava/lang/String;IZ)I+12
j  com.intellij.rt.execution.junit.JUnitStarter.prepareStreamsAndStart([Ljava/lang/String;ZLjava/util/ArrayList;Ljava/lang/String;)I+288
j  com.intellij.rt.execution.junit.JUnitStarter.main([Ljava/lang/String;)V+106
v  ~StubRoutines::call_stub
V  [libjvm.dylib+0x2e032a]
V  [libjvm.dylib+0x4b4146]
V  [libjvm.dylib+0x4b4660]
V  [libjvm.dylib+0x330500]
j  sun.reflect.NativeMethodAccessorImpl.invoke0(Ljava/lang/reflect/Method;Ljava/lang/Object;[Ljava/lang/Object;)Ljava/lang/Object;+0
j  sun.reflect.NativeMethodAccessorImpl.invoke(Ljava/lang/Object;[Ljava/lang/Object;)Ljava/lang/Object;+100
j  sun.reflect.DelegatingMethodAccessorImpl.invoke(Ljava/lang/Object;[Ljava/lang/Object;)Ljava/lang/Object;+6
j  java.lang.reflect.Method.invoke(Ljava/lang/Object;[Ljava/lang/Object;)Ljava/lang/Object;+56
j  com.intellij.rt.execution.application.AppMain.main([Ljava/lang/String;)V+180
v  ~StubRoutines::call_stub
V  [libjvm.dylib+0x2e032a]
V  [libjvm.dylib+0x316a36]
V  [libjvm.dylib+0x30f7b0]
C  [java+0x39ae]  JavaMain+0x9b1
C  [libsystem_pthread.dylib+0x3c13]  _pthread_body+0x83
C  [libsystem_pthread.dylib+0x3b90]  _pthread_body+0x0
C  [libsystem_pthread.dylib+0x1375]  thread_start+0xd
C  0x0000000000000000

Java frames: (J=compiled Java code, j=interpreted, Vv=VM code)
j  org.rosuda.JRI.Rengine.rniGetAttr(JLjava/lang/String;)J+0
j  org.rosuda.JRI.REXP.getAttribute(Ljava/lang/String;)Lorg/rosuda/JRI/REXP;+9
j  org.rosuda.JRI.REXP.asDoubleMatrix()[[D+17
j  org.rosuda.JRI.REXP.asMatrix()[[D+1
j  de.fosd.jdime.dependencyGraph.RCommunityDetection.calculateEachGraph(Lorg/rosuda/JRI/Rengine;Ljava/lang/String;I)V+20
j  de.fosd.jdime.dependencyGraph.RCommunityDetection.detectingCommunitiesWithIgraph(Ljava/lang/String;ILorg/rosuda/JRI/Rengine;)I+456
j  de.fosd.jdime.dependencyGraph.AnalyzeMarlinRepo.analyzeMarlinRepo(Ljava/lang/String;ILjava/lang/String;Ljava/util/ArrayList;Ljava/util/ArrayList;ILorg/rosuda/JRI/Rengine;)V+128
j  de.fosd.jdime.testJDimeCpp.testGroundTruthByIfdef.test13()V+142
v  ~StubRoutines::call_stub
j  sun.reflect.NativeMethodAccessorImpl.invoke0(Ljava/lang/reflect/Method;Ljava/lang/Object;[Ljava/lang/Object;)Ljava/lang/Object;+0
j  sun.reflect.NativeMethodAccessorImpl.invoke(Ljava/lang/Object;[Ljava/lang/Object;)Ljava/lang/Object;+100
j  sun.reflect.DelegatingMethodAccessorImpl.invoke(Ljava/lang/Object;[Ljava/lang/Object;)Ljava/lang/Object;+6
j  java.lang.reflect.Method.invoke(Ljava/lang/Object;[Ljava/lang/Object;)Ljava/lang/Object;+56
j  org.junit.runners.model.FrameworkMethod$1.runReflectiveCall()Ljava/lang/Object;+15
j  org.junit.internal.runners.model.ReflectiveCallable.run()Ljava/lang/Object;+1
j  org.junit.runners.model.FrameworkMethod.invokeExplosively(Ljava/lang/Object;[Ljava/lang/Object;)Ljava/lang/Object;+10
j  org.junit.internal.runners.statements.InvokeMethod.evaluate()V+12
j  org.junit.runners.ParentRunner.runLeaf(Lorg/junit/runners/model/Statement;Lorg/junit/runner/Description;Lorg/junit/runner/notification/RunNotifier;)V+17
j  org.junit.runners.BlockJUnit4ClassRunner.runChild(Lorg/junit/runners/model/FrameworkMethod;Lorg/junit/runner/notification/RunNotifier;)V+30
j  org.junit.runners.BlockJUnit4ClassRunner.runChild(Ljava/lang/Object;Lorg/junit/runner/notification/RunNotifier;)V+6
j  org.junit.runners.ParentRunner$3.run()V+12
j  org.junit.runners.ParentRunner$1.schedule(Ljava/lang/Runnable;)V+1
j  org.junit.runners.ParentRunner.runChildren(Lorg/junit/runner/notification/RunNotifier;)V+44
j  org.junit.runners.ParentRunner.access$000(Lorg/junit/runners/ParentRunner;Lorg/junit/runner/notification/RunNotifier;)V+2
j  org.junit.runners.ParentRunner$2.evaluate()V+8
j  org.junit.runners.ParentRunner.run(Lorg/junit/runner/notification/RunNotifier;)V+20
j  org.junit.runner.JUnitCore.run(Lorg/junit/runner/Runner;)Lorg/junit/runner/Result;+37
j  com.intellij.junit4.JUnit4IdeaTestRunner.startRunnerWithArgs([Ljava/lang/String;Ljava/util/ArrayList;Ljava/lang/String;Z)Lorg/junit/runner/Result;+158
j  com.intellij.junit4.JUnit4IdeaTestRunner.startRunnerWithArgs([Ljava/lang/String;Ljava/util/ArrayList;Ljava/lang/String;IZ)I+12
j  com.intellij.rt.execution.junit.JUnitStarter.prepareStreamsAndStart([Ljava/lang/String;ZLjava/util/ArrayList;Ljava/lang/String;)I+288
j  com.intellij.rt.execution.junit.JUnitStarter.main([Ljava/lang/String;)V+106
v  ~StubRoutines::call_stub
j  sun.reflect.NativeMethodAccessorImpl.invoke0(Ljava/lang/reflect/Method;Ljava/lang/Object;[Ljava/lang/Object;)Ljava/lang/Object;+0
j  sun.reflect.NativeMethodAccessorImpl.invoke(Ljava/lang/Object;[Ljava/lang/Object;)Ljava/lang/Object;+100
j  sun.reflect.DelegatingMethodAccessorImpl.invoke(Ljava/lang/Object;[Ljava/lang/Object;)Ljava/lang/Object;+6
j  java.lang.reflect.Method.invoke(Ljava/lang/Object;[Ljava/lang/Object;)Ljava/lang/Object;+56
j  com.intellij.rt.execution.application.AppMain.main([Ljava/lang/String;)V+180
v  ~StubRoutines::call_stub

---------------  P R O C E S S  ---------------

Java Threads: ( => current thread )
  0x00007fb10c223800 JavaThread "process reaper" daemon [_thread_blocked, id=21255, stack(0x0000700001250000,0x0000700001278000)]
  0x00007fb10b147000 JavaThread "Thread-0" [_thread_blocked, id=20483, stack(0x000070000114d000,0x000070000124d000)]
  0x00007fb10a8a7800 JavaThread "Monitor Ctrl-Break" daemon [_thread_in_native, id=19971, stack(0x000070000104a000,0x000070000114a000)]
  0x00007fb10a84e000 JavaThread "Service Thread" daemon [_thread_blocked, id=18947, stack(0x0000700000e44000,0x0000700000f44000)]
  0x00007fb10a843000 JavaThread "C1 CompilerThread2" daemon [_thread_blocked, id=18435, stack(0x0000700000d41000,0x0000700000e41000)]
  0x00007fb10a80a000 JavaThread "C2 CompilerThread1" daemon [_thread_in_native, id=17923, stack(0x0000700000c3e000,0x0000700000d3e000)]
  0x00007fb10a841800 JavaThread "C2 CompilerThread0" daemon [_thread_blocked, id=17411, stack(0x0000700000b3b000,0x0000700000c3b000)]
  0x00007fb10a840800 JavaThread "Signal Dispatcher" daemon [_thread_blocked, id=12815, stack(0x0000700000a38000,0x0000700000b38000)]
  0x00007fb10c013800 JavaThread "Finalizer" daemon [_thread_blocked, id=11779, stack(0x000070000082f000,0x000070000092f000)]
  0x00007fb10c012800 JavaThread "Reference Handler" daemon [_thread_blocked, id=11267, stack(0x000070000072c000,0x000070000082c000)]
=>0x00007fb10a808800 JavaThread "main" [_thread_in_native, id=4099, stack(0x0000700000084000,0x0000700000184000)]

Other Threads:
  0x00007fb10b80a800 VMThread [stack: 0x0000700000629000,0x0000700000729000] [id=10755]
  0x00007fb10a84e800 WatcherThread [stack: 0x0000700000f47000,0x0000700001047000] [id=19459]

VM state:not at safepoint (normal execution)

VM Mutex/Monitor currently owned by a thread: None

Heap:
 PSYoungGen      total 160768K, used 136594K [0x0000000795580000, 0x00000007a4180000, 0x00000007c0000000)
  eden space 158720K, 84% used [0x0000000795580000,0x000000079d8f4b50,0x000000079f080000)
  from space 2048K, 96% used [0x00000007a3f80000,0x00000007a4170000,0x00000007a4180000)
  to   space 7168K, 0% used [0x00000007a3380000,0x00000007a3380000,0x00000007a3a80000)
 ParOldGen       total 87552K, used 22135K [0x0000000740000000, 0x0000000745580000, 0x0000000795580000)
  object space 87552K, 25% used [0x0000000740000000,0x000000074159ddd8,0x0000000745580000)
 Metaspace       used 8485K, capacity 8650K, committed 8704K, reserved 1056768K
  class space    used 900K, capacity 979K, committed 1024K, reserved 1048576K

Card table byte_map: [0x000000011c7c0000,0x000000011cbc1000] byte_map_base: 0x0000000118dc0000

Marking Bits: (ParMarkBitMap*) 0x000000010c3fc7a0
 Begin Bits: [0x000000011ce6c000, 0x000000011ee6c000)
 End Bits:   [0x000000011ee6c000, 0x0000000120e6c000)

Polling page: 0x000000010cae6000

CodeCache: size=245760Kb used=6919Kb max_used=6919Kb free=238840Kb
 bounds [0x000000010d400000, 0x000000010dad0000, 0x000000011c400000]
 total_blobs=1781 nmethods=1445 adapters=249
 compilation: enabled

Compilation events (10 events):
Event: 100.329 Thread 0x00007fb10a843000 nmethod 1693 0x000000010dac09d0 code [0x000000010dac0e60, 0x000000010dac3ff8]
Event: 100.329 Thread 0x00007fb10a80a000 nmethod 1695% 0x000000010da75cd0 code [0x000000010da75e20, 0x000000010da75f38]
Event: 100.332 Thread 0x00007fb10a843000 1696       3       sun.nio.cs.UTF_8$Encoder::overflow (11 bytes)
Event: 100.332 Thread 0x00007fb10a843000 nmethod 1696 0x000000010da6fa50 code [0x000000010da6fc00, 0x000000010da70118]
Event: 100.334 Thread 0x00007fb10a841800 nmethod 1694 0x000000010da6c190 code [0x000000010da6c300, 0x000000010da6c738]
Event: 100.336 Thread 0x00007fb10a843000 1697       3       java.time.temporal.ValueRange::getMaximum (5 bytes)
Event: 100.336 Thread 0x00007fb10a843000 nmethod 1697 0x000000010da6be90 code [0x000000010da6bfe0, 0x000000010da6c130]
Event: 100.772 Thread 0x00007fb10a843000 1698       3       de.fosd.jdime.dependencyGraph.Graph::<init> (221 bytes)
Event: 100.773 Thread 0x00007fb10a843000 nmethod 1698 0x000000010dac5810 code [0x000000010dac5c60, 0x000000010dac8578]
Event: 100.775 Thread 0x00007fb10a80a000 1699 %     4       de.fosd.jdime.dependencyGraph.RCommunityDetection::printMemebershipOfCurrentGraph @ 56 (195 bytes)

GC Heap History (10 events):
Event: 88.435 GC heap before
{Heap before GC invocations=16 (full 0):
 PSYoungGen      total 200192K, used 200096K [0x0000000795580000, 0x00000007a4f80000, 0x00000007c0000000)
  eden space 195584K, 100% used [0x0000000795580000,0x00000007a1480000,0x00000007a1480000)
  from space 4608K, 97% used [0x00000007a4500000,0x00000007a4968000,0x00000007a4980000)
  to   space 6144K, 0% used [0x00000007a4980000,0x00000007a4980000,0x00000007a4f80000)
 ParOldGen       total 87552K, used 18695K [0x0000000740000000, 0x0000000745580000, 0x0000000795580000)
  object space 87552K, 21% used [0x0000000740000000,0x0000000741241d98,0x0000000745580000)
 Metaspace       used 7953K, capacity 8190K, committed 8448K, reserved 1056768K
  class space    used 852K, capacity 933K, committed 1024K, reserved 1048576K
Event: 88.442 GC heap after
Heap after GC invocations=16 (full 0):
 PSYoungGen      total 191488K, used 4016K [0x0000000795580000, 0x00000007a4d80000, 0x00000007c0000000)
  eden space 187392K, 0% used [0x0000000795580000,0x0000000795580000,0x00000007a0c80000)
  from space 4096K, 98% used [0x00000007a4980000,0x00000007a4d6c010,0x00000007a4d80000)
  to   space 7168K, 0% used [0x00000007a3f80000,0x00000007a3f80000,0x00000007a4680000)
 ParOldGen       total 87552K, used 19287K [0x0000000740000000, 0x0000000745580000, 0x0000000795580000)
  object space 87552K, 22% used [0x0000000740000000,0x00000007412d5da8,0x0000000745580000)
 Metaspace       used 7953K, capacity 8190K, committed 8448K, reserved 1056768K
  class space    used 852K, capacity 933K, committed 1024K, reserved 1048576K
}
Event: 90.360 GC heap before
{Heap before GC invocations=17 (full 0):
 PSYoungGen      total 191488K, used 191408K [0x0000000795580000, 0x00000007a4d80000, 0x00000007c0000000)
  eden space 187392K, 100% used [0x0000000795580000,0x00000007a0c80000,0x00000007a0c80000)
  from space 4096K, 98% used [0x00000007a4980000,0x00000007a4d6c010,0x00000007a4d80000)
  to   space 7168K, 0% used [0x00000007a3f80000,0x00000007a3f80000,0x00000007a4680000)
 ParOldGen       total 87552K, used 19287K [0x0000000740000000, 0x0000000745580000, 0x0000000795580000)
  object space 87552K, 22% used [0x0000000740000000,0x00000007412d5da8,0x0000000745580000)
 Metaspace       used 7953K, capacity 8190K, committed 8448K, reserved 1056768K
  class space    used 852K, capacity 933K, committed 1024K, reserved 1048576K
Event: 90.374 GC heap after
Heap after GC invocations=17 (full 0):
 PSYoungGen      total 186368K, used 6368K [0x0000000795580000, 0x00000007a4a00000, 0x00000007c0000000)
  eden space 179712K, 0% used [0x0000000795580000,0x0000000795580000,0x00000007a0500000)
  from space 6656K, 95% used [0x00000007a3f80000,0x00000007a45b8010,0x00000007a4600000)
  to   space 4096K, 0% used [0x00000007a4600000,0x00000007a4600000,0x00000007a4a00000)
 ParOldGen       total 87552K, used 19887K [0x0000000740000000, 0x0000000745580000, 0x0000000795580000)
  object space 87552K, 22% used [0x0000000740000000,0x000000074136bda8,0x0000000745580000)
 Metaspace       used 7953K, capacity 8190K, committed 8448K, reserved 1056768K
  class space    used 852K, capacity 933K, committed 1024K, reserved 1048576K
}
Event: 95.247 GC heap before
{Heap before GC invocations=18 (full 0):
 PSYoungGen      total 186368K, used 186080K [0x0000000795580000, 0x00000007a4a00000, 0x00000007c0000000)
  eden space 179712K, 100% used [0x0000000795580000,0x00000007a0500000,0x00000007a0500000)
  from space 6656K, 95% used [0x00000007a3f80000,0x00000007a45b8010,0x00000007a4600000)
  to   space 4096K, 0% used [0x00000007a4600000,0x00000007a4600000,0x00000007a4a00000)
 ParOldGen       total 87552K, used 19887K [0x0000000740000000, 0x0000000745580000, 0x0000000795580000)
  object space 87552K, 22% used [0x0000000740000000,0x000000074136bda8,0x0000000745580000)
 Metaspace       used 7956K, capacity 8190K, committed 8448K, reserved 1056768K
  class space    used 852K, capacity 933K, committed 1024K, reserved 1048576K
Event: 95.255 GC heap after
Heap after GC invocations=18 (full 0):
 PSYoungGen      total 175104K, used 2096K [0x0000000795580000, 0x00000007a4880000, 0x00000007c0000000)
  eden space 172544K, 0% used [0x0000000795580000,0x0000000795580000,0x000000079fe00000)
  from space 2560K, 81% used [0x00000007a4600000,0x00000007a480c010,0x00000007a4880000)
  to   space 7680K, 0% used [0x00000007a3980000,0x00000007a3980000,0x00000007a4100000)
 ParOldGen       total 87552K, used 20751K [0x0000000740000000, 0x0000000745580000, 0x0000000795580000)
  object space 87552K, 23% used [0x0000000740000000,0x0000000741443db8,0x0000000745580000)
 Metaspace       used 7956K, capacity 8190K, committed 8448K, reserved 1056768K
  class space    used 852K, capacity 933K, committed 1024K, reserved 1048576K
}
Event: 97.757 GC heap before
{Heap before GC invocations=19 (full 0):
 PSYoungGen      total 175104K, used 174640K [0x0000000795580000, 0x00000007a4880000, 0x00000007c0000000)
  eden space 172544K, 100% used [0x0000000795580000,0x000000079fe00000,0x000000079fe00000)
  from space 2560K, 81% used [0x00000007a4600000,0x00000007a480c010,0x00000007a4880000)
  to   space 7680K, 0% used [0x00000007a3980000,0x00000007a3980000,0x00000007a4100000)
 ParOldGen       total 87552K, used 20751K [0x0000000740000000, 0x0000000745580000, 0x0000000795580000)
  object space 87552K, 23% used [0x0000000740000000,0x0000000741443db8,0x0000000745580000)
 Metaspace       used 7959K, capacity 8190K, committed 8448K, reserved 1056768K
  class space    used 852K, capacity 933K, committed 1024K, reserved 1048576K
Event: 97.766 GC heap after
Heap after GC invocations=19 (full 0):
 PSYoungGen      total 167936K, used 2336K [0x0000000795580000, 0x00000007a4680000, 0x00000007c0000000)
  eden space 165376K, 0% used [0x0000000795580000,0x0000000795580000,0x000000079f700000)
  from space 2560K, 91% used [0x00000007a3980000,0x00000007a3bc8020,0x00000007a3c00000)
  to   space 7168K, 0% used [0x00000007a3f80000,0x00000007a3f80000,0x00000007a4680000)
 ParOldGen       total 87552K, used 21575K [0x0000000740000000, 0x0000000745580000, 0x0000000795580000)
  object space 87552K, 24% used [0x0000000740000000,0x0000000741511db8,0x0000000745580000)
 Metaspace       used 7959K, capacity 8190K, committed 8448K, reserved 1056768K
  class space    used 852K, capacity 933K, committed 1024K, reserved 1048576K
}
Event: 98.124 GC heap before
{Heap before GC invocations=20 (full 0):
 PSYoungGen      total 167936K, used 167712K [0x0000000795580000, 0x00000007a4680000, 0x00000007c0000000)
  eden space 165376K, 100% used [0x0000000795580000,0x000000079f700000,0x000000079f700000)
  from space 2560K, 91% used [0x00000007a3980000,0x00000007a3bc8020,0x00000007a3c00000)
  to   space 7168K, 0% used [0x00000007a3f80000,0x00000007a3f80000,0x00000007a4680000)
 ParOldGen       total 87552K, used 21575K [0x0000000740000000, 0x0000000745580000, 0x0000000795580000)
  object space 87552K, 24% used [0x0000000740000000,0x0000000741511db8,0x0000000745580000)
 Metaspace       used 7959K, capacity 8190K, committed 8448K, reserved 1056768K
  class space    used 852K, capacity 933K, committed 1024K, reserved 1048576K
Event: 98.131 GC heap after
Heap after GC invocations=20 (full 0):
 PSYoungGen      total 160768K, used 1984K [0x0000000795580000, 0x00000007a4180000, 0x00000007c0000000)
  eden space 158720K, 0% used [0x0000000795580000,0x0000000795580000,0x000000079f080000)
  from space 2048K, 96% used [0x00000007a3f80000,0x00000007a4170000,0x00000007a4180000)
  to   space 7168K, 0% used [0x00000007a3380000,0x00000007a3380000,0x00000007a3a80000)
 ParOldGen       total 87552K, used 22135K [0x0000000740000000, 0x0000000745580000, 0x0000000795580000)
  object space 87552K, 25% used [0x0000000740000000,0x000000074159ddd8,0x0000000745580000)
 Metaspace       used 7959K, capacity 8190K, committed 8448K, reserved 1056768K
  class space    used 852K, capacity 933K, committed 1024K, reserved 1048576K
}

Deoptimization events (10 events):
Event: 98.456 Thread 0x00007fb10a808800 Uncommon trap: reason=class_check action=maybe_recompile pc=0x000000010d701df4 method=java.util.regex.Pattern.compile()V @ 246
Event: 98.456 Thread 0x00007fb10a808800 Uncommon trap: reason=class_check action=maybe_recompile pc=0x000000010d6e7f94 method=java.util.regex.Pattern$Node.study(Ljava/util/regex/Pattern$TreeInfo;)Z @ 12
Event: 98.456 Thread 0x00007fb10a808800 Uncommon trap: reason=class_check action=maybe_recompile pc=0x000000010d6e7f94 method=java.util.regex.Pattern$Node.study(Ljava/util/regex/Pattern$TreeInfo;)Z @ 12
Event: 98.457 Thread 0x00007fb10a808800 Uncommon trap: reason=class_check action=maybe_recompile pc=0x000000010d6e7f94 method=java.util.regex.Pattern$Node.study(Ljava/util/regex/Pattern$TreeInfo;)Z @ 12
Event: 98.457 Thread 0x00007fb10a808800 Uncommon trap: reason=class_check action=maybe_recompile pc=0x000000010d6e7f94 method=java.util.regex.Pattern$Node.study(Ljava/util/regex/Pattern$TreeInfo;)Z @ 12
Event: 98.474 Thread 0x00007fb10a808800 Uncommon trap: reason=unstable_if action=reinterpret pc=0x000000010d96f020 method=java.lang.Integer.valueOf(I)Ljava/lang/Integer; @ 3
Event: 98.480 Thread 0x00007fb10a808800 Uncommon trap: reason=predicate action=maybe_recompile pc=0x000000010da3e804 method=java.util.AbstractCollection.toArray([Ljava/lang/Object;)[Ljava/lang/Object; @ 49
Event: 98.485 Thread 0x00007fb10a808800 Uncommon trap: reason=class_check action=maybe_recompile pc=0x000000010da38da4 method=java.util.HashSet.iterator()Ljava/util/Iterator; @ 4
Event: 98.486 Thread 0x00007fb10a808800 Uncommon trap: reason=class_check action=maybe_recompile pc=0x000000010da38da4 method=java.util.HashSet.iterator()Ljava/util/Iterator; @ 4
Event: 98.487 Thread 0x00007fb10a808800 Uncommon trap: reason=class_check action=maybe_recompile pc=0x000000010da38da4 method=java.util.HashSet.iterator()Ljava/util/Iterator; @ 4

Internal exceptions (10 events):
Event: 91.026 Thread 0x00007fb10a808800 Exception <a 'java/lang/NoClassDefFoundError': nu/xom/XML1_0Parser> (0x0000000798ff3e60) thrown at [/Users/java_re/workspace/8-2-build-macosx-x86_64/jdk8u45/3457/hotspot/src/share/vm/oops/constantPool.cpp, line 235]
Event: 91.628 Thread 0x00007fb10a808800 Exception <a 'java/lang/NoClassDefFoundError': nu/xom/XML1_0Parser> (0x000000079a2c86e8) thrown at [/Users/java_re/workspace/8-2-build-macosx-x86_64/jdk8u45/3457/hotspot/src/share/vm/oops/constantPool.cpp, line 235]
Event: 92.423 Thread 0x00007fb10a808800 Exception <a 'java/lang/NoClassDefFoundError': nu/xom/XML1_0Parser> (0x000000079d9014f8) thrown at [/Users/java_re/workspace/8-2-build-macosx-x86_64/jdk8u45/3457/hotspot/src/share/vm/oops/constantPool.cpp, line 235]
Event: 93.000 Thread 0x00007fb10a808800 Exception <a 'java/lang/NoClassDefFoundError': nu/xom/XML1_0Parser> (0x000000079e15fb78) thrown at [/Users/java_re/workspace/8-2-build-macosx-x86_64/jdk8u45/3457/hotspot/src/share/vm/oops/constantPool.cpp, line 235]
Event: 93.626 Thread 0x00007fb10a808800 Exception <a 'java/lang/NoClassDefFoundError': nu/xom/XML1_0Parser> (0x000000079f932f38) thrown at [/Users/java_re/workspace/8-2-build-macosx-x86_64/jdk8u45/3457/hotspot/src/share/vm/oops/constantPool.cpp, line 235]
Event: 94.214 Thread 0x00007fb10a808800 Exception <a 'java/lang/NoClassDefFoundError': nu/xom/XML1_0Parser> (0x00000007a015f0a8) thrown at [/Users/java_re/workspace/8-2-build-macosx-x86_64/jdk8u45/3457/hotspot/src/share/vm/oops/constantPool.cpp, line 235]
Event: 94.736 Thread 0x00007fb10a808800 Exception <a 'java/lang/NoClassDefFoundError': nu/xom/XML1_0Parser> (0x00000007a03cd8b0) thrown at [/Users/java_re/workspace/8-2-build-macosx-x86_64/jdk8u45/3457/hotspot/src/share/vm/oops/constantPool.cpp, line 235]
Event: 95.271 Thread 0x00007fb10a808800 Exception <a 'java/lang/NoClassDefFoundError': nu/xom/XML1_0Parser> (0x0000000795701ef0) thrown at [/Users/java_re/workspace/8-2-build-macosx-x86_64/jdk8u45/3457/hotspot/src/share/vm/oops/constantPool.cpp, line 235]
Event: 98.156 Thread 0x00007fb10a808800 Implicit null exception at 0x000000010da00455 to 0x000000010da00659
Event: 98.156 Thread 0x00007fb10a808800 Implicit null exception at 0x000000010d605ec4 to 0x000000010d60609d

Events (10 events):
Event: 98.934 loading class sun/misc/FDBigInteger
Event: 98.934 loading class sun/misc/FDBigInteger done
Event: 98.937 loading class java/util/ArrayList$1
Event: 98.937 loading class java/util/ArrayList$1 done
Event: 100.330 Thread 0x00007fb10a808800 DEOPT PACKING pc=0x000000010d86f09b sp=0x0000700000181a40
Event: 100.330 Thread 0x00007fb10a808800 DEOPT UNPACKING pc=0x000000010d447633 sp=0x0000700000181748 mode 0
Event: 100.331 Thread 0x00007fb10a808800 DEOPT PACKING pc=0x000000010d86f09b sp=0x0000700000181a40
Event: 100.331 Thread 0x00007fb10a808800 DEOPT UNPACKING pc=0x000000010d447633 sp=0x0000700000181748 mode 0
Event: 100.331 Thread 0x00007fb10a808800 DEOPT PACKING pc=0x000000010d86f09b sp=0x0000700000181a40
Event: 100.331 Thread 0x00007fb10a808800 DEOPT UNPACKING pc=0x000000010d447633 sp=0x0000700000181748 mode 0


Dynamic libraries:
0x0000000000ba4000 	/System/Library/Frameworks/Cocoa.framework/Versions/A/Cocoa
0x0000000000ba4000 	/System/Library/Frameworks/Security.framework/Versions/A/Security
0x0000000000ba4000 	/System/Library/Frameworks/ApplicationServices.framework/Versions/A/ApplicationServices
0x0000000000ba4000 	/usr/lib/libz.1.dylib
0x0000000000ba4000 	/usr/lib/libSystem.B.dylib
0x0000000000ba4000 	/usr/lib/libobjc.A.dylib
0x0000000000ba4000 	/System/Library/Frameworks/CoreFoundation.framework/Versions/A/CoreFoundation
0x0000000000ba4000 	/System/Library/Frameworks/Foundation.framework/Versions/C/Foundation
0x0000000000ba4000 	/System/Library/Frameworks/AppKit.framework/Versions/C/AppKit
0x0000000000ba4000 	/System/Library/Frameworks/CoreData.framework/Versions/A/CoreData
0x0000000000ba4000 	/System/Library/PrivateFrameworks/RemoteViewServices.framework/Versions/A/RemoteViewServices
0x0000000000ba4000 	/System/Library/PrivateFrameworks/UIFoundation.framework/Versions/A/UIFoundation
0x0000000000ba4000 	/usr/lib/libScreenReader.dylib
0x0000000000ba4000 	/System/Library/Frameworks/Accelerate.framework/Versions/A/Accelerate
0x0000000000ba4000 	/System/Library/Frameworks/IOSurface.framework/Versions/A/IOSurface
0x0000000000ba4000 	/System/Library/Frameworks/AudioToolbox.framework/Versions/A/AudioToolbox
0x0000000000ba4000 	/System/Library/Frameworks/AudioUnit.framework/Versions/A/AudioUnit
0x0000000000ba4000 	/System/Library/PrivateFrameworks/DataDetectorsCore.framework/Versions/A/DataDetectorsCore
0x0000000000ba4000 	/System/Library/PrivateFrameworks/DesktopServicesPriv.framework/Versions/A/DesktopServicesPriv
0x0000000000ba4000 	/System/Library/Frameworks/Carbon.framework/Versions/A/Frameworks/HIToolbox.framework/Versions/A/HIToolbox
0x0000000000ba4000 	/System/Library/Frameworks/QuartzCore.framework/Versions/A/QuartzCore
0x0000000000ba4000 	/System/Library/Frameworks/Carbon.framework/Versions/A/Frameworks/SpeechRecognition.framework/Versions/A/SpeechRecognition
0x0000000000ba4000 	/usr/lib/libauto.dylib
0x0000000000ba4000 	/usr/lib/libicucore.A.dylib
0x0000000000ba4000 	/usr/lib/libxml2.2.dylib
0x0000000000ba4000 	/System/Library/PrivateFrameworks/CoreUI.framework/Versions/A/CoreUI
0x0000000000ba4000 	/System/Library/Frameworks/CoreAudio.framework/Versions/A/CoreAudio
0x0000000000ba4000 	/System/Library/Frameworks/DiskArbitration.framework/Versions/A/DiskArbitration
0x0000000000ba4000 	/usr/lib/liblangid.dylib
0x0000000000ba4000 	/System/Library/PrivateFrameworks/MultitouchSupport.framework/Versions/A/MultitouchSupport
0x0000000000ba4000 	/System/Library/Frameworks/IOKit.framework/Versions/A/IOKit
0x0000000000ba4000 	/usr/lib/libDiagnosticMessagesClient.dylib
0x0000000000ba4000 	/System/Library/Frameworks/CoreServices.framework/Versions/A/CoreServices
0x0000000000ba4000 	/System/Library/PrivateFrameworks/PerformanceAnalysis.framework/Versions/A/PerformanceAnalysis
0x0000000000ba4000 	/System/Library/PrivateFrameworks/GenerationalStorage.framework/Versions/A/GenerationalStorage
0x0000000000ba4000 	/System/Library/Frameworks/OpenGL.framework/Versions/A/OpenGL
0x0000000000ba4000 	/System/Library/PrivateFrameworks/Sharing.framework/Versions/A/Sharing
0x0000000000ba4000 	/System/Library/Frameworks/CoreGraphics.framework/Versions/A/CoreGraphics
0x0000000000ba4000 	/System/Library/Frameworks/CoreImage.framework/Versions/A/CoreImage
0x0000000000ba4000 	/System/Library/Frameworks/CoreText.framework/Versions/A/CoreText
0x0000000000ba4000 	/System/Library/Frameworks/ImageIO.framework/Versions/A/ImageIO
0x0000000000ba4000 	/System/Library/PrivateFrameworks/Backup.framework/Versions/A/Backup
0x0000000000ba4000 	/usr/lib/libextension.dylib
0x0000000000ba4000 	/usr/lib/libarchive.2.dylib
0x0000000000ba4000 	/System/Library/Frameworks/CFNetwork.framework/Versions/A/CFNetwork
0x0000000000ba4000 	/System/Library/Frameworks/SystemConfiguration.framework/Versions/A/SystemConfiguration
0x0000000000ba4000 	/usr/lib/libCRFSuite.dylib
0x0000000000ba4000 	/usr/lib/libc++.1.dylib
0x0000000000ba4000 	/usr/lib/libc++abi.dylib
0x0000000000ba4000 	/usr/lib/system/libcache.dylib
0x0000000000ba4000 	/usr/lib/system/libcommonCrypto.dylib
0x0000000000ba4000 	/usr/lib/system/libcompiler_rt.dylib
0x0000000000ba4000 	/usr/lib/system/libcopyfile.dylib
0x0000000000ba4000 	/usr/lib/system/libcorecrypto.dylib
0x0000000000ba4000 	/usr/lib/system/libdispatch.dylib
0x0000000000ba4000 	/usr/lib/system/libdyld.dylib
0x0000000000ba4000 	/usr/lib/system/libkeymgr.dylib
0x0000000000ba4000 	/usr/lib/system/liblaunch.dylib
0x0000000000ba4000 	/usr/lib/system/libmacho.dylib
0x0000000000ba4000 	/usr/lib/system/libquarantine.dylib
0x0000000000ba4000 	/usr/lib/system/libremovefile.dylib
0x0000000000ba4000 	/usr/lib/system/libsystem_asl.dylib
0x0000000000ba4000 	/usr/lib/system/libsystem_blocks.dylib
0x0000000000ba4000 	/usr/lib/system/libsystem_c.dylib
0x0000000000ba4000 	/usr/lib/system/libsystem_configuration.dylib
0x0000000000ba4000 	/usr/lib/system/libsystem_coreservices.dylib
0x0000000000ba4000 	/usr/lib/system/libsystem_coretls.dylib
0x0000000000ba4000 	/usr/lib/system/libsystem_dnssd.dylib
0x0000000000ba4000 	/usr/lib/system/libsystem_info.dylib
0x0000000000ba4000 	/usr/lib/system/libsystem_kernel.dylib
0x0000000000ba4000 	/usr/lib/system/libsystem_m.dylib
0x0000000000ba4000 	/usr/lib/system/libsystem_malloc.dylib
0x0000000000ba4000 	/usr/lib/system/libsystem_network.dylib
0x0000000000ba4000 	/usr/lib/system/libsystem_networkextension.dylib
0x0000000000ba4000 	/usr/lib/system/libsystem_notify.dylib
0x0000000000ba4000 	/usr/lib/system/libsystem_platform.dylib
0x0000000000ba4000 	/usr/lib/system/libsystem_pthread.dylib
0x0000000000ba4000 	/usr/lib/system/libsystem_sandbox.dylib
0x0000000000ba4000 	/usr/lib/system/libsystem_secinit.dylib
0x0000000000ba4000 	/usr/lib/system/libsystem_trace.dylib
0x0000000000ba4000 	/usr/lib/system/libunc.dylib
0x0000000000ba4000 	/usr/lib/system/libunwind.dylib
0x0000000000ba4000 	/usr/lib/system/libxpc.dylib
0x0000000000ba4000 	/usr/lib/libenergytrace.dylib
0x0000000000ba4000 	/usr/lib/libbsm.0.dylib
0x0000000000ba4000 	/usr/lib/system/libkxld.dylib
0x0000000000ba4000 	/usr/lib/libxar.1.dylib
0x0000000000ba4000 	/usr/lib/libsqlite3.dylib
0x0000000000ba4000 	/usr/lib/libpam.2.dylib
0x0000000000ba4000 	/usr/lib/libOpenScriptingUtil.dylib
0x0000000000ba4000 	/usr/lib/libbz2.1.0.dylib
0x0000000000ba4000 	/usr/lib/liblzma.5.dylib
0x0000000000ba4000 	/System/Library/Frameworks/CoreServices.framework/Versions/A/Frameworks/FSEvents.framework/Versions/A/FSEvents
0x0000000000ba4000 	/System/Library/Frameworks/CoreServices.framework/Versions/A/Frameworks/CarbonCore.framework/Versions/A/CarbonCore
0x0000000000ba4000 	/System/Library/Frameworks/CoreServices.framework/Versions/A/Frameworks/Metadata.framework/Versions/A/Metadata
0x0000000000ba4000 	/System/Library/Frameworks/CoreServices.framework/Versions/A/Frameworks/OSServices.framework/Versions/A/OSServices
0x0000000000ba4000 	/System/Library/Frameworks/CoreServices.framework/Versions/A/Frameworks/SearchKit.framework/Versions/A/SearchKit
0x0000000000ba4000 	/System/Library/Frameworks/CoreServices.framework/Versions/A/Frameworks/AE.framework/Versions/A/AE
0x0000000000ba4000 	/System/Library/Frameworks/CoreServices.framework/Versions/A/Frameworks/LaunchServices.framework/Versions/A/LaunchServices
0x0000000000ba4000 	/System/Library/Frameworks/CoreServices.framework/Versions/A/Frameworks/DictionaryServices.framework/Versions/A/DictionaryServices
0x0000000000ba4000 	/System/Library/Frameworks/CoreServices.framework/Versions/A/Frameworks/SharedFileList.framework/Versions/A/SharedFileList
0x0000000000ba4000 	/System/Library/Frameworks/NetFS.framework/Versions/A/NetFS
0x0000000000ba4000 	/System/Library/PrivateFrameworks/NetAuth.framework/Versions/A/NetAuth
0x0000000000ba4000 	/System/Library/PrivateFrameworks/login.framework/Versions/A/Frameworks/loginsupport.framework/Versions/A/loginsupport
0x0000000000ba4000 	/System/Library/PrivateFrameworks/TCC.framework/Versions/A/TCC
0x0000000000ba4000 	/usr/lib/libmecabra.dylib
0x0000000000ba4000 	/System/Library/Frameworks/ApplicationServices.framework/Versions/A/Frameworks/ATS.framework/Versions/A/ATS
0x0000000000ba4000 	/System/Library/Frameworks/ApplicationServices.framework/Versions/A/Frameworks/ColorSync.framework/Versions/A/ColorSync
0x0000000000ba4000 	/System/Library/Frameworks/ApplicationServices.framework/Versions/A/Frameworks/HIServices.framework/Versions/A/HIServices
0x0000000000ba4000 	/System/Library/Frameworks/ApplicationServices.framework/Versions/A/Frameworks/LangAnalysis.framework/Versions/A/LangAnalysis
0x0000000000ba4000 	/System/Library/Frameworks/ApplicationServices.framework/Versions/A/Frameworks/PrintCore.framework/Versions/A/PrintCore
0x0000000000ba4000 	/System/Library/Frameworks/ApplicationServices.framework/Versions/A/Frameworks/QD.framework/Versions/A/QD
0x0000000000ba4000 	/System/Library/Frameworks/ApplicationServices.framework/Versions/A/Frameworks/SpeechSynthesis.framework/Versions/A/SpeechSynthesis
0x0000000000ba4000 	/System/Library/Frameworks/Metal.framework/Versions/A/Metal
0x0000000000ba4000 	/System/Library/Frameworks/Accelerate.framework/Versions/A/Frameworks/vImage.framework/Versions/A/vImage
0x0000000000ba4000 	/System/Library/Frameworks/Accelerate.framework/Versions/A/Frameworks/vecLib.framework/Versions/A/vecLib
0x0000000000ba4000 	/System/Library/Frameworks/Accelerate.framework/Versions/A/Frameworks/vecLib.framework/Versions/A/libvDSP.dylib
0x0000000000ba4000 	/System/Library/Frameworks/Accelerate.framework/Versions/A/Frameworks/vecLib.framework/Versions/A/libvMisc.dylib
0x0000000000ba4000 	/System/Library/Frameworks/Accelerate.framework/Versions/A/Frameworks/vecLib.framework/Versions/A/libLAPACK.dylib
0x0000000000ba4000 	/System/Library/Frameworks/Accelerate.framework/Versions/A/Frameworks/vecLib.framework/Versions/A/libBLAS.dylib
0x0000000000ba4000 	/System/Library/Frameworks/Accelerate.framework/Versions/A/Frameworks/vecLib.framework/Versions/A/libLinearAlgebra.dylib
0x0000000000ba4000 	/System/Library/Frameworks/Accelerate.framework/Versions/A/Frameworks/vecLib.framework/Versions/A/libSparseBLAS.dylib
0x0000000000ba4000 	/System/Library/PrivateFrameworks/GPUCompiler.framework/libmetal_timestamp.dylib
0x0000000000ba4000 	/System/Library/Frameworks/OpenGL.framework/Versions/A/Libraries/libCoreFSCache.dylib
0x0000000000ba4000 	/System/Library/PrivateFrameworks/IOAccelerator.framework/Versions/A/IOAccelerator
0x0000000000ba4000 	/System/Library/Frameworks/ApplicationServices.framework/Versions/A/Frameworks/ATS.framework/Versions/A/Resources/libFontParser.dylib
0x0000000000ba4000 	/System/Library/Frameworks/ApplicationServices.framework/Versions/A/Frameworks/ATS.framework/Versions/A/Resources/libFontRegistry.dylib
0x0000000000ba4000 	/System/Library/PrivateFrameworks/AppleVPA.framework/Versions/A/AppleVPA
0x0000000000ba4000 	/System/Library/PrivateFrameworks/AppleJPEG.framework/Versions/A/AppleJPEG
0x0000000000ba4000 	/System/Library/Frameworks/ImageIO.framework/Versions/A/Resources/libJPEG.dylib
0x0000000000ba4000 	/System/Library/Frameworks/ImageIO.framework/Versions/A/Resources/libTIFF.dylib
0x0000000000ba4000 	/System/Library/Frameworks/ImageIO.framework/Versions/A/Resources/libPng.dylib
0x0000000000ba4000 	/System/Library/Frameworks/ImageIO.framework/Versions/A/Resources/libGIF.dylib
0x0000000000ba4000 	/System/Library/Frameworks/ImageIO.framework/Versions/A/Resources/libJP2.dylib
0x0000000000ba4000 	/System/Library/Frameworks/ImageIO.framework/Versions/A/Resources/libRadiance.dylib
0x0000000000ba4000 	/System/Library/Frameworks/CoreVideo.framework/Versions/A/CoreVideo
0x0000000000ba4000 	/System/Library/Frameworks/OpenGL.framework/Versions/A/Libraries/libGLU.dylib
0x0000000000ba4000 	/System/Library/Frameworks/OpenGL.framework/Versions/A/Libraries/libGFXShared.dylib
0x0000000000ba4000 	/System/Library/Frameworks/OpenGL.framework/Versions/A/Libraries/libGL.dylib
0x0000000000ba4000 	/System/Library/Frameworks/OpenGL.framework/Versions/A/Libraries/libGLImage.dylib
0x0000000000ba4000 	/System/Library/Frameworks/OpenGL.framework/Versions/A/Libraries/libCVMSPluginSupport.dylib
0x0000000000ba4000 	/System/Library/Frameworks/OpenGL.framework/Versions/A/Libraries/libCoreVMClient.dylib
0x0000000000ba4000 	/usr/lib/libcups.2.dylib
0x0000000000ba4000 	/System/Library/Frameworks/Kerberos.framework/Versions/A/Kerberos
0x0000000000ba4000 	/System/Library/Frameworks/GSS.framework/Versions/A/GSS
0x0000000000ba4000 	/usr/lib/libresolv.9.dylib
0x0000000000ba4000 	/usr/lib/libiconv.2.dylib
0x0000000000ba4000 	/System/Library/PrivateFrameworks/Heimdal.framework/Versions/A/Heimdal
0x0000000000ba4000 	/usr/lib/libheimdal-asn1.dylib
0x0000000000ba4000 	/System/Library/Frameworks/OpenDirectory.framework/Versions/A/OpenDirectory
0x0000000000ba4000 	/System/Library/PrivateFrameworks/CommonAuth.framework/Versions/A/CommonAuth
0x0000000000ba4000 	/System/Library/Frameworks/OpenDirectory.framework/Versions/A/Frameworks/CFOpenDirectory.framework/Versions/A/CFOpenDirectory
0x0000000000ba4000 	/System/Library/Frameworks/SecurityFoundation.framework/Versions/A/SecurityFoundation
0x0000000000ba4000 	/System/Library/PrivateFrameworks/LanguageModeling.framework/Versions/A/LanguageModeling
0x0000000000ba4000 	/usr/lib/libmarisa.dylib
0x0000000000ba4000 	/usr/lib/libChineseTokenizer.dylib
0x0000000000ba4000 	/usr/lib/libcmph.dylib
0x0000000000ba4000 	/usr/lib/libcompression.dylib
0x0000000000ba4000 	/System/Library/Frameworks/ServiceManagement.framework/Versions/A/ServiceManagement
0x0000000000ba4000 	/usr/lib/libxslt.1.dylib
0x0000000000ba4000 	/System/Library/Frameworks/Carbon.framework/Versions/A/Frameworks/Ink.framework/Versions/A/Ink
0x0000000000ba4000 	/usr/lib/libFosl_dynamic.dylib
0x0000000000ba4000 	/System/Library/PrivateFrameworks/FaceCore.framework/Versions/A/FaceCore
0x0000000000ba4000 	/System/Library/Frameworks/OpenCL.framework/Versions/A/OpenCL
0x0000000000ba4000 	/System/Library/PrivateFrameworks/CrashReporterSupport.framework/Versions/A/CrashReporterSupport
0x0000000000ba4000 	/System/Library/PrivateFrameworks/IconServices.framework/Versions/A/IconServices
0x0000000000ba4000 	/System/Library/PrivateFrameworks/Apple80211.framework/Versions/A/Apple80211
0x0000000000ba4000 	/System/Library/Frameworks/CoreWLAN.framework/Versions/A/CoreWLAN
0x0000000000ba4000 	/System/Library/Frameworks/IOBluetooth.framework/Versions/A/IOBluetooth
0x0000000000ba4000 	/System/Library/PrivateFrameworks/CoreWiFi.framework/Versions/A/CoreWiFi
0x0000000000ba4000 	/System/Library/Frameworks/CoreBluetooth.framework/Versions/A/CoreBluetooth
0x0000000000ba4000 	/System/Library/PrivateFrameworks/ChunkingLibrary.framework/Versions/A/ChunkingLibrary
0x0000000000ba4000 	/System/Library/PrivateFrameworks/DebugSymbols.framework/Versions/A/DebugSymbols
0x0000000000ba4000 	/System/Library/PrivateFrameworks/CoreSymbolication.framework/Versions/A/CoreSymbolication
0x0000000000ba4000 	/System/Library/PrivateFrameworks/Symbolication.framework/Versions/A/Symbolication
0x0000000000ba4000 	/System/Library/PrivateFrameworks/SpeechRecognitionCore.framework/Versions/A/SpeechRecognitionCore
0x000000010bb3a000 	/Library/Java/JavaVirtualMachines/jdk1.8.0_45.jdk/Contents/Home/jre/lib/server/libjvm.dylib
0x0000000000ba4000 	/usr/lib/libstdc++.6.dylib
0x000000010caa3000 	/Library/Java/JavaVirtualMachines/jdk1.8.0_45.jdk/Contents/Home/jre/lib/libverify.dylib
0x000000010cab1000 	/Library/Java/JavaVirtualMachines/jdk1.8.0_45.jdk/Contents/Home/jre/lib/libjava.dylib
0x000000010caf4000 	/Library/Java/JavaVirtualMachines/jdk1.8.0_45.jdk/Contents/Home/jre/lib/libzip.dylib
0x0000000122c66000 	/System/Library/Frameworks/JavaVM.framework/Frameworks/JavaRuntimeSupport.framework/JavaRuntimeSupport
0x0000000122c81000 	/System/Library/Frameworks/JavaVM.framework/Versions/A/Frameworks/JavaNativeFoundation.framework/Versions/A/JavaNativeFoundation
0x0000000122c96000 	/System/Library/Frameworks/JavaVM.framework/Versions/A/JavaVM
0x0000000000ba4000 	/System/Library/Frameworks/Carbon.framework/Versions/A/Carbon
0x0000000122ca3000 	/System/Library/PrivateFrameworks/JavaLaunching.framework/Versions/A/JavaLaunching
0x0000000000ba4000 	/System/Library/Frameworks/Carbon.framework/Versions/A/Frameworks/CommonPanels.framework/Versions/A/CommonPanels
0x0000000000ba4000 	/System/Library/Frameworks/Carbon.framework/Versions/A/Frameworks/Help.framework/Versions/A/Help
0x0000000000ba4000 	/System/Library/Frameworks/Carbon.framework/Versions/A/Frameworks/ImageCapture.framework/Versions/A/ImageCapture
0x0000000000ba4000 	/System/Library/Frameworks/Carbon.framework/Versions/A/Frameworks/OpenScripting.framework/Versions/A/OpenScripting
0x0000000000ba4000 	/System/Library/Frameworks/Carbon.framework/Versions/A/Frameworks/Print.framework/Versions/A/Print
0x0000000000ba4000 	/System/Library/Frameworks/Carbon.framework/Versions/A/Frameworks/SecurityHI.framework/Versions/A/SecurityHI
0x00000001245fc000 	/Applications/IntelliJ IDEA.app/Contents/bin/libbreakgen64.jnilib
0x0000000124601000 	/Library/Java/JavaVirtualMachines/jdk1.8.0_45.jdk/Contents/Home/jre/lib/libnet.dylib
0x00000001249ae000 	/Library/Frameworks/R.framework/Versions/3.2/Resources/library/rJava/jri/libjri.jnilib
0x00000001249ba000 	/Library/Frameworks/R.framework/Versions/3.2/Resources/lib/libR.dylib
0x0000000124dd1000 	/usr/lib/libpcre.0.dylib
0x0000000124e05000 	/Library/Frameworks/R.framework/Versions/3.2/Resources/lib/libRblas.dylib
0x0000000124e35000 	/Library/Frameworks/R.framework/Versions/3.2/Resources/lib/libgfortran.3.dylib
0x0000000124fa0000 	/Library/Frameworks/R.framework/Versions/3.2/Resources/lib/libquadmath.0.dylib
0x0000000124fe1000 	/Library/Frameworks/R.framework/Versions/3.2/Resources/lib/libreadline.5.2.dylib
0x000000012501f000 	/Library/Frameworks/R.framework/Versions/3.2/Resources/lib/libgcc_s_x86_64.1.dylib
0x0000000000ba4000 	/usr/lib/libncurses.5.4.dylib
0x000000012540c000 	/Library/Frameworks/R.framework/Versions/3.2/Resources/library/utils/libs/utils.so
0x000000012541b000 	/Library/Frameworks/R.framework/Versions/3.2/Resources/library/methods/libs/methods.so
0x00000001257aa000 	/Library/Frameworks/R.framework/Versions/3.2/Resources/library/grDevices/libs/grDevices.so
0x00000001257f7000 	/Library/Frameworks/R.framework/Versions/3.2/Resources/library/graphics/libs/graphics.so
0x0000000125840000 	/Library/Frameworks/R.framework/Versions/3.2/Resources/library/stats/libs/stats.so
0x00000001258fb000 	/Library/Frameworks/R.framework/Versions/3.2/Resources/lib/libRlapack.dylib
0x00000001247fb000 	/Library/Java/JavaVirtualMachines/jdk1.8.0_45.jdk/Contents/Home/jre/lib/libnio.dylib
0x000000012636c000 	/Library/Frameworks/R.framework/Versions/3.2/Resources/library/igraph/libs/igraph.so

VM Arguments:
jvm_args: -Xmx2048m -ea -Djava.library.path=/Library/Frameworks/R.framework/Resources/library/rJava/jri/ -Didea.launcher.port=7539 -Didea.launcher.bin.path=/Applications/IntelliJ IDEA.app/Contents/bin -Didea.junit.sm_runner -Dfile.encoding=UTF-8 
java_command: com.intellij.rt.execution.application.AppMain com.intellij.rt.execution.junit.JUnitStarter -ideVersion5 de.fosd.jdime.testJDimeCpp.testGroundTruthByIfdef
java_class_path (initial): /Applications/IntelliJ IDEA.app/Contents/lib/idea_rt.jar:/Applications/IntelliJ IDEA.app/Contents/plugins/junit/lib/junit-rt.jar:/Library/Java/JavaVirtualMachines/jdk1.8.0_45.jdk/Contents/Home/lib/ant-javafx.jar:/Library/Java/JavaVirtualMachines/jdk1.8.0_45.jdk/Contents/Home/lib/dt.jar:/Library/Java/JavaVirtualMachines/jdk1.8.0_45.jdk/Contents/Home/lib/javafx-mx.jar:/Library/Java/JavaVirtualMachines/jdk1.8.0_45.jdk/Contents/Home/lib/jconsole.jar:/Library/Java/JavaVirtualMachines/jdk1.8.0_45.jdk/Contents/Home/lib/packager.jar:/Library/Java/JavaVirtualMachines/jdk1.8.0_45.jdk/Contents/Home/lib/sa-jdi.jar:/Library/Java/JavaVirtualMachines/jdk1.8.0_45.jdk/Contents/Home/lib/tools.jar:/Library/Java/JavaVirtualMachines/jdk1.8.0_45.jdk/Contents/Home/jre/lib/charsets.jar:/Library/Java/JavaVirtualMachines/jdk1.8.0_45.jdk/Contents/Home/jre/lib/deploy.jar:/Library/Java/JavaVirtualMachines/jdk1.8.0_45.jdk/Contents/Home/jre/lib/javaws.jar:/Library/Java/JavaVirtualMachines/jdk1.8.0_45.jdk/Contents/Home/jre/lib/jce.jar:/Library/Java/JavaVirtualMachines/jdk1.8.0_45.jdk/Contents/Home/jre/lib/jfr.jar:/Library/Java/JavaVirtualMachines/jdk1.8.0_45.jdk/Contents/Home/jre/lib/jfxswt.jar:/Library/Java/JavaVirtualMachines/jdk1.8.0_45.jdk/Contents/Home/jre/lib/jsse.jar:/Library/Java/JavaVirtualMachines/jdk1.8.0_45.jdk/Contents/Home/jre/lib/management-agent.jar:/Library/Java/JavaVirtualMachines/jdk1.8.0_45.jdk/Contents/Home/jre/lib/plugin.jar:/Library/Java/JavaVirtualMachines/jdk1.8.0_45.jdk/Contents/Home/jre/lib/resources.jar:/Library/Java/JavaVirtualMachines/jdk1.8.0_45.jdk/Contents/Home/jre/lib/rt.jar:/Library/Java/JavaVirtualMachines/jdk1.8.0_45.jdk/Contents/Home/jre/lib/ext/cldrdata.jar:/Library/Java/JavaVirtualMachines/jdk1.8.0_45.jdk/Contents/Home/jre/lib/ext/dnsns.jar:/Library/Java/JavaVirtualMachines/jdk1.8.0_45.jdk/Contents/Home/jre/lib/ext/jfxrt.jar:/Library/Java/JavaVirtualMachines/jdk1.8.0_45.jdk/Contents/Home/jre/lib/ext/localedata.jar:/Library/Java/J
Launcher Type: SUN_STANDARD

Environment Variables:
PATH=/usr/bin:/bin:/usr/sbin:/sbin
SHELL=/bin/bash

Signal Handlers:
SIGSEGV: [libjvm.dylib+0x58ef95], sa_mask[0]=11111111011111110111111111111111, sa_flags=SA_ONSTACK|SA_RESTART|SA_SIGINFO
SIGBUS: [libjvm.dylib+0x58ef95], sa_mask[0]=11111111011111110111111111111111, sa_flags=SA_RESTART|SA_SIGINFO
SIGFPE: [libjvm.dylib+0x46c108], sa_mask[0]=11111111011111110111111111111111, sa_flags=SA_RESTART|SA_SIGINFO
SIGPIPE: [libjvm.dylib+0x46c108], sa_mask[0]=11111111011111110111111111111111, sa_flags=SA_RESTART|SA_SIGINFO
SIGXFSZ: [libjvm.dylib+0x46c108], sa_mask[0]=11111111011111110111111111111111, sa_flags=SA_RESTART|SA_SIGINFO
SIGILL: [libjvm.dylib+0x46c108], sa_mask[0]=11111111011111110111111111111111, sa_flags=SA_RESTART|SA_SIGINFO
SIGUSR1: SIG_DFL, sa_mask[0]=00000000000000000000000000000000, sa_flags=none
SIGUSR2: [libjvm.dylib+0x46bc26], sa_mask[0]=00100000000000000000000000000000, sa_flags=SA_RESTART|SA_SIGINFO
SIGHUP: [libjvm.dylib+0x46a1f9], sa_mask[0]=11111111011111110111111111111111, sa_flags=SA_RESTART|SA_SIGINFO
SIGINT: [libjvm.dylib+0x46a1f9], sa_mask[0]=11111111011111110111111111111111, sa_flags=SA_RESTART|SA_SIGINFO
SIGTERM: [libjvm.dylib+0x46a1f9], sa_mask[0]=11111111011111110111111111111111, sa_flags=SA_RESTART|SA_SIGINFO
SIGQUIT: [libjvm.dylib+0x46a1f9], sa_mask[0]=11111111011111110111111111111111, sa_flags=SA_RESTART|SA_SIGINFO


---------------  S Y S T E M  ---------------

OS:Bsduname:Darwin 15.2.0 Darwin Kernel Version 15.2.0: Fri Nov 13 19:56:56 PST 2015; root:xnu-3248.20.55~2/RELEASE_X86_64 x86_64
rlimit: STACK 8192k, CORE 0k, NPROC 709, NOFILE 10240, AS infinity
load average:3.72 3.61 3.52

CPU:total 4 (2 cores per cpu, 2 threads per core) family 6 model 61 stepping 4, cmov, cx8, fxsr, mmx, sse, sse2, sse3, ssse3, sse4.1, sse4.2, popcnt, avx, avx2, aes, clmul, erms, 3dnowpref, lzcnt, ht, tsc, tscinvbit, bmi1, bmi2, adx

Memory: 4k page, physical 8388608k(286860k free)

/proc/meminfo:


vm_info: Java HotSpot(TM) 64-Bit Server VM (25.45-b02) for bsd-amd64 JRE (1.8.0_45-b14), built on Apr 10 2015 10:46:38 by "java_re" with gcc 4.2.1 (Based on Apple Inc. build 5658) (LLVM build 2336.11.00)

time: Wed Apr  6 16:41:32 2016
elapsed time: 100 seconds (0d 0h 1m 40s)

